<?xml version="1.0" encoding="UTF-8"?>
<testsuites name="testCLoud" time="4540.995" tests="40" failures="6" errors="0">
   <testsuite name="testCLoud" tests="40" failures="6" errors="0" time="4540.995" skipped="0" timestamp="2022-11-28 17:17:55" hostname="admin - 192.168.0.13" id="Test Suites/testCLoud">
      <properties>
[...]
</properties>
      <testcase name="Test Cases/Mouse_over/Mouse_over" time="84.934" classname="Test Cases/Mouse_over/Mouse_over" status="FAILED">
         <failure type="FAILED" message="Test Cases/Mouse_over/Mouse_over FAILED.
Reason:
com.kms.katalon.core.exception.StepFailedException: Unable to move mouse over object 'Object Repository/Mouse_over/Woman'
	at com.kms.katalon.core.webui.keyword.internal.WebUIKeywordMain.stepFailed(WebUIKeywordMain.groovy:64)
	at com.kms.katalon.core.webui.keyword.internal.WebUIKeywordMain.runKeyword(WebUIKeywordMain.groovy:26)
	at com.kms.katalon.core.webui.keyword.builtin.MouseOverKeyword.mouseOver(MouseOverKeyword.groovy:66)
	at com.kms.katalon.core.webui.keyword.builtin.MouseOverKeyword.execute(MouseOverKeyword.groovy:40)
	at com.kms.katalon.core.keyword.internal.KeywordExecutor.executeKeywordForPlatform(KeywordExecutor.groovy:74)
	at com.kms.katalon.core.webui.keyword.WebUiBuiltInKeywords.mouseOver(WebUiBuiltInKeywords.groovy:806)
	at com.kms.katalon.core.webui.keyword.WebUiBuiltInKeywords$mouseOver$3.call(Unknown Source)
	at Mouse_over.run(Mouse_over:28)
	at com.kms.katalon.core.main.ScriptEngine.run(ScriptEngine.java:194)
	at com.kms.katalon.core.main.ScriptEngine.runScriptAsRawText(ScriptEngine.java:119)
	at com.kms.katalon.core.main.TestCaseExecutor.runScript(TestCaseExecutor.java:448)
	at com.kms.katalon.core.main.TestCaseExecutor.doExecute(TestCaseExecutor.java:439)
	at com.kms.katalon.core.main.TestCaseExecutor.processExecutionPhase(TestCaseExecutor.java:418)
	at com.kms.katalon.core.main.TestCaseExecutor.accessMainPhase(TestCaseExecutor.java:410)
	at com.kms.katalon.core.main.TestCaseExecutor.execute(TestCaseExecutor.java:285)
	at com.kms.katalon.core.main.TestCaseExecutor.execute(TestCaseExecutor.java:369)
	at com.kms.katalon.core.main.TestCaseExecutor.execute(TestCaseExecutor.java:369)
	at com.kms.katalon.core.main.TestCaseExecutor.execute(TestCaseExecutor.java:369)
	at com.kms.katalon.core.common.CommonExecutor.accessTestCaseMainPhase(CommonExecutor.java:65)
	at com.kms.katalon.core.main.TestSuiteExecutor.accessTestSuiteMainPhase(TestSuiteExecutor.java:151)
	at com.kms.katalon.core.main.TestSuiteExecutor.execute(TestSuiteExecutor.java:106)
	at com.kms.katalon.core.main.TestCaseMain.startTestSuite(TestCaseMain.java:185)
	at com.kms.katalon.core.main.TestCaseMain$startTestSuite$0.call(Unknown Source)
	at TempTestSuite1669666656854.run(TempTestSuite1669666656854.groovy:36)
Caused by: com.kms.katalon.core.webui.exception.WebElementNotFoundException: Web element with id: 'Object Repository/Mouse_over/Woman' located by '//a[contains(@title,'Women')]' not found
	at com.kms.katalon.core.webui.common.WebUiCommonHelper.findWebElement(WebUiCommonHelper.java:1370)
	at com.kms.katalon.core.webui.keyword.internal.WebUIAbstractKeyword.findWebElement(WebUIAbstractKeyword.groovy:27)
	at com.kms.katalon.core.webui.keyword.internal.WebUIAbstractKeyword.findWebElement(WebUIAbstractKeyword.groovy:26)
	at com.kms.katalon.core.webui.keyword.builtin.MouseOverKeyword$_mouseOver_closure1.doCall(MouseOverKeyword.groovy:54)
	at com.kms.katalon.core.webui.keyword.builtin.MouseOverKeyword$_mouseOver_closure1.call(MouseOverKeyword.groovy)
	at com.kms.katalon.core.webui.keyword.internal.WebUIKeywordMain.runKeyword(WebUIKeywordMain.groovy:20)
	... 22 more
"/>
         <system-out><![CDATA[2022-11-28 17:21:40 - [TEST_CASE][FAILED] - Test Cases/Mouse_over/Mouse_over: Test Cases/Mouse_over/Mouse_over FAILED.
Reason:
com.kms.katalon.core.exception.StepFailedException: Unable to move mouse over object 'Object Repository/Mouse_over/Woman'
	at com.kms.katalon.core.webui.keyword.internal.WebUIKeywordMain.stepFailed(WebUIKeywordMain.groovy:64)
	at com.kms.katalon.core.webui.keyword.internal.WebUIKeywordMain.runKeyword(WebUIKeywordMain.groovy:26)
	at com.kms.katalon.core.webui.keyword.builtin.MouseOverKeyword.mouseOver(MouseOverKeyword.groovy:66)
	at com.kms.katalon.core.webui.keyword.builtin.MouseOverKeyword.execute(MouseOverKeyword.groovy:40)
	at com.kms.katalon.core.keyword.internal.KeywordExecutor.executeKeywordForPlatform(KeywordExecutor.groovy:74)
	at com.kms.katalon.core.webui.keyword.WebUiBuiltInKeywords.mouseOver(WebUiBuiltInKeywords.groovy:806)
	at com.kms.katalon.core.webui.keyword.WebUiBuiltInKeywords$mouseOver$3.call(Unknown Source)
	at Mouse_over.run(Mouse_over:28)
	at com.kms.katalon.core.main.ScriptEngine.run(ScriptEngine.java:194)
	at com.kms.katalon.core.main.ScriptEngine.runScriptAsRawText(ScriptEngine.java:119)
	at com.kms.katalon.core.main.TestCaseExecutor.runScript(TestCaseExecutor.java:448)
	at com.kms.katalon.core.main.TestCaseExecutor.doExecute(TestCaseExecutor.java:439)
	at com.kms.katalon.core.main.TestCaseExecutor.processExecutionPhase(TestCaseExecutor.java:418)
	at com.kms.katalon.core.main.TestCaseExecutor.accessMainPhase(TestCaseExecutor.java:410)
	at com.kms.katalon.core.main.TestCaseExecutor.execute(TestCaseExecutor.java:285)
	at com.kms.katalon.core.main.TestCaseExecutor.execute(TestCaseExecutor.java:369)
	at com.kms.katalon.core.main.TestCaseExecutor.execute(TestCaseExecutor.java:369)
	at com.kms.katalon.core.main.TestCaseExecutor.execute(TestCaseExecutor.java:369)
	at com.kms.katalon.core.common.CommonExecutor.accessTestCaseMainPhase(CommonExecutor.java:65)
	at com.kms.katalon.core.main.TestSuiteExecutor.accessTestSuiteMainPhase(TestSuiteExecutor.java:151)
	at com.kms.katalon.core.main.TestSuiteExecutor.execute(TestSuiteExecutor.java:106)
	at com.kms.katalon.core.main.TestCaseMain.startTestSuite(TestCaseMain.java:185)
	at com.kms.katalon.core.main.TestCaseMain$startTestSuite$0.call(Unknown Source)
	at TempTestSuite1669666656854.run(TempTestSuite1669666656854.groovy:36)
Caused by: com.kms.katalon.core.webui.exception.WebElementNotFoundException: Web element with id: 'Object Repository/Mouse_over/Woman' located by '//a[contains(@title,'Women')]' not found
	at com.kms.katalon.core.webui.common.WebUiCommonHelper.findWebElement(WebUiCommonHelper.java:1370)
	at com.kms.katalon.core.webui.keyword.internal.WebUIAbstractKeyword.findWebElement(WebUIAbstractKeyword.groovy:27)
	at com.kms.katalon.core.webui.keyword.internal.WebUIAbstractKeyword.findWebElement(WebUIAbstractKeyword.groovy:26)
	at com.kms.katalon.core.webui.keyword.builtin.MouseOverKeyword$_mouseOver_closure1.doCall(MouseOverKeyword.groovy:54)
	at com.kms.katalon.core.webui.keyword.builtin.MouseOverKeyword$_mouseOver_closure1.call(MouseOverKeyword.groovy)
	at com.kms.katalon.core.webui.keyword.internal.WebUIKeywordMain.runKeyword(WebUIKeywordMain.groovy:20)
	... 22 more


2022-11-28 17:21:40 - [TEST_STEP][PASSED] - openBrowser(""): Browser is opened with url: ''

2022-11-28 17:21:41 - [MESSAGE][WARNING] - A browser is already opened. Closing browser and opening a new one

2022-11-28 17:21:43 - [MESSAGE][INFO] - User set preference: ['os', 'windows']

2022-11-28 17:21:43 - [MESSAGE][INFO] - User set preference: ['browserName', 'chrome']

2022-11-28 17:21:43 - [MESSAGE][INFO] - User set preference: ['browserVersion', '103']

2022-11-28 17:21:43 - [MESSAGE][INFO] - User set preference: ['katalon:option', '{organizationId=987205, tunnelId=, usingTunnel=false}']

2022-11-28 17:21:43 - [MESSAGE][INFO] - Connecting to remote web server 'testcloud.katalon.com/hub' with type 'Selenium'

2022-11-28 17:21:43 - [MESSAGE][INFO] - Action delay is set to 0 milliseconds

2022-11-28 17:22:46 - [MESSAGE][PASSED] - Browser is opened with url: ''

2022-11-28 17:22:46 - [TEST_STEP][PASSED] - navigateToUrl("http://automationpractice.com/index.php"): Navigate to 'http://automationpractice.com/index.php' successfully

2022-11-28 17:22:48 - [MESSAGE][PASSED] - Navigate to 'http://automationpractice.com/index.php' successfully

2022-11-28 17:22:48 - [TEST_STEP][PASSED] - waitForPageLoad(40): Wait for page load successfully

2022-11-28 17:22:49 - [MESSAGE][PASSED] - Wait for page load successfully

2022-11-28 17:22:49 - [TEST_STEP][PASSED] - maximizeWindow(): Current window maximized

2022-11-28 17:22:49 - [MESSAGE][PASSED] - Current window maximized

2022-11-28 17:22:49 - [TEST_STEP][FAILED] - mouseOver(findTestObject("Mouse_over/Woman")): Unable to move mouse over object 'Object Repository/Mouse_over/Woman' (Root cause: com.kms.katalon.core.exception.StepFailedException: Unable to move mouse over object 'Object Repository/Mouse_over/Woman'
	at com.kms.katalon.core.webui.keyword.internal.WebUIKeywordMain.stepFailed(WebUIKeywordMain.groovy:64)
	at com.kms.katalon.core.webui.keyword.internal.WebUIKeywordMain.runKeyword(WebUIKeywordMain.groovy:26)
	at com.kms.katalon.core.webui.keyword.builtin.MouseOverKeyword.mouseOver(MouseOverKeyword.groovy:66)
	at com.kms.katalon.core.webui.keyword.builtin.MouseOverKeyword.execute(MouseOverKeyword.groovy:40)
	at com.kms.katalon.core.keyword.internal.KeywordExecutor.executeKeywordForPlatform(KeywordExecutor.groovy:74)
	at com.kms.katalon.core.webui.keyword.WebUiBuiltInKeywords.mouseOver(WebUiBuiltInKeywords.groovy:806)
	at com.kms.katalon.core.webui.keyword.WebUiBuiltInKeywords$mouseOver$3.call(Unknown Source)
	at Mouse_over.run(Mouse_over:28)
	at com.kms.katalon.core.main.ScriptEngine.run(ScriptEngine.java:194)
	at com.kms.katalon.core.main.ScriptEngine.runScriptAsRawText(ScriptEngine.java:119)
	at com.kms.katalon.core.main.TestCaseExecutor.runScript(TestCaseExecutor.java:448)
	at com.kms.katalon.core.main.TestCaseExecutor.doExecute(TestCaseExecutor.java:439)
	at com.kms.katalon.core.main.TestCaseExecutor.processExecutionPhase(TestCaseExecutor.java:418)
	at com.kms.katalon.core.main.TestCaseExecutor.accessMainPhase(TestCaseExecutor.java:410)
	at com.kms.katalon.core.main.TestCaseExecutor.execute(TestCaseExecutor.java:285)
	at com.kms.katalon.core.main.TestCaseExecutor.execute(TestCaseExecutor.java:369)
	at com.kms.katalon.core.main.TestCaseExecutor.execute(TestCaseExecutor.java:369)
	at com.kms.katalon.core.main.TestCaseExecutor.execute(TestCaseExecutor.java:369)
	at com.kms.katalon.core.common.CommonExecutor.accessTestCaseMainPhase(CommonExecutor.java:65)
	at com.kms.katalon.core.main.TestSuiteExecutor.accessTestSuiteMainPhase(TestSuiteExecutor.java:151)
	at com.kms.katalon.core.main.TestSuiteExecutor.execute(TestSuiteExecutor.java:106)
	at com.kms.katalon.core.main.TestCaseMain.startTestSuite(TestCaseMain.java:185)
	at com.kms.katalon.core.main.TestCaseMain$startTestSuite$0.call(Unknown Source)
	at TempTestSuite1669666656854.run(TempTestSuite1669666656854.groovy:36)
Caused by: com.kms.katalon.core.webui.exception.WebElementNotFoundException: Web element with id: 'Object Repository/Mouse_over/Woman' located by '//a[contains(@title,'Women')]' not found
	at com.kms.katalon.core.webui.common.WebUiCommonHelper.findWebElement(WebUiCommonHelper.java:1370)
	at com.kms.katalon.core.webui.keyword.internal.WebUIAbstractKeyword.findWebElement(WebUIAbstractKeyword.groovy:27)
	at com.kms.katalon.core.webui.keyword.internal.WebUIAbstractKeyword.findWebElement(WebUIAbstractKeyword.groovy:26)
	at com.kms.katalon.core.webui.keyword.builtin.MouseOverKeyword$_mouseOver_closure1.doCall(MouseOverKeyword.groovy:54)
	at com.kms.katalon.core.webui.keyword.builtin.MouseOverKeyword$_mouseOver_closure1.call(MouseOverKeyword.groovy)
	at com.kms.katalon.core.webui.keyword.internal.WebUIKeywordMain.runKeyword(WebUIKeywordMain.groovy:20)
	at com.kms.katalon.core.webui.keyword.builtin.MouseOverKeyword.mouseOver(MouseOverKeyword.groovy:66)
	at com.kms.katalon.core.webui.keyword.builtin.MouseOverKeyword.execute(MouseOverKeyword.groovy:40)
	at com.kms.katalon.core.keyword.internal.KeywordExecutor.executeKeywordForPlatform(KeywordExecutor.groovy:74)
	at com.kms.katalon.core.webui.keyword.WebUiBuiltInKeywords.mouseOver(WebUiBuiltInKeywords.groovy:806)
	at com.kms.katalon.core.webui.keyword.WebUiBuiltInKeywords$mouseOver$3.call(Unknown Source)
	at Script1626727496481.run(Script1626727496481.groovy:28)
	... 16 more
)

2022-11-28 17:22:56 - [MESSAGE][INFO] - Unable to find the element located by 'By.xpath: //a[contains(@title,'Women')]'. Please recheck the objects properties to make sure the desired element is located. 

2022-11-28 17:22:56 - [MESSAGE][WARNING] - [SELF-HEALING] Failed to find element with id 'Object Repository/Mouse_over/Woman'. Try using Self-healing.

2022-11-28 17:22:57 - [MESSAGE][INFO] - [SELF-HEALING] No working XPath is found.

2022-11-28 17:23:01 - [MESSAGE][INFO] - Unable to find the element located by 'By.xpath: '. Please recheck the objects properties to make sure the desired element is located. 

2022-11-28 17:23:01 - [MESSAGE][WARNING] - [SELF-HEALING] Cannot find elements when the selector is null

2022-11-28 17:23:05 - [MESSAGE][FAILED] - Unable to move mouse over object 'Object Repository/Mouse_over/Woman' (Root cause: com.kms.katalon.core.exception.StepFailedException: Unable to move mouse over object 'Object Repository/Mouse_over/Woman'
	at com.kms.katalon.core.webui.keyword.internal.WebUIKeywordMain.stepFailed(WebUIKeywordMain.groovy:64)
	at com.kms.katalon.core.webui.keyword.internal.WebUIKeywordMain.runKeyword(WebUIKeywordMain.groovy:26)
	at com.kms.katalon.core.webui.keyword.builtin.MouseOverKeyword.mouseOver(MouseOverKeyword.groovy:66)
	at com.kms.katalon.core.webui.keyword.builtin.MouseOverKeyword.execute(MouseOverKeyword.groovy:40)
	at com.kms.katalon.core.keyword.internal.KeywordExecutor.executeKeywordForPlatform(KeywordExecutor.groovy:74)
	at com.kms.katalon.core.webui.keyword.WebUiBuiltInKeywords.mouseOver(WebUiBuiltInKeywords.groovy:806)
	at com.kms.katalon.core.webui.keyword.WebUiBuiltInKeywords$mouseOver$3.call(Unknown Source)
	at Mouse_over.run(Mouse_over:28)
	at com.kms.katalon.core.main.ScriptEngine.run(ScriptEngine.java:194)
	at com.kms.katalon.core.main.ScriptEngine.runScriptAsRawText(ScriptEngine.java:119)
	at com.kms.katalon.core.main.TestCaseExecutor.runScript(TestCaseExecutor.java:448)
	at com.kms.katalon.core.main.TestCaseExecutor.doExecute(TestCaseExecutor.java:439)
	at com.kms.katalon.core.main.TestCaseExecutor.processExecutionPhase(TestCaseExecutor.java:418)
	at com.kms.katalon.core.main.TestCaseExecutor.accessMainPhase(TestCaseExecutor.java:410)
	at com.kms.katalon.core.main.TestCaseExecutor.execute(TestCaseExecutor.java:285)
	at com.kms.katalon.core.main.TestCaseExecutor.execute(TestCaseExecutor.java:369)
	at com.kms.katalon.core.main.TestCaseExecutor.execute(TestCaseExecutor.java:369)
	at com.kms.katalon.core.main.TestCaseExecutor.execute(TestCaseExecutor.java:369)
	at com.kms.katalon.core.common.CommonExecutor.accessTestCaseMainPhase(CommonExecutor.java:65)
	at com.kms.katalon.core.main.TestSuiteExecutor.accessTestSuiteMainPhase(TestSuiteExecutor.java:151)
	at com.kms.katalon.core.main.TestSuiteExecutor.execute(TestSuiteExecutor.java:106)
	at com.kms.katalon.core.main.TestCaseMain.startTestSuite(TestCaseMain.java:185)
	at com.kms.katalon.core.main.TestCaseMain$startTestSuite$0.call(Unknown Source)
	at TempTestSuite1669666656854.run(TempTestSuite1669666656854.groovy:36)
Caused by: com.kms.katalon.core.webui.exception.WebElementNotFoundException: Web element with id: 'Object Repository/Mouse_over/Woman' located by '//a[contains(@title,'Women')]' not found
	at com.kms.katalon.core.webui.common.WebUiCommonHelper.findWebElement(WebUiCommonHelper.java:1370)
	at com.kms.katalon.core.webui.keyword.internal.WebUIAbstractKeyword.findWebElement(WebUIAbstractKeyword.groovy:27)
	at com.kms.katalon.core.webui.keyword.internal.WebUIAbstractKeyword.findWebElement(WebUIAbstractKeyword.groovy:26)
	at com.kms.katalon.core.webui.keyword.builtin.MouseOverKeyword$_mouseOver_closure1.doCall(MouseOverKeyword.groovy:54)
	at com.kms.katalon.core.webui.keyword.builtin.MouseOverKeyword$_mouseOver_closure1.call(MouseOverKeyword.groovy)
	at com.kms.katalon.core.webui.keyword.internal.WebUIKeywordMain.runKeyword(WebUIKeywordMain.groovy:20)
	at com.kms.katalon.core.webui.keyword.builtin.MouseOverKeyword.mouseOver(MouseOverKeyword.groovy:66)
	at com.kms.katalon.core.webui.keyword.builtin.MouseOverKeyword.execute(MouseOverKeyword.groovy:40)
	at com.kms.katalon.core.keyword.internal.KeywordExecutor.executeKeywordForPlatform(KeywordExecutor.groovy:74)
	at com.kms.katalon.core.webui.keyword.WebUiBuiltInKeywords.mouseOver(WebUiBuiltInKeywords.groovy:806)
	at com.kms.katalon.core.webui.keyword.WebUiBuiltInKeywords$mouseOver$3.call(Unknown Source)
	at Script1626727496481.run(Script1626727496481.groovy:28)
	... 16 more
)
[[ATTACHMENT|C:\\Users\\admin\\git\\KatalonCertificacion\\Reports\\20221128_171736\\testCLoud\\20221128_171736\\1669666981836.png]]]]></system-out>
         <system-err><![CDATA[2022-11-28 17:21:40 - [TEST_CASE][FAILED] - Test Cases/Mouse_over/Mouse_over: Test Cases/Mouse_over/Mouse_over FAILED.
Reason:
com.kms.katalon.core.exception.StepFailedException: Unable to move mouse over object 'Object Repository/Mouse_over/Woman'
	at com.kms.katalon.core.webui.keyword.internal.WebUIKeywordMain.stepFailed(WebUIKeywordMain.groovy:64)
	at com.kms.katalon.core.webui.keyword.internal.WebUIKeywordMain.runKeyword(WebUIKeywordMain.groovy:26)
	at com.kms.katalon.core.webui.keyword.builtin.MouseOverKeyword.mouseOver(MouseOverKeyword.groovy:66)
	at com.kms.katalon.core.webui.keyword.builtin.MouseOverKeyword.execute(MouseOverKeyword.groovy:40)
	at com.kms.katalon.core.keyword.internal.KeywordExecutor.executeKeywordForPlatform(KeywordExecutor.groovy:74)
	at com.kms.katalon.core.webui.keyword.WebUiBuiltInKeywords.mouseOver(WebUiBuiltInKeywords.groovy:806)
	at com.kms.katalon.core.webui.keyword.WebUiBuiltInKeywords$mouseOver$3.call(Unknown Source)
	at Mouse_over.run(Mouse_over:28)
	at com.kms.katalon.core.main.ScriptEngine.run(ScriptEngine.java:194)
	at com.kms.katalon.core.main.ScriptEngine.runScriptAsRawText(ScriptEngine.java:119)
	at com.kms.katalon.core.main.TestCaseExecutor.runScript(TestCaseExecutor.java:448)
	at com.kms.katalon.core.main.TestCaseExecutor.doExecute(TestCaseExecutor.java:439)
	at com.kms.katalon.core.main.TestCaseExecutor.processExecutionPhase(TestCaseExecutor.java:418)
	at com.kms.katalon.core.main.TestCaseExecutor.accessMainPhase(TestCaseExecutor.java:410)
	at com.kms.katalon.core.main.TestCaseExecutor.execute(TestCaseExecutor.java:285)
	at com.kms.katalon.core.main.TestCaseExecutor.execute(TestCaseExecutor.java:369)
	at com.kms.katalon.core.main.TestCaseExecutor.execute(TestCaseExecutor.java:369)
	at com.kms.katalon.core.main.TestCaseExecutor.execute(TestCaseExecutor.java:369)
	at com.kms.katalon.core.common.CommonExecutor.accessTestCaseMainPhase(CommonExecutor.java:65)
	at com.kms.katalon.core.main.TestSuiteExecutor.accessTestSuiteMainPhase(TestSuiteExecutor.java:151)
	at com.kms.katalon.core.main.TestSuiteExecutor.execute(TestSuiteExecutor.java:106)
	at com.kms.katalon.core.main.TestCaseMain.startTestSuite(TestCaseMain.java:185)
	at com.kms.katalon.core.main.TestCaseMain$startTestSuite$0.call(Unknown Source)
	at TempTestSuite1669666656854.run(TempTestSuite1669666656854.groovy:36)
Caused by: com.kms.katalon.core.webui.exception.WebElementNotFoundException: Web element with id: 'Object Repository/Mouse_over/Woman' located by '//a[contains(@title,'Women')]' not found
	at com.kms.katalon.core.webui.common.WebUiCommonHelper.findWebElement(WebUiCommonHelper.java:1370)
	at com.kms.katalon.core.webui.keyword.internal.WebUIAbstractKeyword.findWebElement(WebUIAbstractKeyword.groovy:27)
	at com.kms.katalon.core.webui.keyword.internal.WebUIAbstractKeyword.findWebElement(WebUIAbstractKeyword.groovy:26)
	at com.kms.katalon.core.webui.keyword.builtin.MouseOverKeyword$_mouseOver_closure1.doCall(MouseOverKeyword.groovy:54)
	at com.kms.katalon.core.webui.keyword.builtin.MouseOverKeyword$_mouseOver_closure1.call(MouseOverKeyword.groovy)
	at com.kms.katalon.core.webui.keyword.internal.WebUIKeywordMain.runKeyword(WebUIKeywordMain.groovy:20)
	... 22 more]]></system-err>
      </testcase>
      <testcase name="Test Cases/Mouse_over/Mouse_over2" time="83.853" classname="Test Cases/Mouse_over/Mouse_over2" status="FAILED">
         <failure type="FAILED" message="Test Cases/Mouse_over/Mouse_over2 FAILED.
Reason:
com.kms.katalon.core.exception.StepFailedException: Unable to move mouse over object 'Object Repository/Mouse_over/Woman'
	at com.kms.katalon.core.webui.keyword.internal.WebUIKeywordMain.stepFailed(WebUIKeywordMain.groovy:64)
	at com.kms.katalon.core.webui.keyword.internal.WebUIKeywordMain.runKeyword(WebUIKeywordMain.groovy:26)
	at com.kms.katalon.core.webui.keyword.builtin.MouseOverKeyword.mouseOver(MouseOverKeyword.groovy:66)
	at com.kms.katalon.core.webui.keyword.builtin.MouseOverKeyword.execute(MouseOverKeyword.groovy:40)
	at com.kms.katalon.core.keyword.internal.KeywordExecutor.executeKeywordForPlatform(KeywordExecutor.groovy:74)
	at com.kms.katalon.core.webui.keyword.WebUiBuiltInKeywords.mouseOver(WebUiBuiltInKeywords.groovy:806)
	at com.kms.katalon.core.webui.keyword.WebUiBuiltInKeywords$mouseOver$3.call(Unknown Source)
	at Mouse_over2.run(Mouse_over2:28)
	at com.kms.katalon.core.main.ScriptEngine.run(ScriptEngine.java:194)
	at com.kms.katalon.core.main.ScriptEngine.runScriptAsRawText(ScriptEngine.java:119)
	at com.kms.katalon.core.main.TestCaseExecutor.runScript(TestCaseExecutor.java:448)
	at com.kms.katalon.core.main.TestCaseExecutor.doExecute(TestCaseExecutor.java:439)
	at com.kms.katalon.core.main.TestCaseExecutor.processExecutionPhase(TestCaseExecutor.java:418)
	at com.kms.katalon.core.main.TestCaseExecutor.accessMainPhase(TestCaseExecutor.java:410)
	at com.kms.katalon.core.main.TestCaseExecutor.execute(TestCaseExecutor.java:285)
	at com.kms.katalon.core.main.TestCaseExecutor.execute(TestCaseExecutor.java:369)
	at com.kms.katalon.core.main.TestCaseExecutor.execute(TestCaseExecutor.java:369)
	at com.kms.katalon.core.main.TestCaseExecutor.execute(TestCaseExecutor.java:369)
	at com.kms.katalon.core.common.CommonExecutor.accessTestCaseMainPhase(CommonExecutor.java:65)
	at com.kms.katalon.core.main.TestSuiteExecutor.accessTestSuiteMainPhase(TestSuiteExecutor.java:151)
	at com.kms.katalon.core.main.TestSuiteExecutor.execute(TestSuiteExecutor.java:106)
	at com.kms.katalon.core.main.TestCaseMain.startTestSuite(TestCaseMain.java:185)
	at com.kms.katalon.core.main.TestCaseMain$startTestSuite$0.call(Unknown Source)
	at TempTestSuite1669666656854.run(TempTestSuite1669666656854.groovy:36)
Caused by: com.kms.katalon.core.webui.exception.WebElementNotFoundException: Web element with id: 'Object Repository/Mouse_over/Woman' located by '//a[contains(@title,'Women')]' not found
	at com.kms.katalon.core.webui.common.WebUiCommonHelper.findWebElement(WebUiCommonHelper.java:1370)
	at com.kms.katalon.core.webui.keyword.internal.WebUIAbstractKeyword.findWebElement(WebUIAbstractKeyword.groovy:27)
	at com.kms.katalon.core.webui.keyword.internal.WebUIAbstractKeyword.findWebElement(WebUIAbstractKeyword.groovy:26)
	at com.kms.katalon.core.webui.keyword.builtin.MouseOverKeyword$_mouseOver_closure1.doCall(MouseOverKeyword.groovy:54)
	at com.kms.katalon.core.webui.keyword.builtin.MouseOverKeyword$_mouseOver_closure1.call(MouseOverKeyword.groovy)
	at com.kms.katalon.core.webui.keyword.internal.WebUIKeywordMain.runKeyword(WebUIKeywordMain.groovy:20)
	... 22 more
"/>
         <system-out><![CDATA[2022-11-28 17:27:37 - [TEST_CASE][FAILED] - Test Cases/Mouse_over/Mouse_over2: Test Cases/Mouse_over/Mouse_over2 FAILED.
Reason:
com.kms.katalon.core.exception.StepFailedException: Unable to move mouse over object 'Object Repository/Mouse_over/Woman'
	at com.kms.katalon.core.webui.keyword.internal.WebUIKeywordMain.stepFailed(WebUIKeywordMain.groovy:64)
	at com.kms.katalon.core.webui.keyword.internal.WebUIKeywordMain.runKeyword(WebUIKeywordMain.groovy:26)
	at com.kms.katalon.core.webui.keyword.builtin.MouseOverKeyword.mouseOver(MouseOverKeyword.groovy:66)
	at com.kms.katalon.core.webui.keyword.builtin.MouseOverKeyword.execute(MouseOverKeyword.groovy:40)
	at com.kms.katalon.core.keyword.internal.KeywordExecutor.executeKeywordForPlatform(KeywordExecutor.groovy:74)
	at com.kms.katalon.core.webui.keyword.WebUiBuiltInKeywords.mouseOver(WebUiBuiltInKeywords.groovy:806)
	at com.kms.katalon.core.webui.keyword.WebUiBuiltInKeywords$mouseOver$3.call(Unknown Source)
	at Mouse_over2.run(Mouse_over2:28)
	at com.kms.katalon.core.main.ScriptEngine.run(ScriptEngine.java:194)
	at com.kms.katalon.core.main.ScriptEngine.runScriptAsRawText(ScriptEngine.java:119)
	at com.kms.katalon.core.main.TestCaseExecutor.runScript(TestCaseExecutor.java:448)
	at com.kms.katalon.core.main.TestCaseExecutor.doExecute(TestCaseExecutor.java:439)
	at com.kms.katalon.core.main.TestCaseExecutor.processExecutionPhase(TestCaseExecutor.java:418)
	at com.kms.katalon.core.main.TestCaseExecutor.accessMainPhase(TestCaseExecutor.java:410)
	at com.kms.katalon.core.main.TestCaseExecutor.execute(TestCaseExecutor.java:285)
	at com.kms.katalon.core.main.TestCaseExecutor.execute(TestCaseExecutor.java:369)
	at com.kms.katalon.core.main.TestCaseExecutor.execute(TestCaseExecutor.java:369)
	at com.kms.katalon.core.main.TestCaseExecutor.execute(TestCaseExecutor.java:369)
	at com.kms.katalon.core.common.CommonExecutor.accessTestCaseMainPhase(CommonExecutor.java:65)
	at com.kms.katalon.core.main.TestSuiteExecutor.accessTestSuiteMainPhase(TestSuiteExecutor.java:151)
	at com.kms.katalon.core.main.TestSuiteExecutor.execute(TestSuiteExecutor.java:106)
	at com.kms.katalon.core.main.TestCaseMain.startTestSuite(TestCaseMain.java:185)
	at com.kms.katalon.core.main.TestCaseMain$startTestSuite$0.call(Unknown Source)
	at TempTestSuite1669666656854.run(TempTestSuite1669666656854.groovy:36)
Caused by: com.kms.katalon.core.webui.exception.WebElementNotFoundException: Web element with id: 'Object Repository/Mouse_over/Woman' located by '//a[contains(@title,'Women')]' not found
	at com.kms.katalon.core.webui.common.WebUiCommonHelper.findWebElement(WebUiCommonHelper.java:1370)
	at com.kms.katalon.core.webui.keyword.internal.WebUIAbstractKeyword.findWebElement(WebUIAbstractKeyword.groovy:27)
	at com.kms.katalon.core.webui.keyword.internal.WebUIAbstractKeyword.findWebElement(WebUIAbstractKeyword.groovy:26)
	at com.kms.katalon.core.webui.keyword.builtin.MouseOverKeyword$_mouseOver_closure1.doCall(MouseOverKeyword.groovy:54)
	at com.kms.katalon.core.webui.keyword.builtin.MouseOverKeyword$_mouseOver_closure1.call(MouseOverKeyword.groovy)
	at com.kms.katalon.core.webui.keyword.internal.WebUIKeywordMain.runKeyword(WebUIKeywordMain.groovy:20)
	... 22 more


2022-11-28 17:27:37 - [TEST_STEP][PASSED] - openBrowser(""): Browser is opened with url: ''

2022-11-28 17:27:37 - [MESSAGE][WARNING] - A browser is already opened. Closing browser and opening a new one

2022-11-28 17:27:39 - [MESSAGE][INFO] - User set preference: ['os', 'windows']

2022-11-28 17:27:39 - [MESSAGE][INFO] - User set preference: ['browserName', 'chrome']

2022-11-28 17:27:39 - [MESSAGE][INFO] - User set preference: ['browserVersion', '103']

2022-11-28 17:27:39 - [MESSAGE][INFO] - User set preference: ['katalon:option', '{organizationId=987205, tunnelId=, usingTunnel=false}']

2022-11-28 17:27:39 - [MESSAGE][INFO] - Connecting to remote web server 'testcloud.katalon.com/hub' with type 'Selenium'

2022-11-28 17:27:39 - [MESSAGE][INFO] - Action delay is set to 0 milliseconds

2022-11-28 17:28:38 - [MESSAGE][PASSED] - Browser is opened with url: ''

2022-11-28 17:28:38 - [TEST_STEP][PASSED] - navigateToUrl("http://automationpractice.com/index.php"): Navigate to 'http://automationpractice.com/index.php' successfully

2022-11-28 17:28:41 - [MESSAGE][PASSED] - Navigate to 'http://automationpractice.com/index.php' successfully

2022-11-28 17:28:41 - [TEST_STEP][PASSED] - waitForPageLoad(40): Wait for page load successfully

2022-11-28 17:28:42 - [MESSAGE][PASSED] - Wait for page load successfully

2022-11-28 17:28:42 - [TEST_STEP][PASSED] - maximizeWindow(): Current window maximized

2022-11-28 17:28:43 - [MESSAGE][PASSED] - Current window maximized

2022-11-28 17:28:43 - [TEST_STEP][FAILED] - mouseOver(findTestObject("Mouse_over/Woman")): Unable to move mouse over object 'Object Repository/Mouse_over/Woman' (Root cause: com.kms.katalon.core.exception.StepFailedException: Unable to move mouse over object 'Object Repository/Mouse_over/Woman'
	at com.kms.katalon.core.webui.keyword.internal.WebUIKeywordMain.stepFailed(WebUIKeywordMain.groovy:64)
	at com.kms.katalon.core.webui.keyword.internal.WebUIKeywordMain.runKeyword(WebUIKeywordMain.groovy:26)
	at com.kms.katalon.core.webui.keyword.builtin.MouseOverKeyword.mouseOver(MouseOverKeyword.groovy:66)
	at com.kms.katalon.core.webui.keyword.builtin.MouseOverKeyword.execute(MouseOverKeyword.groovy:40)
	at com.kms.katalon.core.keyword.internal.KeywordExecutor.executeKeywordForPlatform(KeywordExecutor.groovy:74)
	at com.kms.katalon.core.webui.keyword.WebUiBuiltInKeywords.mouseOver(WebUiBuiltInKeywords.groovy:806)
	at com.kms.katalon.core.webui.keyword.WebUiBuiltInKeywords$mouseOver$3.call(Unknown Source)
	at Mouse_over2.run(Mouse_over2:28)
	at com.kms.katalon.core.main.ScriptEngine.run(ScriptEngine.java:194)
	at com.kms.katalon.core.main.ScriptEngine.runScriptAsRawText(ScriptEngine.java:119)
	at com.kms.katalon.core.main.TestCaseExecutor.runScript(TestCaseExecutor.java:448)
	at com.kms.katalon.core.main.TestCaseExecutor.doExecute(TestCaseExecutor.java:439)
	at com.kms.katalon.core.main.TestCaseExecutor.processExecutionPhase(TestCaseExecutor.java:418)
	at com.kms.katalon.core.main.TestCaseExecutor.accessMainPhase(TestCaseExecutor.java:410)
	at com.kms.katalon.core.main.TestCaseExecutor.execute(TestCaseExecutor.java:285)
	at com.kms.katalon.core.main.TestCaseExecutor.execute(TestCaseExecutor.java:369)
	at com.kms.katalon.core.main.TestCaseExecutor.execute(TestCaseExecutor.java:369)
	at com.kms.katalon.core.main.TestCaseExecutor.execute(TestCaseExecutor.java:369)
	at com.kms.katalon.core.common.CommonExecutor.accessTestCaseMainPhase(CommonExecutor.java:65)
	at com.kms.katalon.core.main.TestSuiteExecutor.accessTestSuiteMainPhase(TestSuiteExecutor.java:151)
	at com.kms.katalon.core.main.TestSuiteExecutor.execute(TestSuiteExecutor.java:106)
	at com.kms.katalon.core.main.TestCaseMain.startTestSuite(TestCaseMain.java:185)
	at com.kms.katalon.core.main.TestCaseMain$startTestSuite$0.call(Unknown Source)
	at TempTestSuite1669666656854.run(TempTestSuite1669666656854.groovy:36)
Caused by: com.kms.katalon.core.webui.exception.WebElementNotFoundException: Web element with id: 'Object Repository/Mouse_over/Woman' located by '//a[contains(@title,'Women')]' not found
	at com.kms.katalon.core.webui.common.WebUiCommonHelper.findWebElement(WebUiCommonHelper.java:1370)
	at com.kms.katalon.core.webui.keyword.internal.WebUIAbstractKeyword.findWebElement(WebUIAbstractKeyword.groovy:27)
	at com.kms.katalon.core.webui.keyword.internal.WebUIAbstractKeyword.findWebElement(WebUIAbstractKeyword.groovy:26)
	at com.kms.katalon.core.webui.keyword.builtin.MouseOverKeyword$_mouseOver_closure1.doCall(MouseOverKeyword.groovy:54)
	at com.kms.katalon.core.webui.keyword.builtin.MouseOverKeyword$_mouseOver_closure1.call(MouseOverKeyword.groovy)
	at com.kms.katalon.core.webui.keyword.internal.WebUIKeywordMain.runKeyword(WebUIKeywordMain.groovy:20)
	at com.kms.katalon.core.webui.keyword.builtin.MouseOverKeyword.mouseOver(MouseOverKeyword.groovy:66)
	at com.kms.katalon.core.webui.keyword.builtin.MouseOverKeyword.execute(MouseOverKeyword.groovy:40)
	at com.kms.katalon.core.keyword.internal.KeywordExecutor.executeKeywordForPlatform(KeywordExecutor.groovy:74)
	at com.kms.katalon.core.webui.keyword.WebUiBuiltInKeywords.mouseOver(WebUiBuiltInKeywords.groovy:806)
	at com.kms.katalon.core.webui.keyword.WebUiBuiltInKeywords$mouseOver$3.call(Unknown Source)
	at Script1626727806888.run(Script1626727806888.groovy:28)
	... 16 more
)

2022-11-28 17:28:53 - [MESSAGE][INFO] - Unable to find the element located by 'By.xpath: //a[contains(@title,'Women')]'. Please recheck the objects properties to make sure the desired element is located. 

2022-11-28 17:28:53 - [MESSAGE][WARNING] - [SELF-HEALING] Failed to find element with id 'Object Repository/Mouse_over/Woman'. Try using Self-healing.

2022-11-28 17:28:54 - [MESSAGE][INFO] - [SELF-HEALING] No working XPath is found.

2022-11-28 17:28:57 - [MESSAGE][INFO] - Unable to find the element located by 'By.xpath: '. Please recheck the objects properties to make sure the desired element is located. 

2022-11-28 17:28:57 - [MESSAGE][WARNING] - [SELF-HEALING] Cannot find elements when the selector is null

2022-11-28 17:29:00 - [MESSAGE][FAILED] - Unable to move mouse over object 'Object Repository/Mouse_over/Woman' (Root cause: com.kms.katalon.core.exception.StepFailedException: Unable to move mouse over object 'Object Repository/Mouse_over/Woman'
	at com.kms.katalon.core.webui.keyword.internal.WebUIKeywordMain.stepFailed(WebUIKeywordMain.groovy:64)
	at com.kms.katalon.core.webui.keyword.internal.WebUIKeywordMain.runKeyword(WebUIKeywordMain.groovy:26)
	at com.kms.katalon.core.webui.keyword.builtin.MouseOverKeyword.mouseOver(MouseOverKeyword.groovy:66)
	at com.kms.katalon.core.webui.keyword.builtin.MouseOverKeyword.execute(MouseOverKeyword.groovy:40)
	at com.kms.katalon.core.keyword.internal.KeywordExecutor.executeKeywordForPlatform(KeywordExecutor.groovy:74)
	at com.kms.katalon.core.webui.keyword.WebUiBuiltInKeywords.mouseOver(WebUiBuiltInKeywords.groovy:806)
	at com.kms.katalon.core.webui.keyword.WebUiBuiltInKeywords$mouseOver$3.call(Unknown Source)
	at Mouse_over2.run(Mouse_over2:28)
	at com.kms.katalon.core.main.ScriptEngine.run(ScriptEngine.java:194)
	at com.kms.katalon.core.main.ScriptEngine.runScriptAsRawText(ScriptEngine.java:119)
	at com.kms.katalon.core.main.TestCaseExecutor.runScript(TestCaseExecutor.java:448)
	at com.kms.katalon.core.main.TestCaseExecutor.doExecute(TestCaseExecutor.java:439)
	at com.kms.katalon.core.main.TestCaseExecutor.processExecutionPhase(TestCaseExecutor.java:418)
	at com.kms.katalon.core.main.TestCaseExecutor.accessMainPhase(TestCaseExecutor.java:410)
	at com.kms.katalon.core.main.TestCaseExecutor.execute(TestCaseExecutor.java:285)
	at com.kms.katalon.core.main.TestCaseExecutor.execute(TestCaseExecutor.java:369)
	at com.kms.katalon.core.main.TestCaseExecutor.execute(TestCaseExecutor.java:369)
	at com.kms.katalon.core.main.TestCaseExecutor.execute(TestCaseExecutor.java:369)
	at com.kms.katalon.core.common.CommonExecutor.accessTestCaseMainPhase(CommonExecutor.java:65)
	at com.kms.katalon.core.main.TestSuiteExecutor.accessTestSuiteMainPhase(TestSuiteExecutor.java:151)
	at com.kms.katalon.core.main.TestSuiteExecutor.execute(TestSuiteExecutor.java:106)
	at com.kms.katalon.core.main.TestCaseMain.startTestSuite(TestCaseMain.java:185)
	at com.kms.katalon.core.main.TestCaseMain$startTestSuite$0.call(Unknown Source)
	at TempTestSuite1669666656854.run(TempTestSuite1669666656854.groovy:36)
Caused by: com.kms.katalon.core.webui.exception.WebElementNotFoundException: Web element with id: 'Object Repository/Mouse_over/Woman' located by '//a[contains(@title,'Women')]' not found
	at com.kms.katalon.core.webui.common.WebUiCommonHelper.findWebElement(WebUiCommonHelper.java:1370)
	at com.kms.katalon.core.webui.keyword.internal.WebUIAbstractKeyword.findWebElement(WebUIAbstractKeyword.groovy:27)
	at com.kms.katalon.core.webui.keyword.internal.WebUIAbstractKeyword.findWebElement(WebUIAbstractKeyword.groovy:26)
	at com.kms.katalon.core.webui.keyword.builtin.MouseOverKeyword$_mouseOver_closure1.doCall(MouseOverKeyword.groovy:54)
	at com.kms.katalon.core.webui.keyword.builtin.MouseOverKeyword$_mouseOver_closure1.call(MouseOverKeyword.groovy)
	at com.kms.katalon.core.webui.keyword.internal.WebUIKeywordMain.runKeyword(WebUIKeywordMain.groovy:20)
	at com.kms.katalon.core.webui.keyword.builtin.MouseOverKeyword.mouseOver(MouseOverKeyword.groovy:66)
	at com.kms.katalon.core.webui.keyword.builtin.MouseOverKeyword.execute(MouseOverKeyword.groovy:40)
	at com.kms.katalon.core.keyword.internal.KeywordExecutor.executeKeywordForPlatform(KeywordExecutor.groovy:74)
	at com.kms.katalon.core.webui.keyword.WebUiBuiltInKeywords.mouseOver(WebUiBuiltInKeywords.groovy:806)
	at com.kms.katalon.core.webui.keyword.WebUiBuiltInKeywords$mouseOver$3.call(Unknown Source)
	at Script1626727806888.run(Script1626727806888.groovy:28)
	... 16 more
)
[[ATTACHMENT|C:\\Users\\admin\\git\\KatalonCertificacion\\Reports\\20221128_171736\\testCLoud\\20221128_171736\\1669667337163.png]]]]></system-out>
         <system-err><![CDATA[2022-11-28 17:27:37 - [TEST_CASE][FAILED] - Test Cases/Mouse_over/Mouse_over2: Test Cases/Mouse_over/Mouse_over2 FAILED.
Reason:
com.kms.katalon.core.exception.StepFailedException: Unable to move mouse over object 'Object Repository/Mouse_over/Woman'
	at com.kms.katalon.core.webui.keyword.internal.WebUIKeywordMain.stepFailed(WebUIKeywordMain.groovy:64)
	at com.kms.katalon.core.webui.keyword.internal.WebUIKeywordMain.runKeyword(WebUIKeywordMain.groovy:26)
	at com.kms.katalon.core.webui.keyword.builtin.MouseOverKeyword.mouseOver(MouseOverKeyword.groovy:66)
	at com.kms.katalon.core.webui.keyword.builtin.MouseOverKeyword.execute(MouseOverKeyword.groovy:40)
	at com.kms.katalon.core.keyword.internal.KeywordExecutor.executeKeywordForPlatform(KeywordExecutor.groovy:74)
	at com.kms.katalon.core.webui.keyword.WebUiBuiltInKeywords.mouseOver(WebUiBuiltInKeywords.groovy:806)
	at com.kms.katalon.core.webui.keyword.WebUiBuiltInKeywords$mouseOver$3.call(Unknown Source)
	at Mouse_over2.run(Mouse_over2:28)
	at com.kms.katalon.core.main.ScriptEngine.run(ScriptEngine.java:194)
	at com.kms.katalon.core.main.ScriptEngine.runScriptAsRawText(ScriptEngine.java:119)
	at com.kms.katalon.core.main.TestCaseExecutor.runScript(TestCaseExecutor.java:448)
	at com.kms.katalon.core.main.TestCaseExecutor.doExecute(TestCaseExecutor.java:439)
	at com.kms.katalon.core.main.TestCaseExecutor.processExecutionPhase(TestCaseExecutor.java:418)
	at com.kms.katalon.core.main.TestCaseExecutor.accessMainPhase(TestCaseExecutor.java:410)
	at com.kms.katalon.core.main.TestCaseExecutor.execute(TestCaseExecutor.java:285)
	at com.kms.katalon.core.main.TestCaseExecutor.execute(TestCaseExecutor.java:369)
	at com.kms.katalon.core.main.TestCaseExecutor.execute(TestCaseExecutor.java:369)
	at com.kms.katalon.core.main.TestCaseExecutor.execute(TestCaseExecutor.java:369)
	at com.kms.katalon.core.common.CommonExecutor.accessTestCaseMainPhase(CommonExecutor.java:65)
	at com.kms.katalon.core.main.TestSuiteExecutor.accessTestSuiteMainPhase(TestSuiteExecutor.java:151)
	at com.kms.katalon.core.main.TestSuiteExecutor.execute(TestSuiteExecutor.java:106)
	at com.kms.katalon.core.main.TestCaseMain.startTestSuite(TestCaseMain.java:185)
	at com.kms.katalon.core.main.TestCaseMain$startTestSuite$0.call(Unknown Source)
	at TempTestSuite1669666656854.run(TempTestSuite1669666656854.groovy:36)
Caused by: com.kms.katalon.core.webui.exception.WebElementNotFoundException: Web element with id: 'Object Repository/Mouse_over/Woman' located by '//a[contains(@title,'Women')]' not found
	at com.kms.katalon.core.webui.common.WebUiCommonHelper.findWebElement(WebUiCommonHelper.java:1370)
	at com.kms.katalon.core.webui.keyword.internal.WebUIAbstractKeyword.findWebElement(WebUIAbstractKeyword.groovy:27)
	at com.kms.katalon.core.webui.keyword.internal.WebUIAbstractKeyword.findWebElement(WebUIAbstractKeyword.groovy:26)
	at com.kms.katalon.core.webui.keyword.builtin.MouseOverKeyword$_mouseOver_closure1.doCall(MouseOverKeyword.groovy:54)
	at com.kms.katalon.core.webui.keyword.builtin.MouseOverKeyword$_mouseOver_closure1.call(MouseOverKeyword.groovy)
	at com.kms.katalon.core.webui.keyword.internal.WebUIKeywordMain.runKeyword(WebUIKeywordMain.groovy:20)
	... 22 more]]></system-err>
      </testcase>
      <testcase name="Test Cases/Navegador/Navegador" time="65.697" classname="Test Cases/Navegador/Navegador" status="PASSED">
         <system-out><![CDATA[2022-11-28 17:29:00 - [TEST_CASE][PASSED] - Test Cases/Navegador/Navegador: Test Cases/Navegador/Navegador

2022-11-28 17:29:01 - [TEST_STEP][PASSED] - openBrowser("https://demoqa.com/text-box"): Browser is opened with url: 'https://demoqa.com/text-box'

2022-11-28 17:29:01 - [MESSAGE][WARNING] - A browser is already opened. Closing browser and opening a new one

2022-11-28 17:29:03 - [MESSAGE][INFO] - User set preference: ['os', 'windows']

2022-11-28 17:29:03 - [MESSAGE][INFO] - User set preference: ['browserName', 'chrome']

2022-11-28 17:29:03 - [MESSAGE][INFO] - User set preference: ['browserVersion', '103']

2022-11-28 17:29:03 - [MESSAGE][INFO] - User set preference: ['katalon:option', '{organizationId=987205, tunnelId=, usingTunnel=false}']

2022-11-28 17:29:03 - [MESSAGE][INFO] - Connecting to remote web server 'testcloud.katalon.com/hub' with type 'Selenium'

2022-11-28 17:29:03 - [MESSAGE][INFO] - Action delay is set to 0 milliseconds

2022-11-28 17:30:01 - [MESSAGE][PASSED] - Browser is opened with url: 'https://demoqa.com/text-box'

2022-11-28 17:30:01 - [TEST_STEP][PASSED] - maximizeWindow(): Current window maximized

2022-11-28 17:30:02 - [MESSAGE][PASSED] - Current window maximized

2022-11-28 17:30:02 - [TEST_STEP][PASSED] - page_url = getUrl(): Current window's url is: 'https://demoqa.com/text-box'

2022-11-28 17:30:03 - [MESSAGE][PASSED] - Current window's url is: 'https://demoqa.com/text-box'

2022-11-28 17:30:03 - [TEST_STEP][PASSED] - print(page_url): null

2022-11-28 17:30:03 - [TEST_STEP][PASSED] - Titulo = getWindowTitle(): Current window's title is: 'ToolsQA'

2022-11-28 17:30:04 - [MESSAGE][PASSED] - Current window's title is: 'ToolsQA'

2022-11-28 17:30:04 - [TEST_STEP][PASSED] - print("titiulo de la pagina" + Titulo): null

2022-11-28 17:30:04 - [TEST_STEP][PASSED] - closeBrowser(): Browser is closed

2022-11-28 17:30:06 - [MESSAGE][PASSED] - Browser is closed]]></system-out>
         <system-err><![CDATA[]]></system-err>
      </testcase>
      <testcase name="Test Cases/Objecto_xpath/Caso_xpath" time="67.569" classname="Test Cases/Objecto_xpath/Caso_xpath" status="PASSED">
         <system-out><![CDATA[2022-11-28 17:30:06 - [TEST_CASE][PASSED] - Test Cases/Objecto_xpath/Caso_xpath: Test Cases/Objecto_xpath/Caso_xpath

2022-11-28 17:30:07 - [TEST_STEP][PASSED] - openBrowser(""): Browser is opened with url: ''

2022-11-28 17:30:07 - [MESSAGE][INFO] - User set preference: ['os', 'windows']

2022-11-28 17:30:07 - [MESSAGE][INFO] - User set preference: ['browserName', 'chrome']

2022-11-28 17:30:07 - [MESSAGE][INFO] - User set preference: ['browserVersion', '103']

2022-11-28 17:30:07 - [MESSAGE][INFO] - User set preference: ['katalon:option', '{organizationId=987205, tunnelId=, usingTunnel=false}']

2022-11-28 17:30:07 - [MESSAGE][INFO] - Connecting to remote web server 'testcloud.katalon.com/hub' with type 'Selenium'

2022-11-28 17:30:07 - [MESSAGE][INFO] - Action delay is set to 0 milliseconds

2022-11-28 17:30:53 - [MESSAGE][PASSED] - Browser is opened with url: ''

2022-11-28 17:30:53 - [TEST_STEP][PASSED] - navigateToUrl("https://demoqa.com/text-box"): Navigate to 'https://demoqa.com/text-box' successfully

2022-11-28 17:30:58 - [MESSAGE][PASSED] - Navigate to 'https://demoqa.com/text-box' successfully

2022-11-28 17:30:58 - [TEST_STEP][PASSED] - maximizeWindow(): Current window maximized

2022-11-28 17:30:59 - [MESSAGE][PASSED] - Current window maximized

2022-11-28 17:30:59 - [TEST_STEP][PASSED] - setText(findTestObject("Objeto_xpath/Campo_nombre"), "Ljubo"): Text 'Ljubo' is set on object 'Object Repository/Objeto_xpath/Campo_nombre'

2022-11-28 17:31:08 - [MESSAGE][PASSED] - Text 'Ljubo' is set on object 'Object Repository/Objeto_xpath/Campo_nombre'

2022-11-28 17:31:08 - [TEST_STEP][PASSED] - delay(3): Delayed 3 second(s)

2022-11-28 17:31:11 - [MESSAGE][PASSED] - Delayed 3 second(s)

2022-11-28 17:31:11 - [TEST_STEP][PASSED] - closeBrowser(): Browser is closed

2022-11-28 17:31:14 - [MESSAGE][PASSED] - Browser is closed]]></system-out>
         <system-err><![CDATA[]]></system-err>
      </testcase>
      <testcase name="Test Cases/Validar_calculo/Validar_calculo" time="133.028" classname="Test Cases/Validar_calculo/Validar_calculo" status="FAILED">
         <failure type="FAILED" message="Test Cases/Validar_calculo/Validar_calculo FAILED.
Reason:
com.kms.katalon.core.exception.StepFailedException: Unable to set text '5' of object 'Object Repository/Validar_campo/Page_Selenium Easy Demo - Simple Form to Au_3f5468/input_Enter a_sum1'
	at com.kms.katalon.core.webui.keyword.internal.WebUIKeywordMain.stepFailed(WebUIKeywordMain.groovy:64)
	at com.kms.katalon.core.webui.keyword.internal.WebUIKeywordMain.runKeyword(WebUIKeywordMain.groovy:26)
	at com.kms.katalon.core.webui.keyword.builtin.SetTextKeyword.setText(SetTextKeyword.groovy:66)
	at com.kms.katalon.core.webui.keyword.builtin.SetTextKeyword.execute(SetTextKeyword.groovy:37)
	at com.kms.katalon.core.keyword.internal.KeywordExecutor.executeKeywordForPlatform(KeywordExecutor.groovy:74)
	at com.kms.katalon.core.webui.keyword.WebUiBuiltInKeywords.setText(WebUiBuiltInKeywords.groovy:980)
	at com.kms.katalon.core.webui.keyword.WebUiBuiltInKeywords$setText$7.call(Unknown Source)
	at Validar_calculo.run(Validar_calculo:31)
	at com.kms.katalon.core.main.ScriptEngine.run(ScriptEngine.java:194)
	at com.kms.katalon.core.main.ScriptEngine.runScriptAsRawText(ScriptEngine.java:119)
	at com.kms.katalon.core.main.TestCaseExecutor.runScript(TestCaseExecutor.java:448)
	at com.kms.katalon.core.main.TestCaseExecutor.doExecute(TestCaseExecutor.java:439)
	at com.kms.katalon.core.main.TestCaseExecutor.processExecutionPhase(TestCaseExecutor.java:418)
	at com.kms.katalon.core.main.TestCaseExecutor.accessMainPhase(TestCaseExecutor.java:410)
	at com.kms.katalon.core.main.TestCaseExecutor.execute(TestCaseExecutor.java:285)
	at com.kms.katalon.core.main.TestCaseExecutor.execute(TestCaseExecutor.java:369)
	at com.kms.katalon.core.main.TestCaseExecutor.execute(TestCaseExecutor.java:369)
	at com.kms.katalon.core.main.TestCaseExecutor.execute(TestCaseExecutor.java:369)
	at com.kms.katalon.core.common.CommonExecutor.accessTestCaseMainPhase(CommonExecutor.java:65)
	at com.kms.katalon.core.main.TestSuiteExecutor.accessTestSuiteMainPhase(TestSuiteExecutor.java:151)
	at com.kms.katalon.core.main.TestSuiteExecutor.execute(TestSuiteExecutor.java:106)
	at com.kms.katalon.core.main.TestCaseMain.startTestSuite(TestCaseMain.java:185)
	at com.kms.katalon.core.main.TestCaseMain$startTestSuite$0.call(Unknown Source)
	at TempTestSuite1669666656854.run(TempTestSuite1669666656854.groovy:36)
Caused by: com.kms.katalon.core.webui.exception.WebElementNotFoundException: Web element with id: 'Object Repository/Validar_campo/Page_Selenium Easy Demo - Simple Form to Au_3f5468/input_Enter a_sum1' located by '//input[@id='sum1']' not found
	at com.kms.katalon.core.webui.common.WebUiCommonHelper.findWebElement(WebUiCommonHelper.java:1370)
	at com.kms.katalon.core.webui.keyword.internal.WebUIAbstractKeyword.findWebElement(WebUIAbstractKeyword.groovy:27)
	at com.kms.katalon.core.webui.keyword.internal.WebUIAbstractKeyword.findWebElement(WebUIAbstractKeyword.groovy:26)
	at com.kms.katalon.core.webui.keyword.builtin.SetTextKeyword$_setText_closure1.doCall(SetTextKeyword.groovy:51)
	at com.kms.katalon.core.webui.keyword.builtin.SetTextKeyword$_setText_closure1.call(SetTextKeyword.groovy)
	at com.kms.katalon.core.webui.keyword.internal.WebUIKeywordMain.runKeyword(WebUIKeywordMain.groovy:20)
	... 22 more
"/>
         <system-out><![CDATA[2022-11-28 17:38:19 - [TEST_CASE][FAILED] - Test Cases/Validar_calculo/Validar_calculo: Test Cases/Validar_calculo/Validar_calculo FAILED.
Reason:
com.kms.katalon.core.exception.StepFailedException: Unable to set text '5' of object 'Object Repository/Validar_campo/Page_Selenium Easy Demo - Simple Form to Au_3f5468/input_Enter a_sum1'
	at com.kms.katalon.core.webui.keyword.internal.WebUIKeywordMain.stepFailed(WebUIKeywordMain.groovy:64)
	at com.kms.katalon.core.webui.keyword.internal.WebUIKeywordMain.runKeyword(WebUIKeywordMain.groovy:26)
	at com.kms.katalon.core.webui.keyword.builtin.SetTextKeyword.setText(SetTextKeyword.groovy:66)
	at com.kms.katalon.core.webui.keyword.builtin.SetTextKeyword.execute(SetTextKeyword.groovy:37)
	at com.kms.katalon.core.keyword.internal.KeywordExecutor.executeKeywordForPlatform(KeywordExecutor.groovy:74)
	at com.kms.katalon.core.webui.keyword.WebUiBuiltInKeywords.setText(WebUiBuiltInKeywords.groovy:980)
	at com.kms.katalon.core.webui.keyword.WebUiBuiltInKeywords$setText$7.call(Unknown Source)
	at Validar_calculo.run(Validar_calculo:31)
	at com.kms.katalon.core.main.ScriptEngine.run(ScriptEngine.java:194)
	at com.kms.katalon.core.main.ScriptEngine.runScriptAsRawText(ScriptEngine.java:119)
	at com.kms.katalon.core.main.TestCaseExecutor.runScript(TestCaseExecutor.java:448)
	at com.kms.katalon.core.main.TestCaseExecutor.doExecute(TestCaseExecutor.java:439)
	at com.kms.katalon.core.main.TestCaseExecutor.processExecutionPhase(TestCaseExecutor.java:418)
	at com.kms.katalon.core.main.TestCaseExecutor.accessMainPhase(TestCaseExecutor.java:410)
	at com.kms.katalon.core.main.TestCaseExecutor.execute(TestCaseExecutor.java:285)
	at com.kms.katalon.core.main.TestCaseExecutor.execute(TestCaseExecutor.java:369)
	at com.kms.katalon.core.main.TestCaseExecutor.execute(TestCaseExecutor.java:369)
	at com.kms.katalon.core.main.TestCaseExecutor.execute(TestCaseExecutor.java:369)
	at com.kms.katalon.core.common.CommonExecutor.accessTestCaseMainPhase(CommonExecutor.java:65)
	at com.kms.katalon.core.main.TestSuiteExecutor.accessTestSuiteMainPhase(TestSuiteExecutor.java:151)
	at com.kms.katalon.core.main.TestSuiteExecutor.execute(TestSuiteExecutor.java:106)
	at com.kms.katalon.core.main.TestCaseMain.startTestSuite(TestCaseMain.java:185)
	at com.kms.katalon.core.main.TestCaseMain$startTestSuite$0.call(Unknown Source)
	at TempTestSuite1669666656854.run(TempTestSuite1669666656854.groovy:36)
Caused by: com.kms.katalon.core.webui.exception.WebElementNotFoundException: Web element with id: 'Object Repository/Validar_campo/Page_Selenium Easy Demo - Simple Form to Au_3f5468/input_Enter a_sum1' located by '//input[@id='sum1']' not found
	at com.kms.katalon.core.webui.common.WebUiCommonHelper.findWebElement(WebUiCommonHelper.java:1370)
	at com.kms.katalon.core.webui.keyword.internal.WebUIAbstractKeyword.findWebElement(WebUIAbstractKeyword.groovy:27)
	at com.kms.katalon.core.webui.keyword.internal.WebUIAbstractKeyword.findWebElement(WebUIAbstractKeyword.groovy:26)
	at com.kms.katalon.core.webui.keyword.builtin.SetTextKeyword$_setText_closure1.doCall(SetTextKeyword.groovy:51)
	at com.kms.katalon.core.webui.keyword.builtin.SetTextKeyword$_setText_closure1.call(SetTextKeyword.groovy)
	at com.kms.katalon.core.webui.keyword.internal.WebUIKeywordMain.runKeyword(WebUIKeywordMain.groovy:20)
	... 22 more


2022-11-28 17:38:19 - [TEST_STEP][PASSED] - openBrowser(""): Browser is opened with url: ''

2022-11-28 17:38:19 - [MESSAGE][WARNING] - A browser is already opened. Closing browser and opening a new one

2022-11-28 17:38:21 - [MESSAGE][INFO] - User set preference: ['os', 'windows']

2022-11-28 17:38:21 - [MESSAGE][INFO] - User set preference: ['browserName', 'chrome']

2022-11-28 17:38:21 - [MESSAGE][INFO] - User set preference: ['browserVersion', '103']

2022-11-28 17:38:21 - [MESSAGE][INFO] - User set preference: ['katalon:option', '{organizationId=987205, tunnelId=, usingTunnel=false}']

2022-11-28 17:38:21 - [MESSAGE][INFO] - Connecting to remote web server 'testcloud.katalon.com/hub' with type 'Selenium'

2022-11-28 17:38:21 - [MESSAGE][INFO] - Action delay is set to 0 milliseconds

2022-11-28 17:39:23 - [MESSAGE][PASSED] - Browser is opened with url: ''

2022-11-28 17:39:23 - [TEST_STEP][PASSED] - navigateToUrl("https://www.seleniumeasy.com/test/basic-first-form-demo.html"): Navigate to 'https://www.seleniumeasy.com/test/basic-first-form-demo.html' successfully

2022-11-28 17:39:28 - [MESSAGE][PASSED] - Navigate to 'https://www.seleniumeasy.com/test/basic-first-form-demo.html' successfully

2022-11-28 17:39:28 - [TEST_STEP][PASSED] - maximizeWindow(): Current window maximized

2022-11-28 17:39:30 - [MESSAGE][PASSED] - Current window maximized

2022-11-28 17:39:30 - [TEST_STEP][PASSED] - waitForElementClickable(findTestObject("Validar_campo/Page_Selenium Easy Demo - Simple Form to Au_3f5468/a_No, thanks"), 3): Object 'Object Repository/Validar_campo/Page_Selenium Easy Demo - Simple Form to Au_3f5468/a_No, thanks' is clickable

2022-11-28 17:39:36 - [MESSAGE][INFO] - Unable to find the element located by 'By.xpath: //div[@id='at-cv-lightbox-button-holder']/a[2]'. Please recheck the objects properties to make sure the desired element is located. 

2022-11-28 17:39:36 - [MESSAGE][WARNING] - [SELF-HEALING] Failed to find element with id 'Object Repository/Validar_campo/Page_Selenium Easy Demo - Simple Form to Au_3f5468/a_No, thanks'. Try using Self-healing.

2022-11-28 17:39:44 - [MESSAGE][WARNING] - [SELF-HEALING] The current locator of test object 'Object Repository/Validar_campo/Page_Selenium Easy Demo - Simple Form to Au_3f5468/a_No, thanks' was broken. Propose an alternative one: '//a[2]'.

2022-11-28 17:39:45 - [MESSAGE][PASSED] - Object 'Object Repository/Validar_campo/Page_Selenium Easy Demo - Simple Form to Au_3f5468/a_No, thanks' is clickable

2022-11-28 17:39:45 - [TEST_STEP][PASSED] - click(findTestObject("Object Repository/Validar_campo/Page_Selenium Easy Demo - Simple Form to Au_3f5468/a_No, thanks")): Object: 'Object Repository/Validar_campo/Page_Selenium Easy Demo - Simple Form to Au_3f5468/a_No, thanks' is clicked on

2022-11-28 17:39:56 - [MESSAGE][INFO] - Unable to find the element located by 'By.xpath: //div[@id='at-cv-lightbox-button-holder']/a[2]'. Please recheck the objects properties to make sure the desired element is located. 

2022-11-28 17:39:56 - [MESSAGE][WARNING] - [SELF-HEALING] Failed to find element with id 'Object Repository/Validar_campo/Page_Selenium Easy Demo - Simple Form to Au_3f5468/a_No, thanks'. Try using Self-healing.

2022-11-28 17:40:01 - [MESSAGE][WARNING] - [SELF-HEALING] The current locator of test object 'Object Repository/Validar_campo/Page_Selenium Easy Demo - Simple Form to Au_3f5468/a_No, thanks' was broken. Propose an alternative one: '//a[2]'.

2022-11-28 17:40:02 - [MESSAGE][PASSED] - Object: 'Object Repository/Validar_campo/Page_Selenium Easy Demo - Simple Form to Au_3f5468/a_No, thanks' is clicked on

2022-11-28 17:40:02 - [TEST_STEP][FAILED] - setText(findTestObject("Object Repository/Validar_campo/Page_Selenium Easy Demo - Simple Form to Au_3f5468/input_Enter a_sum1"), "5"): Unable to set text '5' of object 'Object Repository/Validar_campo/Page_Selenium Easy Demo - Simple Form to Au_3f5468/input_Enter a_sum1' (Root cause: com.kms.katalon.core.exception.StepFailedException: Unable to set text '5' of object 'Object Repository/Validar_campo/Page_Selenium Easy Demo - Simple Form to Au_3f5468/input_Enter a_sum1'
	at com.kms.katalon.core.webui.keyword.internal.WebUIKeywordMain.stepFailed(WebUIKeywordMain.groovy:64)
	at com.kms.katalon.core.webui.keyword.internal.WebUIKeywordMain.runKeyword(WebUIKeywordMain.groovy:26)
	at com.kms.katalon.core.webui.keyword.builtin.SetTextKeyword.setText(SetTextKeyword.groovy:66)
	at com.kms.katalon.core.webui.keyword.builtin.SetTextKeyword.execute(SetTextKeyword.groovy:37)
	at com.kms.katalon.core.keyword.internal.KeywordExecutor.executeKeywordForPlatform(KeywordExecutor.groovy:74)
	at com.kms.katalon.core.webui.keyword.WebUiBuiltInKeywords.setText(WebUiBuiltInKeywords.groovy:980)
	at com.kms.katalon.core.webui.keyword.WebUiBuiltInKeywords$setText$7.call(Unknown Source)
	at Validar_calculo.run(Validar_calculo:31)
	at com.kms.katalon.core.main.ScriptEngine.run(ScriptEngine.java:194)
	at com.kms.katalon.core.main.ScriptEngine.runScriptAsRawText(ScriptEngine.java:119)
	at com.kms.katalon.core.main.TestCaseExecutor.runScript(TestCaseExecutor.java:448)
	at com.kms.katalon.core.main.TestCaseExecutor.doExecute(TestCaseExecutor.java:439)
	at com.kms.katalon.core.main.TestCaseExecutor.processExecutionPhase(TestCaseExecutor.java:418)
	at com.kms.katalon.core.main.TestCaseExecutor.accessMainPhase(TestCaseExecutor.java:410)
	at com.kms.katalon.core.main.TestCaseExecutor.execute(TestCaseExecutor.java:285)
	at com.kms.katalon.core.main.TestCaseExecutor.execute(TestCaseExecutor.java:369)
	at com.kms.katalon.core.main.TestCaseExecutor.execute(TestCaseExecutor.java:369)
	at com.kms.katalon.core.main.TestCaseExecutor.execute(TestCaseExecutor.java:369)
	at com.kms.katalon.core.common.CommonExecutor.accessTestCaseMainPhase(CommonExecutor.java:65)
	at com.kms.katalon.core.main.TestSuiteExecutor.accessTestSuiteMainPhase(TestSuiteExecutor.java:151)
	at com.kms.katalon.core.main.TestSuiteExecutor.execute(TestSuiteExecutor.java:106)
	at com.kms.katalon.core.main.TestCaseMain.startTestSuite(TestCaseMain.java:185)
	at com.kms.katalon.core.main.TestCaseMain$startTestSuite$0.call(Unknown Source)
	at TempTestSuite1669666656854.run(TempTestSuite1669666656854.groovy:36)
Caused by: com.kms.katalon.core.webui.exception.WebElementNotFoundException: Web element with id: 'Object Repository/Validar_campo/Page_Selenium Easy Demo - Simple Form to Au_3f5468/input_Enter a_sum1' located by '//input[@id='sum1']' not found
	at com.kms.katalon.core.webui.common.WebUiCommonHelper.findWebElement(WebUiCommonHelper.java:1370)
	at com.kms.katalon.core.webui.keyword.internal.WebUIAbstractKeyword.findWebElement(WebUIAbstractKeyword.groovy:27)
	at com.kms.katalon.core.webui.keyword.internal.WebUIAbstractKeyword.findWebElement(WebUIAbstractKeyword.groovy:26)
	at com.kms.katalon.core.webui.keyword.builtin.SetTextKeyword$_setText_closure1.doCall(SetTextKeyword.groovy:51)
	at com.kms.katalon.core.webui.keyword.builtin.SetTextKeyword$_setText_closure1.call(SetTextKeyword.groovy)
	at com.kms.katalon.core.webui.keyword.internal.WebUIKeywordMain.runKeyword(WebUIKeywordMain.groovy:20)
	at com.kms.katalon.core.webui.keyword.builtin.SetTextKeyword.setText(SetTextKeyword.groovy:66)
	at com.kms.katalon.core.webui.keyword.builtin.SetTextKeyword.execute(SetTextKeyword.groovy:37)
	at com.kms.katalon.core.keyword.internal.KeywordExecutor.executeKeywordForPlatform(KeywordExecutor.groovy:74)
	at com.kms.katalon.core.webui.keyword.WebUiBuiltInKeywords.setText(WebUiBuiltInKeywords.groovy:980)
	at com.kms.katalon.core.webui.keyword.WebUiBuiltInKeywords$setText$7.call(Unknown Source)
	at Script1626389474082.run(Script1626389474082.groovy:31)
	... 16 more
)

2022-11-28 17:40:10 - [MESSAGE][INFO] - Unable to find the element located by 'By.xpath: //input[@id='sum1']'. Please recheck the objects properties to make sure the desired element is located. 

2022-11-28 17:40:10 - [MESSAGE][WARNING] - [SELF-HEALING] Failed to find element with id 'Object Repository/Validar_campo/Page_Selenium Easy Demo - Simple Form to Au_3f5468/input_Enter a_sum1'. Try using Self-healing.

2022-11-28 17:40:13 - [MESSAGE][INFO] - [SELF-HEALING] Failed Locator: '//input[@id='sum1']'.

2022-11-28 17:40:16 - [MESSAGE][INFO] - [SELF-HEALING] Failed Locator: '//form[@id='gettotal']/div/input'.

2022-11-28 17:40:18 - [MESSAGE][INFO] - [SELF-HEALING] Failed Locator: '//div[2]/div[2]/form/div/input'.

2022-11-28 17:40:23 - [MESSAGE][INFO] - Unable to find the element located by 'By.xpath: //*[@type = 'text' and @placeholder = 'Enter value' and @id = 'sum1']'. Please recheck the objects properties to make sure the desired element is located. 

2022-11-28 17:40:25 - [MESSAGE][INFO] - Unable to find the element located by 'By.cssSelector: #sum1'. Please recheck the objects properties to make sure the desired element is located. 

2022-11-28 17:40:32 - [MESSAGE][FAILED] - Unable to set text '5' of object 'Object Repository/Validar_campo/Page_Selenium Easy Demo - Simple Form to Au_3f5468/input_Enter a_sum1' (Root cause: com.kms.katalon.core.exception.StepFailedException: Unable to set text '5' of object 'Object Repository/Validar_campo/Page_Selenium Easy Demo - Simple Form to Au_3f5468/input_Enter a_sum1'
	at com.kms.katalon.core.webui.keyword.internal.WebUIKeywordMain.stepFailed(WebUIKeywordMain.groovy:64)
	at com.kms.katalon.core.webui.keyword.internal.WebUIKeywordMain.runKeyword(WebUIKeywordMain.groovy:26)
	at com.kms.katalon.core.webui.keyword.builtin.SetTextKeyword.setText(SetTextKeyword.groovy:66)
	at com.kms.katalon.core.webui.keyword.builtin.SetTextKeyword.execute(SetTextKeyword.groovy:37)
	at com.kms.katalon.core.keyword.internal.KeywordExecutor.executeKeywordForPlatform(KeywordExecutor.groovy:74)
	at com.kms.katalon.core.webui.keyword.WebUiBuiltInKeywords.setText(WebUiBuiltInKeywords.groovy:980)
	at com.kms.katalon.core.webui.keyword.WebUiBuiltInKeywords$setText$7.call(Unknown Source)
	at Validar_calculo.run(Validar_calculo:31)
	at com.kms.katalon.core.main.ScriptEngine.run(ScriptEngine.java:194)
	at com.kms.katalon.core.main.ScriptEngine.runScriptAsRawText(ScriptEngine.java:119)
	at com.kms.katalon.core.main.TestCaseExecutor.runScript(TestCaseExecutor.java:448)
	at com.kms.katalon.core.main.TestCaseExecutor.doExecute(TestCaseExecutor.java:439)
	at com.kms.katalon.core.main.TestCaseExecutor.processExecutionPhase(TestCaseExecutor.java:418)
	at com.kms.katalon.core.main.TestCaseExecutor.accessMainPhase(TestCaseExecutor.java:410)
	at com.kms.katalon.core.main.TestCaseExecutor.execute(TestCaseExecutor.java:285)
	at com.kms.katalon.core.main.TestCaseExecutor.execute(TestCaseExecutor.java:369)
	at com.kms.katalon.core.main.TestCaseExecutor.execute(TestCaseExecutor.java:369)
	at com.kms.katalon.core.main.TestCaseExecutor.execute(TestCaseExecutor.java:369)
	at com.kms.katalon.core.common.CommonExecutor.accessTestCaseMainPhase(CommonExecutor.java:65)
	at com.kms.katalon.core.main.TestSuiteExecutor.accessTestSuiteMainPhase(TestSuiteExecutor.java:151)
	at com.kms.katalon.core.main.TestSuiteExecutor.execute(TestSuiteExecutor.java:106)
	at com.kms.katalon.core.main.TestCaseMain.startTestSuite(TestCaseMain.java:185)
	at com.kms.katalon.core.main.TestCaseMain$startTestSuite$0.call(Unknown Source)
	at TempTestSuite1669666656854.run(TempTestSuite1669666656854.groovy:36)
Caused by: com.kms.katalon.core.webui.exception.WebElementNotFoundException: Web element with id: 'Object Repository/Validar_campo/Page_Selenium Easy Demo - Simple Form to Au_3f5468/input_Enter a_sum1' located by '//input[@id='sum1']' not found
	at com.kms.katalon.core.webui.common.WebUiCommonHelper.findWebElement(WebUiCommonHelper.java:1370)
	at com.kms.katalon.core.webui.keyword.internal.WebUIAbstractKeyword.findWebElement(WebUIAbstractKeyword.groovy:27)
	at com.kms.katalon.core.webui.keyword.internal.WebUIAbstractKeyword.findWebElement(WebUIAbstractKeyword.groovy:26)
	at com.kms.katalon.core.webui.keyword.builtin.SetTextKeyword$_setText_closure1.doCall(SetTextKeyword.groovy:51)
	at com.kms.katalon.core.webui.keyword.builtin.SetTextKeyword$_setText_closure1.call(SetTextKeyword.groovy)
	at com.kms.katalon.core.webui.keyword.internal.WebUIKeywordMain.runKeyword(WebUIKeywordMain.groovy:20)
	at com.kms.katalon.core.webui.keyword.builtin.SetTextKeyword.setText(SetTextKeyword.groovy:66)
	at com.kms.katalon.core.webui.keyword.builtin.SetTextKeyword.execute(SetTextKeyword.groovy:37)
	at com.kms.katalon.core.keyword.internal.KeywordExecutor.executeKeywordForPlatform(KeywordExecutor.groovy:74)
	at com.kms.katalon.core.webui.keyword.WebUiBuiltInKeywords.setText(WebUiBuiltInKeywords.groovy:980)
	at com.kms.katalon.core.webui.keyword.WebUiBuiltInKeywords$setText$7.call(Unknown Source)
	at Script1626389474082.run(Script1626389474082.groovy:31)
	... 16 more
)
[[ATTACHMENT|C:\\Users\\admin\\git\\KatalonCertificacion\\Reports\\20221128_171736\\testCLoud\\20221128_171736\\1669668025459.png]]]]></system-out>
         <system-err><![CDATA[2022-11-28 17:38:19 - [TEST_CASE][FAILED] - Test Cases/Validar_calculo/Validar_calculo: Test Cases/Validar_calculo/Validar_calculo FAILED.
Reason:
com.kms.katalon.core.exception.StepFailedException: Unable to set text '5' of object 'Object Repository/Validar_campo/Page_Selenium Easy Demo - Simple Form to Au_3f5468/input_Enter a_sum1'
	at com.kms.katalon.core.webui.keyword.internal.WebUIKeywordMain.stepFailed(WebUIKeywordMain.groovy:64)
	at com.kms.katalon.core.webui.keyword.internal.WebUIKeywordMain.runKeyword(WebUIKeywordMain.groovy:26)
	at com.kms.katalon.core.webui.keyword.builtin.SetTextKeyword.setText(SetTextKeyword.groovy:66)
	at com.kms.katalon.core.webui.keyword.builtin.SetTextKeyword.execute(SetTextKeyword.groovy:37)
	at com.kms.katalon.core.keyword.internal.KeywordExecutor.executeKeywordForPlatform(KeywordExecutor.groovy:74)
	at com.kms.katalon.core.webui.keyword.WebUiBuiltInKeywords.setText(WebUiBuiltInKeywords.groovy:980)
	at com.kms.katalon.core.webui.keyword.WebUiBuiltInKeywords$setText$7.call(Unknown Source)
	at Validar_calculo.run(Validar_calculo:31)
	at com.kms.katalon.core.main.ScriptEngine.run(ScriptEngine.java:194)
	at com.kms.katalon.core.main.ScriptEngine.runScriptAsRawText(ScriptEngine.java:119)
	at com.kms.katalon.core.main.TestCaseExecutor.runScript(TestCaseExecutor.java:448)
	at com.kms.katalon.core.main.TestCaseExecutor.doExecute(TestCaseExecutor.java:439)
	at com.kms.katalon.core.main.TestCaseExecutor.processExecutionPhase(TestCaseExecutor.java:418)
	at com.kms.katalon.core.main.TestCaseExecutor.accessMainPhase(TestCaseExecutor.java:410)
	at com.kms.katalon.core.main.TestCaseExecutor.execute(TestCaseExecutor.java:285)
	at com.kms.katalon.core.main.TestCaseExecutor.execute(TestCaseExecutor.java:369)
	at com.kms.katalon.core.main.TestCaseExecutor.execute(TestCaseExecutor.java:369)
	at com.kms.katalon.core.main.TestCaseExecutor.execute(TestCaseExecutor.java:369)
	at com.kms.katalon.core.common.CommonExecutor.accessTestCaseMainPhase(CommonExecutor.java:65)
	at com.kms.katalon.core.main.TestSuiteExecutor.accessTestSuiteMainPhase(TestSuiteExecutor.java:151)
	at com.kms.katalon.core.main.TestSuiteExecutor.execute(TestSuiteExecutor.java:106)
	at com.kms.katalon.core.main.TestCaseMain.startTestSuite(TestCaseMain.java:185)
	at com.kms.katalon.core.main.TestCaseMain$startTestSuite$0.call(Unknown Source)
	at TempTestSuite1669666656854.run(TempTestSuite1669666656854.groovy:36)
Caused by: com.kms.katalon.core.webui.exception.WebElementNotFoundException: Web element with id: 'Object Repository/Validar_campo/Page_Selenium Easy Demo - Simple Form to Au_3f5468/input_Enter a_sum1' located by '//input[@id='sum1']' not found
	at com.kms.katalon.core.webui.common.WebUiCommonHelper.findWebElement(WebUiCommonHelper.java:1370)
	at com.kms.katalon.core.webui.keyword.internal.WebUIAbstractKeyword.findWebElement(WebUIAbstractKeyword.groovy:27)
	at com.kms.katalon.core.webui.keyword.internal.WebUIAbstractKeyword.findWebElement(WebUIAbstractKeyword.groovy:26)
	at com.kms.katalon.core.webui.keyword.builtin.SetTextKeyword$_setText_closure1.doCall(SetTextKeyword.groovy:51)
	at com.kms.katalon.core.webui.keyword.builtin.SetTextKeyword$_setText_closure1.call(SetTextKeyword.groovy)
	at com.kms.katalon.core.webui.keyword.internal.WebUIKeywordMain.runKeyword(WebUIKeywordMain.groovy:20)
	... 22 more]]></system-err>
      </testcase>
      <testcase name="Test Cases/Condicionales_If/Condicionar_titulo" time="75.819" classname="Test Cases/Condicionales_If/Condicionar_titulo" status="PASSED">
         <system-out><![CDATA[2022-11-28 17:40:32 - [TEST_CASE][PASSED] - Test Cases/Condicionales_If/Condicionar_titulo: Test Cases/Condicionales_If/Condicionar_titulo

2022-11-28 17:40:32 - [TEST_STEP][PASSED] - openBrowser(""): Browser is opened with url: ''

2022-11-28 17:40:32 - [MESSAGE][WARNING] - A browser is already opened. Closing browser and opening a new one

2022-11-28 17:40:34 - [MESSAGE][INFO] - User set preference: ['os', 'windows']

2022-11-28 17:40:34 - [MESSAGE][INFO] - User set preference: ['browserName', 'chrome']

2022-11-28 17:40:34 - [MESSAGE][INFO] - User set preference: ['browserVersion', '103']

2022-11-28 17:40:34 - [MESSAGE][INFO] - User set preference: ['katalon:option', '{organizationId=987205, tunnelId=, usingTunnel=false}']

2022-11-28 17:40:34 - [MESSAGE][INFO] - Connecting to remote web server 'testcloud.katalon.com/hub' with type 'Selenium'

2022-11-28 17:40:34 - [MESSAGE][INFO] - Action delay is set to 0 milliseconds

2022-11-28 17:41:22 - [MESSAGE][PASSED] - Browser is opened with url: ''

2022-11-28 17:41:22 - [TEST_STEP][PASSED] - navigateToUrl("https://demoqa.com/"): Navigate to 'https://demoqa.com/' successfully

2022-11-28 17:41:25 - [MESSAGE][PASSED] - Navigate to 'https://demoqa.com/' successfully

2022-11-28 17:41:25 - [TEST_STEP][PASSED] - maximizeWindow(): Current window maximized

2022-11-28 17:41:26 - [MESSAGE][PASSED] - Current window maximized

2022-11-28 17:41:26 - [TEST_STEP][PASSED] - waitForPageLoad(5): Wait for page load successfully

2022-11-28 17:41:27 - [MESSAGE][PASSED] - Wait for page load successfully

2022-11-28 17:41:27 - [TEST_STEP][PASSED] - Existe = waitForElementVisible(findTestObject("Condicionales/Texto_radio"), 3): Web element with id: 'Object Repository/Condicionales/Texto_radio' located by '//div[@class='main-header'][contains(.,'Radio Button')]' not found

2022-11-28 17:41:33 - [MESSAGE][INFO] - Unable to find the element located by 'By.xpath: //div[@class='main-header'][contains(.,'Radio Button')]'. Please recheck the objects properties to make sure the desired element is located. 

2022-11-28 17:41:33 - [MESSAGE][WARNING] - [SELF-HEALING] Failed to find element with id 'Object Repository/Condicionales/Texto_radio'. Try using Self-healing.

2022-11-28 17:41:34 - [MESSAGE][INFO] - [SELF-HEALING] No working XPath is found.

2022-11-28 17:41:37 - [MESSAGE][INFO] - Unable to find the element located by 'By.xpath: '. Please recheck the objects properties to make sure the desired element is located. 

2022-11-28 17:41:37 - [MESSAGE][WARNING] - [SELF-HEALING] Cannot find elements when the selector is null

2022-11-28 17:41:37 - [MESSAGE][WARNING] - Web element with id: 'Object Repository/Condicionales/Texto_radio' located by '//div[@class='main-header'][contains(.,'Radio Button')]' not found

2022-11-28 17:41:37 - [TEST_STEP][PASSED] - print(Existe): null

2022-11-28 17:41:37 - [TEST_STEP][PASSED] - if (Existe == true): null

2022-11-28 17:41:37 - [TEST_STEP][PASSED] - else: Browser is closed

2022-11-28 17:41:37 - [TEST_STEP][PASSED] - print("-----  Error no esta el elemento de texto radio ------"): null

2022-11-28 17:41:37 - [TEST_STEP][PASSED] - navigateToUrl("https://demoqa.com/radio-button"): Navigate to 'https://demoqa.com/radio-button' successfully

2022-11-28 17:41:41 - [MESSAGE][PASSED] - Navigate to 'https://demoqa.com/radio-button' successfully

2022-11-28 17:41:41 - [TEST_STEP][PASSED] - click(findTestObject("Condicionales/Objeto_yes")): Object: 'Object Repository/Condicionales/Objeto_yes' is clicked on

2022-11-28 17:41:44 - [MESSAGE][PASSED] - Object: 'Object Repository/Condicionales/Objeto_yes' is clicked on

2022-11-28 17:41:44 - [TEST_STEP][PASSED] - delay(2): Delayed 2 second(s)

2022-11-28 17:41:46 - [MESSAGE][PASSED] - Delayed 2 second(s)

2022-11-28 17:41:46 - [TEST_STEP][PASSED] - closeBrowser(): Browser is closed

2022-11-28 17:41:48 - [MESSAGE][PASSED] - Browser is closed]]></system-out>
         <system-err><![CDATA[]]></system-err>
      </testcase>
      <testcase name="Test Cases/Condicionales_If/Test_1" time="0.626" classname="Test Cases/Condicionales_If/Test_1" status="PASSED">
         <system-out><![CDATA[2022-11-28 17:41:48 - [TEST_CASE][PASSED] - Test Cases/Condicionales_If/Test_1: Test Cases/Condicionales_If/Test_1

2022-11-28 17:41:48 - [TEST_STEP][PASSED] - if (num == 10): null

2022-11-28 17:41:48 - [TEST_STEP][PASSED] - else: null

2022-11-28 17:41:48 - [TEST_STEP][PASSED] - print("El numero no es un 10 es el numero:  " + num + "#####"): null]]></system-out>
         <system-err><![CDATA[]]></system-err>
      </testcase>
      <testcase name="Test Cases/Condicionales_If/Test_2" time="0.409" classname="Test Cases/Condicionales_If/Test_2" status="PASSED">
         <system-out><![CDATA[2022-11-28 17:41:48 - [TEST_CASE][PASSED] - Test Cases/Condicionales_If/Test_2: Test Cases/Condicionales_If/Test_2

2022-11-28 17:41:49 - [TEST_STEP][PASSED] - if (num == 5): null

2022-11-28 17:41:49 - [TEST_STEP][PASSED] - if (num == 10): null

2022-11-28 17:41:49 - [TEST_STEP][PASSED] - println("El valor de la variables es un: 10"): null]]></system-out>
         <system-err><![CDATA[]]></system-err>
      </testcase>
      <testcase name="Test Cases/Condicionales_If/Test_3" time="0.413" classname="Test Cases/Condicionales_If/Test_3" status="PASSED">
         <system-out><![CDATA[2022-11-28 17:41:49 - [TEST_CASE][PASSED] - Test Cases/Condicionales_If/Test_3: Test Cases/Condicionales_If/Test_3

2022-11-28 17:41:49 - [TEST_STEP][PASSED] - if (nombre == "Juan"): null

2022-11-28 17:41:49 - [TEST_STEP][PASSED] - if (nombre == "JUan"): null

2022-11-28 17:41:49 - [TEST_STEP][PASSED] - if (nombre == "juan"): null

2022-11-28 17:41:49 - [TEST_STEP][PASSED] - println("Tu nombre es juan"): null]]></system-out>
         <system-err><![CDATA[]]></system-err>
      </testcase>
      <testcase name="Test Cases/Condicionales_If/Test_4" time="0.499" classname="Test Cases/Condicionales_If/Test_4" status="PASSED">
         <system-out><![CDATA[2022-11-28 17:41:49 - [TEST_CASE][PASSED] - Test Cases/Condicionales_If/Test_4: Test Cases/Condicionales_If/Test_4

2022-11-28 17:41:50 - [TEST_STEP][PASSED] - if (num <= 7): null

2022-11-28 17:41:50 - [TEST_STEP][PASSED] - println("El numero es menor ó igual que 5"): null

2022-11-28 17:41:50 - [TEST_STEP][PASSED] - if (num >= 8): null

2022-11-28 17:41:50 - [TEST_STEP][PASSED] - if (num != 5): null]]></system-out>
         <system-err><![CDATA[]]></system-err>
      </testcase>
      <testcase name="Test Cases/Condicionales_If/Test_edad" time="0.437" classname="Test Cases/Condicionales_If/Test_edad" status="PASSED">
         <system-out><![CDATA[2022-11-28 17:41:50 - [TEST_CASE][PASSED] - Test Cases/Condicionales_If/Test_edad: Test Cases/Condicionales_If/Test_edad

2022-11-28 17:41:50 - [TEST_STEP][PASSED] - if (edad >= 1 && edad <= 17): null

2022-11-28 17:41:50 - [TEST_STEP][PASSED] - else if (edad == 18): null

2022-11-28 17:41:50 - [TEST_STEP][PASSED] - else if (edad <= 0): null

2022-11-28 17:41:50 - [TEST_STEP][PASSED] - else if (edad == 120): null

2022-11-28 17:41:50 - [TEST_STEP][PASSED] - else: null

2022-11-28 17:41:50 - [TEST_STEP][PASSED] - print("No se cumple ninguna de las opciones"): null]]></system-out>
         <system-err><![CDATA[]]></system-err>
      </testcase>
      <testcase name="Test Cases/Condicionales_If/Test_valor" time="69.462" classname="Test Cases/Condicionales_If/Test_valor" status="PASSED">
         <system-out><![CDATA[2022-11-28 17:41:50 - [TEST_CASE][PASSED] - Test Cases/Condicionales_If/Test_valor: Test Cases/Condicionales_If/Test_valor

2022-11-28 17:41:50 - [TEST_STEP][PASSED] - openBrowser(""): Browser is opened with url: ''

2022-11-28 17:41:50 - [MESSAGE][INFO] - User set preference: ['os', 'windows']

2022-11-28 17:41:50 - [MESSAGE][INFO] - User set preference: ['browserName', 'chrome']

2022-11-28 17:41:50 - [MESSAGE][INFO] - User set preference: ['browserVersion', '103']

2022-11-28 17:41:50 - [MESSAGE][INFO] - User set preference: ['katalon:option', '{organizationId=987205, tunnelId=, usingTunnel=false}']

2022-11-28 17:41:50 - [MESSAGE][INFO] - Connecting to remote web server 'testcloud.katalon.com/hub' with type 'Selenium'

2022-11-28 17:41:50 - [MESSAGE][INFO] - Action delay is set to 0 milliseconds

2022-11-28 17:42:41 - [MESSAGE][PASSED] - Browser is opened with url: ''

2022-11-28 17:42:41 - [TEST_STEP][PASSED] - navigateToUrl("https://demoqa.com/"): Navigate to 'https://demoqa.com/' successfully

2022-11-28 17:42:44 - [MESSAGE][PASSED] - Navigate to 'https://demoqa.com/' successfully

2022-11-28 17:42:44 - [TEST_STEP][PASSED] - maximizeWindow(): Current window maximized

2022-11-28 17:42:45 - [MESSAGE][PASSED] - Current window maximized

2022-11-28 17:42:45 - [TEST_STEP][PASSED] - waitForPageLoad(10): Wait for page load successfully

2022-11-28 17:42:47 - [MESSAGE][PASSED] - Wait for page load successfully

2022-11-28 17:42:47 - [TEST_STEP][PASSED] - Existe = waitForElementVisible(findTestObject("Condicionales/titulo1"), 5): Web element with id: 'Object Repository/Condicionales/titulo1' located by '//div[@class='main-header'][contains(.,'Radio Button')]' not found

2022-11-28 17:42:54 - [MESSAGE][INFO] - Unable to find the element located by 'By.xpath: //div[@class='main-header'][contains(.,'Radio Button')]'. Please recheck the objects properties to make sure the desired element is located. 

2022-11-28 17:42:54 - [MESSAGE][WARNING] - [SELF-HEALING] Failed to find element with id 'Object Repository/Condicionales/titulo1'. Try using Self-healing.

2022-11-28 17:42:55 - [MESSAGE][INFO] - [SELF-HEALING] No working XPath is found.

2022-11-28 17:42:57 - [MESSAGE][INFO] - Unable to find the element located by 'By.xpath: '. Please recheck the objects properties to make sure the desired element is located. 

2022-11-28 17:42:57 - [MESSAGE][WARNING] - [SELF-HEALING] Cannot find elements when the selector is null

2022-11-28 17:42:57 - [MESSAGE][WARNING] - Web element with id: 'Object Repository/Condicionales/titulo1' located by '//div[@class='main-header'][contains(.,'Radio Button')]' not found

2022-11-28 17:42:57 - [TEST_STEP][PASSED] - if (Existe == true): null

2022-11-28 17:42:57 - [TEST_STEP][PASSED] - else: Browser is closed

2022-11-28 17:42:57 - [TEST_STEP][PASSED] - print("No estas en la página correcta"): null

2022-11-28 17:42:57 - [TEST_STEP][PASSED] - closeBrowser(): Browser is closed

2022-11-28 17:42:59 - [MESSAGE][PASSED] - Browser is closed]]></system-out>
         <system-err><![CDATA[]]></system-err>
      </testcase>
      <testcase name="Test Cases/BUCLES/Reto_For" time="177.369" classname="Test Cases/BUCLES/Reto_For" status="PASSED">
         <system-out><![CDATA[2022-11-28 17:42:59 - [TEST_CASE][PASSED] - Test Cases/BUCLES/Reto_For: Test Cases/BUCLES/Reto_For

2022-11-28 17:43:00 - [TEST_STEP][PASSED] - openBrowser(""): Browser is opened with url: ''

2022-11-28 17:43:00 - [MESSAGE][INFO] - User set preference: ['os', 'windows']

2022-11-28 17:43:00 - [MESSAGE][INFO] - User set preference: ['browserName', 'chrome']

2022-11-28 17:43:00 - [MESSAGE][INFO] - User set preference: ['browserVersion', '103']

2022-11-28 17:43:00 - [MESSAGE][INFO] - User set preference: ['katalon:option', '{organizationId=987205, tunnelId=, usingTunnel=false}']

2022-11-28 17:43:00 - [MESSAGE][INFO] - Connecting to remote web server 'testcloud.katalon.com/hub' with type 'Selenium'

2022-11-28 17:43:00 - [MESSAGE][INFO] - Action delay is set to 0 milliseconds

2022-11-28 17:43:52 - [MESSAGE][PASSED] - Browser is opened with url: ''

2022-11-28 17:43:52 - [TEST_STEP][PASSED] - navigateToUrl("https://demoqa.com/text-box"): Navigate to 'https://demoqa.com/text-box' successfully

2022-11-28 17:43:55 - [MESSAGE][PASSED] - Navigate to 'https://demoqa.com/text-box' successfully

2022-11-28 17:43:55 - [TEST_STEP][PASSED] - maximizeWindow(): Current window maximized

2022-11-28 17:43:58 - [MESSAGE][PASSED] - Current window maximized

2022-11-28 17:43:58 - [TEST_STEP][PASSED] - waitForPageLoad(5): Wait for page load successfully

2022-11-28 17:43:58 - [MESSAGE][PASSED] - Wait for page load successfully

[...]

2022-11-28 18:27:06 - [TEST_STEP][PASSED] - navigateToUrl("https://demoqa.com/text-box"): Navigate to 'https://demoqa.com/text-box' successfully

2022-11-28 18:27:08 - [MESSAGE][PASSED] - Navigate to 'https://demoqa.com/text-box' successfully

2022-11-28 18:27:08 - [TEST_STEP][PASSED] - for ([x = 1, x <= 2, (x++)]): null

2022-11-28 18:27:08 - [TEST_STEP][PASSED] - openBrowser(""): Browser is opened with url: ''

2022-11-28 18:27:08 - [MESSAGE][WARNING] - A browser is already opened. Closing browser and opening a new one

2022-11-28 18:27:11 - [MESSAGE][INFO] - User set preference: ['os', 'windows']

2022-11-28 18:27:11 - [MESSAGE][INFO] - User set preference: ['browserName', 'chrome']

2022-11-28 18:27:11 - [MESSAGE][INFO] - User set preference: ['browserVersion', '103']

2022-11-28 18:27:11 - [MESSAGE][INFO] - User set preference: ['katalon:option', '{organizationId=987205, tunnelId=, usingTunnel=false}']

2022-11-28 18:27:11 - [MESSAGE][INFO] - Connecting to remote web server 'testcloud.katalon.com/hub' with type 'Selenium'

2022-11-28 18:27:11 - [MESSAGE][INFO] - Action delay is set to 0 milliseconds

2022-11-28 18:28:05 - [MESSAGE][PASSED] - Browser is opened with url: ''

2022-11-28 18:28:05 - [TEST_STEP][PASSED] - navigateToUrl("https://demoqa.com/text-box"): Navigate to 'https://demoqa.com/text-box' successfully

2022-11-28 18:28:09 - [MESSAGE][PASSED] - Navigate to 'https://demoqa.com/text-box' successfully

2022-11-28 18:28:09 - [TEST_STEP][PASSED] - RN = Math.random() * 10 - 1 + 1: null

2022-11-28 18:28:09 - [TEST_STEP][PASSED] - print("Numero : " + RN + "----"): null

2022-11-28 18:28:09 - [TEST_STEP][PASSED] - z = ["Demo1", "Demo2", "Demo3", "Demo4", "Demo5"]: null

2022-11-28 18:28:09 - [TEST_STEP][PASSED] - rnd = new java.util.Random(): null

2022-11-28 18:28:09 - [TEST_STEP][PASSED] - texto = z[rnd.nextInt(size)]: null

2022-11-28 18:28:09 - [TEST_STEP][PASSED] - print(texto): null

2022-11-28 18:28:09 - [TEST_STEP][PASSED] - openBrowser(""): Browser is opened with url: ''

2022-11-28 18:28:09 - [MESSAGE][WARNING] - A browser is already opened. Closing browser and opening a new one

2022-11-28 18:28:13 - [MESSAGE][INFO] - User set preference: ['os', 'windows']

2022-11-28 18:28:13 - [MESSAGE][INFO] - User set preference: ['browserName', 'chrome']

2022-11-28 18:28:13 - [MESSAGE][INFO] - User set preference: ['browserVersion', '103']

2022-11-28 18:28:13 - [MESSAGE][INFO] - User set preference: ['katalon:option', '{organizationId=987205, tunnelId=, usingTunnel=false}']

2022-11-28 18:28:13 - [MESSAGE][INFO] - Connecting to remote web server 'testcloud.katalon.com/hub' with type 'Selenium'

2022-11-28 18:28:13 - [MESSAGE][INFO] - Action delay is set to 0 milliseconds

2022-11-28 18:29:07 - [MESSAGE][PASSED] - Browser is opened with url: ''

2022-11-28 18:29:07 - [TEST_STEP][PASSED] - navigateToUrl("https://demoqa.com/text-box"): Navigate to 'https://demoqa.com/text-box' successfully

2022-11-28 18:29:12 - [MESSAGE][PASSED] - Navigate to 'https://demoqa.com/text-box' successfully

2022-11-28 18:29:12 - [TEST_STEP][PASSED] - RN = Math.random() * 10 - 1 + 1: null

2022-11-28 18:29:12 - [TEST_STEP][PASSED] - print("Numero : " + RN + "----"): null

2022-11-28 18:29:12 - [TEST_STEP][PASSED] - z = ["Demo1", "Demo2", "Demo3", "Demo4", "Demo5"]: null

2022-11-28 18:29:12 - [TEST_STEP][PASSED] - rnd = new java.util.Random(): null

2022-11-28 18:29:12 - [TEST_STEP][PASSED] - texto = z[rnd.nextInt(size)]: null

2022-11-28 18:29:12 - [TEST_STEP][PASSED] - print(texto): null

2022-11-28 18:29:12 - [TEST_STEP][PASSED] - closeBrowser(): Browser is closed

2022-11-28 18:29:15 - [MESSAGE][PASSED] - Browser is closed]]></system-out>
         <system-err><![CDATA[]]></system-err>
      </testcase>
      <testcase name="Test Cases/BUCLES/Test_2" time="60.525" classname="Test Cases/BUCLES/Test_2" status="PASSED">
         <system-out><![CDATA[2022-11-28 18:29:15 - [TEST_CASE][PASSED] - Test Cases/BUCLES/Test_2: Test Cases/BUCLES/Test_2

2022-11-28 18:29:15 - [TEST_STEP][PASSED] - openBrowser(""): Browser is opened with url: ''

2022-11-28 18:29:15 - [MESSAGE][INFO] - User set preference: ['os', 'windows']

2022-11-28 18:29:15 - [MESSAGE][INFO] - User set preference: ['browserName', 'chrome']

2022-11-28 18:29:15 - [MESSAGE][INFO] - User set preference: ['browserVersion', '103']

2022-11-28 18:29:15 - [MESSAGE][INFO] - User set preference: ['katalon:option', '{organizationId=987205, tunnelId=, usingTunnel=false}']

2022-11-28 18:29:15 - [MESSAGE][INFO] - Connecting to remote web server 'testcloud.katalon.com/hub' with type 'Selenium'

2022-11-28 18:29:15 - [MESSAGE][INFO] - Action delay is set to 0 milliseconds

2022-11-28 18:30:09 - [MESSAGE][PASSED] - Browser is opened with url: ''

2022-11-28 18:30:09 - [TEST_STEP][PASSED] - navigateToUrl("https://demoqa.com/text-box"): Navigate to 'https://demoqa.com/text-box' successfully

2022-11-28 18:30:13 - [MESSAGE][PASSED] - Navigate to 'https://demoqa.com/text-box' successfully

2022-11-28 18:30:13 - [TEST_STEP][PASSED] - for ([x = 1, x <= 10, x = x + 2]): null

2022-11-28 18:30:13 - [TEST_STEP][PASSED] - print(" hola mundo " + x + "-------"): null

2022-11-28 18:30:13 - [TEST_STEP][PASSED] - print(" hola mundo " + x + "-------"): null

2022-11-28 18:30:13 - [TEST_STEP][PASSED] - print(" hola mundo " + x + "-------"): null

2022-11-28 18:30:13 - [TEST_STEP][PASSED] - print(" hola mundo " + x + "-------"): null

2022-11-28 18:30:13 - [TEST_STEP][PASSED] - print(" hola mundo " + x + "-------"): null

2022-11-28 18:30:13 - [TEST_STEP][PASSED] - closeBrowser(): Browser is closed

2022-11-28 18:30:16 - [MESSAGE][PASSED] - Browser is closed]]></system-out>
         <system-err><![CDATA[]]></system-err>
      </testcase>
      <testcase name="Test Cases/BUCLES/Test_while" time="60.235" classname="Test Cases/BUCLES/Test_while" status="PASSED">
         <system-out><![CDATA[2022-11-28 18:30:16 - [TEST_CASE][PASSED] - Test Cases/BUCLES/Test_while: Test Cases/BUCLES/Test_while

2022-11-28 18:30:16 - [TEST_STEP][PASSED] - openBrowser(""): Browser is opened with url: ''

2022-11-28 18:30:16 - [MESSAGE][INFO] - User set preference: ['os', 'windows']

2022-11-28 18:30:16 - [MESSAGE][INFO] - User set preference: ['browserName', 'chrome']

2022-11-28 18:30:16 - [MESSAGE][INFO] - User set preference: ['browserVersion', '103']

2022-11-28 18:30:16 - [MESSAGE][INFO] - User set preference: ['katalon:option', '{organizationId=987205, tunnelId=, usingTunnel=false}']

2022-11-28 18:30:16 - [MESSAGE][INFO] - Connecting to remote web server 'testcloud.katalon.com/hub' with type 'Selenium'

2022-11-28 18:30:16 - [MESSAGE][INFO] - Action delay is set to 0 milliseconds

2022-11-28 18:31:07 - [MESSAGE][PASSED] - Browser is opened with url: ''

2022-11-28 18:31:07 - [TEST_STEP][PASSED] - navigateToUrl("https://demoqa.com/text-box"): Navigate to 'https://demoqa.com/text-box' successfully

2022-11-28 18:31:11 - [MESSAGE][PASSED] - Navigate to 'https://demoqa.com/text-box' successfully

2022-11-28 18:31:11 - [TEST_STEP][PASSED] - maximizeWindow(): Current window maximized

2022-11-28 18:31:12 - [MESSAGE][PASSED] - Current window maximized

2022-11-28 18:31:12 - [TEST_STEP][PASSED] - waitForPageLoad(5): Wait for page load successfully

2022-11-28 18:31:13 - [MESSAGE][PASSED] - Wait for page load successfully

2022-11-28 18:31:13 - [TEST_STEP][PASSED] - x = 1: null

2022-11-28 18:31:13 - [TEST_STEP][PASSED] - while (x <= 3): null

2022-11-28 18:31:13 - [TEST_STEP][PASSED] - print("Hola " + x + "----------"): null

2022-11-28 18:31:13 - [TEST_STEP][PASSED] - (x++): null

2022-11-28 18:31:13 - [TEST_STEP][PASSED] - print("Hola " + x + "----------"): null

2022-11-28 18:31:13 - [TEST_STEP][PASSED] - (x++): null

2022-11-28 18:31:13 - [TEST_STEP][PASSED] - print("Hola " + x + "----------"): null

2022-11-28 18:31:13 - [TEST_STEP][PASSED] - (x++): null

2022-11-28 18:31:13 - [TEST_STEP][PASSED] - closeBrowser(): Browser is closed

2022-11-28 18:31:16 - [MESSAGE][PASSED] - Browser is closed]]></system-out>
         <system-err><![CDATA[]]></system-err>
      </testcase>
      <testcase name="Test Cases/BUCLES/Test_while2" time="60.425" classname="Test Cases/BUCLES/Test_while2" status="PASSED">
         <system-out><![CDATA[2022-11-28 18:31:16 - [TEST_CASE][PASSED] - Test Cases/BUCLES/Test_while2: Test Cases/BUCLES/Test_while2

2022-11-28 18:31:16 - [TEST_STEP][PASSED] - openBrowser(""): Browser is opened with url: ''

2022-11-28 18:31:16 - [MESSAGE][INFO] - User set preference: ['os', 'windows']

2022-11-28 18:31:16 - [MESSAGE][INFO] - User set preference: ['browserName', 'chrome']

2022-11-28 18:31:16 - [MESSAGE][INFO] - User set preference: ['browserVersion', '103']

2022-11-28 18:31:16 - [MESSAGE][INFO] - User set preference: ['katalon:option', '{organizationId=987205, tunnelId=, usingTunnel=false}']

2022-11-28 18:31:16 - [MESSAGE][INFO] - Connecting to remote web server 'testcloud.katalon.com/hub' with type 'Selenium'

2022-11-28 18:31:16 - [MESSAGE][INFO] - Action delay is set to 0 milliseconds

2022-11-28 18:32:07 - [MESSAGE][PASSED] - Browser is opened with url: ''

2022-11-28 18:32:07 - [TEST_STEP][PASSED] - navigateToUrl("https://demoqa.com/text-box"): Navigate to 'https://demoqa.com/text-box' successfully

2022-11-28 18:32:12 - [MESSAGE][PASSED] - Navigate to 'https://demoqa.com/text-box' successfully

2022-11-28 18:32:12 - [TEST_STEP][PASSED] - maximizeWindow(): Current window maximized

2022-11-28 18:32:14 - [MESSAGE][PASSED] - Current window maximized

2022-11-28 18:32:14 - [TEST_STEP][PASSED] - waitForPageLoad(5): Wait for page load successfully

2022-11-28 18:32:15 - [MESSAGE][PASSED] - Wait for page load successfully

2022-11-28 18:32:15 - [TEST_STEP][PASSED] - x = 1: null

2022-11-28 18:32:15 - [TEST_STEP][PASSED] - while (x <= 5): null

2022-11-28 18:32:15 - [TEST_STEP][PASSED] - print("Valor de X" + x + "------>"): null

2022-11-28 18:32:15 - [TEST_STEP][PASSED] - (x++): null

2022-11-28 18:32:15 - [TEST_STEP][PASSED] - print("Valor de X" + x + "------>"): null

2022-11-28 18:32:15 - [TEST_STEP][PASSED] - (x++): null

2022-11-28 18:32:15 - [TEST_STEP][PASSED] - print("Valor de X" + x + "------>"): null

2022-11-28 18:32:15 - [TEST_STEP][PASSED] - (x++): null

2022-11-28 18:32:15 - [TEST_STEP][PASSED] - print("Valor de X" + x + "------>"): null

2022-11-28 18:32:15 - [TEST_STEP][PASSED] - (x++): null

2022-11-28 18:32:15 - [TEST_STEP][PASSED] - print("Valor de X" + x + "------>"): null

2022-11-28 18:32:15 - [TEST_STEP][PASSED] - (x++): null

2022-11-28 18:32:15 - [TEST_STEP][PASSED] - closeBrowser(): Browser is closed

2022-11-28 18:32:17 - [MESSAGE][PASSED] - Browser is closed]]></system-out>
         <system-err><![CDATA[]]></system-err>
      </testcase>
      <testcase name="Test Cases/Drive_excel/Drive_excel" time="79.008" classname="Test Cases/Drive_excel/Drive_excel" status="PASSED">
         <system-out><![CDATA[2022-11-28 18:32:17 - [TEST_CASE][PASSED] - Test Cases/Drive_excel/Drive_excel: Test Cases/Drive_excel/Drive_excel

2022-11-28 18:32:17 - [TEST_STEP][PASSED] - openBrowser(""): Browser is opened with url: ''

2022-11-28 18:32:17 - [MESSAGE][INFO] - User set preference: ['os', 'windows']

2022-11-28 18:32:17 - [MESSAGE][INFO] - User set preference: ['browserName', 'chrome']

2022-11-28 18:32:17 - [MESSAGE][INFO] - User set preference: ['browserVersion', '103']

2022-11-28 18:32:17 - [MESSAGE][INFO] - User set preference: ['katalon:option', '{organizationId=987205, tunnelId=, usingTunnel=false}']

2022-11-28 18:32:17 - [MESSAGE][INFO] - Connecting to remote web server 'testcloud.katalon.com/hub' with type 'Selenium'

2022-11-28 18:32:17 - [MESSAGE][INFO] - Action delay is set to 0 milliseconds

2022-11-28 18:33:08 - [MESSAGE][PASSED] - Browser is opened with url: ''

2022-11-28 18:33:08 - [TEST_STEP][PASSED] - navigateToUrl("https://demoqa.com/automation-practice-form"): Navigate to 'https://demoqa.com/automation-practice-form' successfully

2022-11-28 18:33:13 - [MESSAGE][PASSED] - Navigate to 'https://demoqa.com/automation-practice-form' successfully

2022-11-28 18:33:13 - [TEST_STEP][PASSED] - waitForPageLoad(40): Wait for page load successfully

2022-11-28 18:33:14 - [MESSAGE][PASSED] - Wait for page load successfully

2022-11-28 18:33:14 - [TEST_STEP][PASSED] - maximizeWindow(): Current window maximized

2022-11-28 18:33:15 - [MESSAGE][PASSED] - Current window maximized

2022-11-28 18:33:15 - [TEST_STEP][PASSED] - setText(findTestObject("Object Repository/Drive_excel/Page_ToolsQA/input_Name_firstName"), nombre): Text '' is set on object 'Object Repository/Drive_excel/Page_ToolsQA/input_Name_firstName'

2022-11-28 18:33:19 - [MESSAGE][PASSED] - Text '' is set on object 'Object Repository/Drive_excel/Page_ToolsQA/input_Name_firstName'

2022-11-28 18:33:19 - [TEST_STEP][PASSED] - setText(findTestObject("Object Repository/Drive_excel/Page_ToolsQA/input_Name_lastName"), apellido): Text '' is set on object 'Object Repository/Drive_excel/Page_ToolsQA/input_Name_lastName'

2022-11-28 18:33:25 - [MESSAGE][PASSED] - Text '' is set on object 'Object Repository/Drive_excel/Page_ToolsQA/input_Name_lastName'

2022-11-28 18:33:25 - [TEST_STEP][PASSED] - setText(findTestObject("Object Repository/Drive_excel/Page_ToolsQA/input_Email_userEmail"), email): Text '' is set on object 'Object Repository/Drive_excel/Page_ToolsQA/input_Email_userEmail'

2022-11-28 18:33:32 - [MESSAGE][PASSED] - Text '' is set on object 'Object Repository/Drive_excel/Page_ToolsQA/input_Email_userEmail'

2022-11-28 18:33:32 - [TEST_STEP][PASSED] - delay(2): Delayed 2 second(s)

2022-11-28 18:33:34 - [MESSAGE][PASSED] - Delayed 2 second(s)

2022-11-28 18:33:34 - [TEST_STEP][PASSED] - closeBrowser(): Browser is closed

2022-11-28 18:33:36 - [MESSAGE][PASSED] - Browser is closed]]></system-out>
         <system-err><![CDATA[]]></system-err>
      </testcase>
      <system-out><![CDATA[2022-11-28 17:17:55 - [TEST_SUITE][FAILED] - testCLoud: Test Cases/Mouse_over/Mouse_over FAILED.
Reason:
com.kms.katalon.core.exception.StepFailedException: Unable to move mouse over object 'Object Repository/Mouse_over/Woman'
	at com.kms.katalon.core.webui.keyword.internal.WebUIKeywordMain.stepFailed(WebUIKeywordMain.groovy:64)
	at com.kms.katalon.core.webui.keyword.internal.WebUIKeywordMain.runKeyword(WebUIKeywordMain.groovy:26)
	at com.kms.katalon.core.webui.keyword.builtin.MouseOverKeyword.mouseOver(MouseOverKeyword.groovy:66)
	at com.kms.katalon.core.webui.keyword.builtin.MouseOverKeyword.execute(MouseOverKeyword.groovy:40)
	at com.kms.katalon.core.keyword.internal.KeywordExecutor.executeKeywordForPlatform(KeywordExecutor.groovy:74)
	at com.kms.katalon.core.webui.keyword.WebUiBuiltInKeywords.mouseOver(WebUiBuiltInKeywords.groovy:806)
	at com.kms.katalon.core.webui.keyword.WebUiBuiltInKeywords$mouseOver$3.call(Unknown Source)
	at Mouse_over.run(Mouse_over:28)
	at com.kms.katalon.core.main.ScriptEngine.run(ScriptEngine.java:194)
	at com.kms.katalon.core.main.ScriptEngine.runScriptAsRawText(ScriptEngine.java:119)
	at com.kms.katalon.core.main.TestCaseExecutor.runScript(TestCaseExecutor.java:448)
	at com.kms.katalon.core.main.TestCaseExecutor.doExecute(TestCaseExecutor.java:439)
	at com.kms.katalon.core.main.TestCaseExecutor.processExecutionPhase(TestCaseExecutor.java:418)
	at com.kms.katalon.core.main.TestCaseExecutor.accessMainPhase(TestCaseExecutor.java:410)
	at com.kms.katalon.core.main.TestCaseExecutor.execute(TestCaseExecutor.java:285)
	at com.kms.katalon.core.common.CommonExecutor.accessTestCaseMainPhase(CommonExecutor.java:65)
	at com.kms.katalon.core.main.TestSuiteExecutor.accessTestSuiteMainPhase(TestSuiteExecutor.java:151)
	at com.kms.katalon.core.main.TestSuiteExecutor.execute(TestSuiteExecutor.java:106)
	at com.kms.katalon.core.main.TestCaseMain.startTestSuite(TestCaseMain.java:185)
	at com.kms.katalon.core.main.TestCaseMain$startTestSuite$0.call(Unknown Source)
	at TempTestSuite1669666656854.run(TempTestSuite1669666656854.groovy:36)
Caused by: com.kms.katalon.core.webui.exception.WebElementNotFoundException: Web element with id: 'Object Repository/Mouse_over/Woman' located by '//a[contains(@title,'Women')]' not found
	at com.kms.katalon.core.webui.common.WebUiCommonHelper.findWebElement(WebUiCommonHelper.java:1370)
	at com.kms.katalon.core.webui.keyword.internal.WebUIAbstractKeyword.findWebElement(WebUIAbstractKeyword.groovy:27)
	at com.kms.katalon.core.webui.keyword.internal.WebUIAbstractKeyword.findWebElement(WebUIAbstractKeyword.groovy:26)
	at com.kms.katalon.core.webui.keyword.builtin.MouseOverKeyword$_mouseOver_closure1.doCall(MouseOverKeyword.groovy:54)
	at com.kms.katalon.core.webui.keyword.builtin.MouseOverKeyword$_mouseOver_closure1.call(MouseOverKeyword.groovy)
	at com.kms.katalon.core.webui.keyword.internal.WebUIKeywordMain.runKeyword(WebUIKeywordMain.groovy:20)
	... 19 more]]></system-out>
      <system-err><![CDATA[2022-11-28 17:17:55 - [TEST_SUITE][FAILED] - testCLoud: Test Cases/Mouse_over/Mouse_over FAILED.
Reason:
com.kms.katalon.core.exception.StepFailedException: Unable to move mouse over object 'Object Repository/Mouse_over/Woman'
	at com.kms.katalon.core.webui.keyword.internal.WebUIKeywordMain.stepFailed(WebUIKeywordMain.groovy:64)
	at com.kms.katalon.core.webui.keyword.internal.WebUIKeywordMain.runKeyword(WebUIKeywordMain.groovy:26)
	at com.kms.katalon.core.webui.keyword.builtin.MouseOverKeyword.mouseOver(MouseOverKeyword.groovy:66)
	at com.kms.katalon.core.webui.keyword.builtin.MouseOverKeyword.execute(MouseOverKeyword.groovy:40)
	at com.kms.katalon.core.keyword.internal.KeywordExecutor.executeKeywordForPlatform(KeywordExecutor.groovy:74)
	at com.kms.katalon.core.webui.keyword.WebUiBuiltInKeywords.mouseOver(WebUiBuiltInKeywords.groovy:806)
	at com.kms.katalon.core.webui.keyword.WebUiBuiltInKeywords$mouseOver$3.call(Unknown Source)
	at Mouse_over.run(Mouse_over:28)
	at com.kms.katalon.core.main.ScriptEngine.run(ScriptEngine.java:194)
	at com.kms.katalon.core.main.ScriptEngine.runScriptAsRawText(ScriptEngine.java:119)
	at com.kms.katalon.core.main.TestCaseExecutor.runScript(TestCaseExecutor.java:448)
	at com.kms.katalon.core.main.TestCaseExecutor.doExecute(TestCaseExecutor.java:439)
	at com.kms.katalon.core.main.TestCaseExecutor.processExecutionPhase(TestCaseExecutor.java:418)
	at com.kms.katalon.core.main.TestCaseExecutor.accessMainPhase(TestCaseExecutor.java:410)
	at com.kms.katalon.core.main.TestCaseExecutor.execute(TestCaseExecutor.java:285)
	at com.kms.katalon.core.common.CommonExecutor.accessTestCaseMainPhase(CommonExecutor.java:65)
	at com.kms.katalon.core.main.TestSuiteExecutor.accessTestSuiteMainPhase(TestSuiteExecutor.java:151)
	at com.kms.katalon.core.main.TestSuiteExecutor.execute(TestSuiteExecutor.java:106)
	at com.kms.katalon.core.main.TestCaseMain.startTestSuite(TestCaseMain.java:185)
	at com.kms.katalon.core.main.TestCaseMain$startTestSuite$0.call(Unknown Source)
	at TempTestSuite1669666656854.run(TempTestSuite1669666656854.groovy:36)
Caused by: com.kms.katalon.core.webui.exception.WebElementNotFoundException: Web element with id: 'Object Repository/Mouse_over/Woman' located by '//a[contains(@title,'Women')]' not found
	at com.kms.katalon.core.webui.common.WebUiCommonHelper.findWebElement(WebUiCommonHelper.java:1370)
	at com.kms.katalon.core.webui.keyword.internal.WebUIAbstractKeyword.findWebElement(WebUIAbstractKeyword.groovy:27)
	at com.kms.katalon.core.webui.keyword.internal.WebUIAbstractKeyword.findWebElement(WebUIAbstractKeyword.groovy:26)
	at com.kms.katalon.core.webui.keyword.builtin.MouseOverKeyword$_mouseOver_closure1.doCall(MouseOverKeyword.groovy:54)
	at com.kms.katalon.core.webui.keyword.builtin.MouseOverKeyword$_mouseOver_closure1.call(MouseOverKeyword.groovy)
	at com.kms.katalon.core.webui.keyword.internal.WebUIKeywordMain.runKeyword(WebUIKeywordMain.groovy:20)
	... 19 more]]></system-err>
   </testsuite>
</testsuites>
