<?xml version="1.0" encoding="UTF-8"?>
<testsuites name="testCLoud" time="539.545" tests="34" failures="0" errors="0">
   <testsuite name="testCLoud" tests="34" failures="0" errors="0" time="539.545" skipped="0" timestamp="2022-11-30 11:00:17" hostname="admin - 192.168.0.13" id="Test Suites/testCLoud">
      <properties>
         <property name="deviceName" value=""/>
         <property name="devicePlatform" value=""/>
         <property name="logFolder" value="C:\\Users\\admin\\git\\KatalonCertificacion\\Reports\\20221130_110002\\testCLoud\\20221130_110002"/>
         <property name="logFiles" value="C:\\Users\\admin\\git\\KatalonCertificacion\\Reports\\20221130_110002\\testCLoud\\20221130_110002\\execution0.log"/>
         <property name="attachments" value=""/>
         <property name="hostName" value="admin - 192.168.0.13"/>
         <property name="os" value="Windows 10 64bit"/>
         <property name="katalonVersion" value="8.5.2.208"/>
         <property name="browser" value="Chrome 107.0.0.0"/>
         <property name="hostAddress" value="192.168.0.13"/>
         <property name="sessionId" value="3fed8efc6ed22e7b20ad498eb8ace05a"/>
         <property name="seleniumVersion" value="3.141.59"/>
         <property name="proxyInformation" value="ProxyInformation { proxyOption=NO_PROXY, proxyServerType=HTTP, username=, password=********, proxyServerAddress=, proxyServerPort=0, executionList=&quot;&quot;, isApplyToDesiredCapabilities=true }"/>
         <property name="platform" value="Windows 10"/>
      </properties>
      <testcase name="Test Cases/Navegador/Navegador" time="13.552" classname="Test Cases/Navegador/Navegador" status="PASSED">
         <system-out><![CDATA[2022-11-30 11:00:18 - [TEST_CASE][PASSED] - Test Cases/Navegador/Navegador: Test Cases/Navegador/Navegador

2022-11-30 11:00:18 - [TEST_STEP][PASSED] - openBrowser("https://demoqa.com/text-box"): Browser is opened with url: 'https://demoqa.com/text-box'

2022-11-30 11:00:19 - [MESSAGE][INFO] - Starting 'Chrome' driver

2022-11-30 11:00:19 - [MESSAGE][INFO] - Action delay is set to 0 milliseconds

2022-11-30 11:00:30 - [MESSAGE][PASSED] - Browser is opened with url: 'https://demoqa.com/text-box'

2022-11-30 11:00:30 - [TEST_STEP][PASSED] - maximizeWindow(): Current window maximized

2022-11-30 11:00:30 - [MESSAGE][PASSED] - Current window maximized

2022-11-30 11:00:30 - [TEST_STEP][PASSED] - page_url = getUrl(): Current window's url is: 'https://demoqa.com/text-box'

2022-11-30 11:00:30 - [MESSAGE][PASSED] - Current window's url is: 'https://demoqa.com/text-box'

2022-11-30 11:00:30 - [TEST_STEP][PASSED] - print(page_url): null

2022-11-30 11:00:30 - [TEST_STEP][PASSED] - Titulo = getWindowTitle(): Current window's title is: 'ToolsQA'

2022-11-30 11:00:30 - [MESSAGE][PASSED] - Current window's title is: 'ToolsQA'

2022-11-30 11:00:30 - [TEST_STEP][PASSED] - print("titiulo de la pagina" + Titulo): null

2022-11-30 11:00:30 - [TEST_STEP][PASSED] - closeBrowser(): Browser is closed

2022-11-30 11:00:31 - [MESSAGE][PASSED] - Browser is closed]]></system-out>
         <system-err><![CDATA[]]></system-err>
      </testcase>
      <testcase name="Test Cases/Objecto_xpath/Caso_xpath" time="20.378" classname="Test Cases/Objecto_xpath/Caso_xpath" status="PASSED">
         <system-out><![CDATA[2022-11-30 11:00:31 - [TEST_CASE][PASSED] - Test Cases/Objecto_xpath/Caso_xpath: Test Cases/Objecto_xpath/Caso_xpath

2022-11-30 11:00:32 - [TEST_STEP][PASSED] - openBrowser(""): Browser is opened with url: ''

2022-11-30 11:00:32 - [MESSAGE][INFO] - Starting 'Chrome' driver

2022-11-30 11:00:32 - [MESSAGE][INFO] - Action delay is set to 0 milliseconds

2022-11-30 11:00:33 - [MESSAGE][PASSED] - Browser is opened with url: ''

2022-11-30 11:00:33 - [TEST_STEP][PASSED] - navigateToUrl("https://demoqa.com/text-box"): Navigate to 'https://demoqa.com/text-box' successfully

2022-11-30 11:00:45 - [MESSAGE][PASSED] - Navigate to 'https://demoqa.com/text-box' successfully

2022-11-30 11:00:45 - [TEST_STEP][PASSED] - maximizeWindow(): Current window maximized

2022-11-30 11:00:45 - [MESSAGE][PASSED] - Current window maximized

2022-11-30 11:00:45 - [TEST_STEP][PASSED] - setText(findTestObject("Objeto_xpath/Campo_nombre"), "Ljubo"): Text 'Ljubo' is set on object 'Object Repository/Objeto_xpath/Campo_nombre'

2022-11-30 11:00:47 - [MESSAGE][PASSED] - Text 'Ljubo' is set on object 'Object Repository/Objeto_xpath/Campo_nombre'

2022-11-30 11:00:47 - [TEST_STEP][PASSED] - delay(3): Delayed 3 second(s)

2022-11-30 11:00:50 - [MESSAGE][PASSED] - Delayed 3 second(s)

2022-11-30 11:00:50 - [TEST_STEP][PASSED] - closeBrowser(): Browser is closed

2022-11-30 11:00:52 - [MESSAGE][PASSED] - Browser is closed]]></system-out>
         <system-err><![CDATA[]]></system-err>
      </testcase>
      <testcase name="Test Cases/Condicionales_If/Condicionar_titulo" time="26.059" classname="Test Cases/Condicionales_If/Condicionar_titulo" status="PASSED">
         <system-out><![CDATA[2022-11-30 11:00:52 - [TEST_CASE][PASSED] - Test Cases/Condicionales_If/Condicionar_titulo: Test Cases/Condicionales_If/Condicionar_titulo

2022-11-30 11:00:52 - [TEST_STEP][PASSED] - openBrowser(""): Browser is opened with url: ''

2022-11-30 11:00:52 - [MESSAGE][INFO] - Starting 'Chrome' driver

2022-11-30 11:00:52 - [MESSAGE][INFO] - Action delay is set to 0 milliseconds

2022-11-30 11:00:54 - [MESSAGE][PASSED] - Browser is opened with url: ''

2022-11-30 11:00:54 - [TEST_STEP][PASSED] - navigateToUrl("https://demoqa.com/"): Navigate to 'https://demoqa.com/' successfully

2022-11-30 11:01:03 - [MESSAGE][PASSED] - Navigate to 'https://demoqa.com/' successfully

2022-11-30 11:01:03 - [TEST_STEP][PASSED] - maximizeWindow(): Current window maximized

2022-11-30 11:01:03 - [MESSAGE][PASSED] - Current window maximized

2022-11-30 11:01:03 - [TEST_STEP][PASSED] - waitForPageLoad(5): Wait for page load successfully

2022-11-30 11:01:03 - [MESSAGE][PASSED] - Wait for page load successfully

2022-11-30 11:01:03 - [TEST_STEP][PASSED] - Existe = waitForElementVisible(findTestObject("Condicionales/Texto_radio"), 3): Web element with id: 'Object Repository/Condicionales/Texto_radio' located by '//div[@class='main-header'][contains(.,'Radio Button')]' not found

2022-11-30 11:01:07 - [MESSAGE][INFO] - Unable to find the element located by 'By.xpath: //div[@class='main-header'][contains(.,'Radio Button')]'. Please recheck the objects properties to make sure the desired element is located. 

2022-11-30 11:01:07 - [MESSAGE][WARNING] - [SELF-HEALING] Failed to find element with id 'Object Repository/Condicionales/Texto_radio'. Try using Self-healing.

2022-11-30 11:01:08 - [MESSAGE][INFO] - [SELF-HEALING] No working XPath is found.

2022-11-30 11:01:09 - [MESSAGE][INFO] - Unable to find the element located by 'By.xpath: '. Please recheck the objects properties to make sure the desired element is located. 

2022-11-30 11:01:09 - [MESSAGE][WARNING] - [SELF-HEALING] Cannot find elements when the selector is null

2022-11-30 11:01:09 - [MESSAGE][WARNING] - Web element with id: 'Object Repository/Condicionales/Texto_radio' located by '//div[@class='main-header'][contains(.,'Radio Button')]' not found

2022-11-30 11:01:09 - [TEST_STEP][PASSED] - print(Existe): null

2022-11-30 11:01:09 - [TEST_STEP][PASSED] - if (Existe == true): null

2022-11-30 11:01:09 - [TEST_STEP][PASSED] - else: Browser is closed

2022-11-30 11:01:09 - [TEST_STEP][PASSED] - print("-----  Error no esta el elemento de texto radio ------"): null

2022-11-30 11:01:09 - [TEST_STEP][PASSED] - navigateToUrl("https://demoqa.com/radio-button"): Navigate to 'https://demoqa.com/radio-button' successfully

2022-11-30 11:01:13 - [MESSAGE][PASSED] - Navigate to 'https://demoqa.com/radio-button' successfully

2022-11-30 11:01:13 - [TEST_STEP][PASSED] - click(findTestObject("Condicionales/Objeto_yes")): Object: 'Object Repository/Condicionales/Objeto_yes' is clicked on

2022-11-30 11:01:15 - [MESSAGE][PASSED] - Object: 'Object Repository/Condicionales/Objeto_yes' is clicked on

2022-11-30 11:01:15 - [TEST_STEP][PASSED] - delay(2): Delayed 2 second(s)

2022-11-30 11:01:17 - [MESSAGE][PASSED] - Delayed 2 second(s)

2022-11-30 11:01:17 - [TEST_STEP][PASSED] - closeBrowser(): Browser is closed

2022-11-30 11:01:18 - [MESSAGE][PASSED] - Browser is closed]]></system-out>
         <system-err><![CDATA[]]></system-err>
      </testcase>
      <testcase name="Test Cases/Condicionales_If/Test_1" time="0.596" classname="Test Cases/Condicionales_If/Test_1" status="PASSED">
         <system-out><![CDATA[2022-11-30 11:01:18 - [TEST_CASE][PASSED] - Test Cases/Condicionales_If/Test_1: Test Cases/Condicionales_If/Test_1

2022-11-30 11:01:18 - [TEST_STEP][PASSED] - if (num == 10): null

2022-11-30 11:01:18 - [TEST_STEP][PASSED] - else: null

2022-11-30 11:01:18 - [TEST_STEP][PASSED] - print("El numero no es un 10 es el numero:  " + num + "#####"): null]]></system-out>
         <system-err><![CDATA[]]></system-err>
      </testcase>
      <testcase name="Test Cases/Condicionales_If/Test_2" time="0.454" classname="Test Cases/Condicionales_If/Test_2" status="PASSED">
         <system-out><![CDATA[2022-11-30 11:01:18 - [TEST_CASE][PASSED] - Test Cases/Condicionales_If/Test_2: Test Cases/Condicionales_If/Test_2

2022-11-30 11:01:19 - [TEST_STEP][PASSED] - if (num == 5): null

2022-11-30 11:01:19 - [TEST_STEP][PASSED] - if (num == 10): null

2022-11-30 11:01:19 - [TEST_STEP][PASSED] - println("El valor de la variables es un: 10"): null]]></system-out>
         <system-err><![CDATA[]]></system-err>
      </testcase>
      <testcase name="Test Cases/Condicionales_If/Test_3" time="0.452" classname="Test Cases/Condicionales_If/Test_3" status="PASSED">
         <system-out><![CDATA[2022-11-30 11:01:19 - [TEST_CASE][PASSED] - Test Cases/Condicionales_If/Test_3: Test Cases/Condicionales_If/Test_3

2022-11-30 11:01:19 - [TEST_STEP][PASSED] - if (nombre == "Juan"): null

2022-11-30 11:01:19 - [TEST_STEP][PASSED] - if (nombre == "JUan"): null

2022-11-30 11:01:19 - [TEST_STEP][PASSED] - if (nombre == "juan"): null

2022-11-30 11:01:19 - [TEST_STEP][PASSED] - println("Tu nombre es juan"): null]]></system-out>
         <system-err><![CDATA[]]></system-err>
      </testcase>
      <testcase name="Test Cases/Condicionales_If/Test_4" time="0.485" classname="Test Cases/Condicionales_If/Test_4" status="PASSED">
         <system-out><![CDATA[2022-11-30 11:01:19 - [TEST_CASE][PASSED] - Test Cases/Condicionales_If/Test_4: Test Cases/Condicionales_If/Test_4

2022-11-30 11:01:20 - [TEST_STEP][PASSED] - if (num <= 7): null

2022-11-30 11:01:20 - [TEST_STEP][PASSED] - println("El numero es menor ó igual que 5"): null

2022-11-30 11:01:20 - [TEST_STEP][PASSED] - if (num >= 8): null

2022-11-30 11:01:20 - [TEST_STEP][PASSED] - if (num != 5): null]]></system-out>
         <system-err><![CDATA[]]></system-err>
      </testcase>
      <testcase name="Test Cases/Condicionales_If/Test_edad" time="0.451" classname="Test Cases/Condicionales_If/Test_edad" status="PASSED">
         <system-out><![CDATA[2022-11-30 11:01:20 - [TEST_CASE][PASSED] - Test Cases/Condicionales_If/Test_edad: Test Cases/Condicionales_If/Test_edad

2022-11-30 11:01:20 - [TEST_STEP][PASSED] - if (edad >= 1 && edad <= 17): null

2022-11-30 11:01:20 - [TEST_STEP][PASSED] - else if (edad == 18): null

2022-11-30 11:01:20 - [TEST_STEP][PASSED] - else if (edad <= 0): null

2022-11-30 11:01:20 - [TEST_STEP][PASSED] - else if (edad == 120): null

2022-11-30 11:01:20 - [TEST_STEP][PASSED] - else: null

2022-11-30 11:01:20 - [TEST_STEP][PASSED] - print("No se cumple ninguna de las opciones"): null]]></system-out>
         <system-err><![CDATA[]]></system-err>
      </testcase>
      <testcase name="Test Cases/Condicionales_If/Test_valor" time="20.062" classname="Test Cases/Condicionales_If/Test_valor" status="PASSED">
         <system-out><![CDATA[2022-11-30 11:01:20 - [TEST_CASE][PASSED] - Test Cases/Condicionales_If/Test_valor: Test Cases/Condicionales_If/Test_valor

2022-11-30 11:01:21 - [TEST_STEP][PASSED] - openBrowser(""): Browser is opened with url: ''

2022-11-30 11:01:21 - [MESSAGE][INFO] - Starting 'Chrome' driver

2022-11-30 11:01:21 - [MESSAGE][INFO] - Action delay is set to 0 milliseconds

2022-11-30 11:01:22 - [MESSAGE][PASSED] - Browser is opened with url: ''

2022-11-30 11:01:22 - [TEST_STEP][PASSED] - navigateToUrl("https://demoqa.com/"): Navigate to 'https://demoqa.com/' successfully

2022-11-30 11:01:31 - [MESSAGE][PASSED] - Navigate to 'https://demoqa.com/' successfully

2022-11-30 11:01:31 - [TEST_STEP][PASSED] - maximizeWindow(): Current window maximized

2022-11-30 11:01:31 - [MESSAGE][PASSED] - Current window maximized

2022-11-30 11:01:31 - [TEST_STEP][PASSED] - waitForPageLoad(10): Wait for page load successfully

2022-11-30 11:01:31 - [MESSAGE][PASSED] - Wait for page load successfully

2022-11-30 11:01:31 - [TEST_STEP][PASSED] - Existe = waitForElementVisible(findTestObject("Condicionales/titulo1"), 5): Web element with id: 'Object Repository/Condicionales/titulo1' located by '//div[@class='main-header'][contains(.,'Radio Button')]' not found

2022-11-30 11:01:37 - [MESSAGE][INFO] - Unable to find the element located by 'By.xpath: //div[@class='main-header'][contains(.,'Radio Button')]'. Please recheck the objects properties to make sure the desired element is located. 

2022-11-30 11:01:37 - [MESSAGE][WARNING] - [SELF-HEALING] Failed to find element with id 'Object Repository/Condicionales/titulo1'. Try using Self-healing.

2022-11-30 11:01:38 - [MESSAGE][INFO] - [SELF-HEALING] No working XPath is found.

2022-11-30 11:01:40 - [MESSAGE][INFO] - Unable to find the element located by 'By.xpath: '. Please recheck the objects properties to make sure the desired element is located. 

2022-11-30 11:01:40 - [MESSAGE][WARNING] - [SELF-HEALING] Cannot find elements when the selector is null

2022-11-30 11:01:40 - [MESSAGE][WARNING] - Web element with id: 'Object Repository/Condicionales/titulo1' located by '//div[@class='main-header'][contains(.,'Radio Button')]' not found

2022-11-30 11:01:40 - [TEST_STEP][PASSED] - if (Existe == true): null

2022-11-30 11:01:40 - [TEST_STEP][PASSED] - else: Browser is closed

2022-11-30 11:01:40 - [TEST_STEP][PASSED] - print("No estas en la página correcta"): null

2022-11-30 11:01:40 - [TEST_STEP][PASSED] - closeBrowser(): Browser is closed

2022-11-30 11:01:40 - [MESSAGE][PASSED] - Browser is closed]]></system-out>
         <system-err><![CDATA[]]></system-err>
      </testcase>
      <testcase name="Test Cases/BUCLES/Reto_For" time="29.501" classname="Test Cases/BUCLES/Reto_For" status="PASSED">
         <system-out><![CDATA[2022-11-30 11:01:40 - [TEST_CASE][PASSED] - Test Cases/BUCLES/Reto_For: Test Cases/BUCLES/Reto_For

2022-11-30 11:01:41 - [TEST_STEP][PASSED] - openBrowser(""): Browser is opened with url: ''

2022-11-30 11:01:41 - [MESSAGE][INFO] - Starting 'Chrome' driver

2022-11-30 11:01:41 - [MESSAGE][INFO] - Action delay is set to 0 milliseconds

2022-11-30 11:01:42 - [MESSAGE][PASSED] - Browser is opened with url: ''

2022-11-30 11:01:42 - [TEST_STEP][PASSED] - navigateToUrl("https://demoqa.com/text-box"): Navigate to 'https://demoqa.com/text-box' successfully

2022-11-30 11:01:51 - [MESSAGE][PASSED] - Navigate to 'https://demoqa.com/text-box' successfully

2022-11-30 11:01:51 - [TEST_STEP][PASSED] - maximizeWindow(): Current window maximized

2022-11-30 11:01:51 - [MESSAGE][PASSED] - Current window maximized

2022-11-30 11:01:51 - [TEST_STEP][PASSED] - waitForPageLoad(5): Wait for page load successfully

2022-11-30 11:01:51 - [MESSAGE][PASSED] - Wait for page load successfully

2022-11-30 11:01:51 - [TEST_STEP][PASSED] - for ([x = 1, x <= 4, (x++)]): Browser is scrolled to position x = 0, y = 100

2022-11-30 11:01:51 - [TEST_STEP][PASSED] - z = ["Carlos", "Erika", "Paco", "Rodrigo", "Juan"]: null

2022-11-30 11:01:51 - [TEST_STEP][PASSED] - rn = new java.util.Random(): null

2022-11-30 11:01:51 - [TEST_STEP][PASSED] - tx_nombre = z[rn.nextInt(size)]: null

2022-11-30 11:01:52 - [TEST_STEP][PASSED] - setText(findTestObject("Object Repository/Reto_for/Page_ToolsQA/input_Full Name_userName"), tx_nombre): Text 'Carlos' is set on object 'Object Repository/Reto_for/Page_ToolsQA/input_Full Name_userName'

2022-11-30 11:01:53 - [MESSAGE][PASSED] - Text 'Carlos' is set on object 'Object Repository/Reto_for/Page_ToolsQA/input_Full Name_userName'

2022-11-30 11:01:53 - [TEST_STEP][PASSED] - setText(findTestObject("Object Repository/Reto_for/Page_ToolsQA/input_Email_userEmail"), tx_nombre + "@gmail.com"): Text 'Carlos@gmail.com' is set on object 'Object Repository/Reto_for/Page_ToolsQA/input_Email_userEmail'

2022-11-30 11:01:54 - [MESSAGE][PASSED] - Text 'Carlos@gmail.com' is set on object 'Object Repository/Reto_for/Page_ToolsQA/input_Email_userEmail'

2022-11-30 11:01:54 - [TEST_STEP][PASSED] - setText(findTestObject("Object Repository/Reto_for/Page_ToolsQA/textarea_Current Address_currentAddress"), "Dirección#" + x): Text 'Dirección#1' is set on object 'Object Repository/Reto_for/Page_ToolsQA/textarea_Current Address_currentAddress'

2022-11-30 11:01:55 - [MESSAGE][PASSED] - Text 'Dirección#1' is set on object 'Object Repository/Reto_for/Page_ToolsQA/textarea_Current Address_currentAddress'

2022-11-30 11:01:55 - [TEST_STEP][PASSED] - setText(findTestObject("Object Repository/Reto_for/Page_ToolsQA/textarea_Permanent Address_permanentAddress"), "Dirección dos#" + x): Text 'Dirección dos#1' is set on object 'Object Repository/Reto_for/Page_ToolsQA/textarea_Permanent Address_permanentAddress'

2022-11-30 11:01:56 - [MESSAGE][PASSED] - Text 'Dirección dos#1' is set on object 'Object Repository/Reto_for/Page_ToolsQA/textarea_Permanent Address_permanentAddress'

2022-11-30 11:01:56 - [TEST_STEP][PASSED] - scrollToPosition(0, 500): Browser is scrolled to position x = 0, y = 500

2022-11-30 11:01:56 - [MESSAGE][PASSED] - Browser is scrolled to position x = 0, y = 500

2022-11-30 11:01:56 - [TEST_STEP][PASSED] - click(findTestObject("Object Repository/Reto_for/Page_ToolsQA/button_Submit")): Object: 'Object Repository/Reto_for/Page_ToolsQA/button_Submit' is clicked on

2022-11-30 11:01:56 - [MESSAGE][PASSED] - Object: 'Object Repository/Reto_for/Page_ToolsQA/button_Submit' is clicked on

2022-11-30 11:01:56 - [TEST_STEP][PASSED] - scrollToPosition(0, 100): Browser is scrolled to position x = 0, y = 100

2022-11-30 11:01:56 - [MESSAGE][PASSED] - Browser is scrolled to position x = 0, y = 100

2022-11-30 11:01:56 - [TEST_STEP][PASSED] - z = ["Carlos", "Erika", "Paco", "Rodrigo", "Juan"]: null

2022-11-30 11:01:56 - [TEST_STEP][PASSED] - rn = new java.util.Random(): null

2022-11-30 11:01:56 - [TEST_STEP][PASSED] - tx_nombre = z[rn.nextInt(size)]: null

2022-11-30 11:01:56 - [TEST_STEP][PASSED] - setText(findTestObject("Object Repository/Reto_for/Page_ToolsQA/input_Full Name_userName"), tx_nombre): Text 'Rodrigo' is set on object 'Object Repository/Reto_for/Page_ToolsQA/input_Full Name_userName'

2022-11-30 11:01:57 - [MESSAGE][PASSED] - Text 'Rodrigo' is set on object 'Object Repository/Reto_for/Page_ToolsQA/input_Full Name_userName'

2022-11-30 11:01:57 - [TEST_STEP][PASSED] - setText(findTestObject("Object Repository/Reto_for/Page_ToolsQA/input_Email_userEmail"), tx_nombre + "@gmail.com"): Text 'Rodrigo@gmail.com' is set on object 'Object Repository/Reto_for/Page_ToolsQA/input_Email_userEmail'

2022-11-30 11:01:58 - [MESSAGE][PASSED] - Text 'Rodrigo@gmail.com' is set on object 'Object Repository/Reto_for/Page_ToolsQA/input_Email_userEmail'

2022-11-30 11:01:58 - [TEST_STEP][PASSED] - setText(findTestObject("Object Repository/Reto_for/Page_ToolsQA/textarea_Current Address_currentAddress"), "Dirección#" + x): Text 'Dirección#2' is set on object 'Object Repository/Reto_for/Page_ToolsQA/textarea_Current Address_currentAddress'

2022-11-30 11:01:59 - [MESSAGE][PASSED] - Text 'Dirección#2' is set on object 'Object Repository/Reto_for/Page_ToolsQA/textarea_Current Address_currentAddress'

2022-11-30 11:01:59 - [TEST_STEP][PASSED] - setText(findTestObject("Object Repository/Reto_for/Page_ToolsQA/textarea_Permanent Address_permanentAddress"), "Dirección dos#" + x): Text 'Dirección dos#2' is set on object 'Object Repository/Reto_for/Page_ToolsQA/textarea_Permanent Address_permanentAddress'

2022-11-30 11:02:00 - [MESSAGE][PASSED] - Text 'Dirección dos#2' is set on object 'Object Repository/Reto_for/Page_ToolsQA/textarea_Permanent Address_permanentAddress'

2022-11-30 11:02:00 - [TEST_STEP][PASSED] - scrollToPosition(0, 500): Browser is scrolled to position x = 0, y = 500

2022-11-30 11:02:00 - [MESSAGE][PASSED] - Browser is scrolled to position x = 0, y = 500

2022-11-30 11:02:00 - [TEST_STEP][PASSED] - click(findTestObject("Object Repository/Reto_for/Page_ToolsQA/button_Submit")): Object: 'Object Repository/Reto_for/Page_ToolsQA/button_Submit' is clicked on

2022-11-30 11:02:00 - [MESSAGE][PASSED] - Object: 'Object Repository/Reto_for/Page_ToolsQA/button_Submit' is clicked on

2022-11-30 11:02:00 - [TEST_STEP][PASSED] - scrollToPosition(0, 100): Browser is scrolled to position x = 0, y = 100

2022-11-30 11:02:00 - [MESSAGE][PASSED] - Browser is scrolled to position x = 0, y = 100

2022-11-30 11:02:00 - [TEST_STEP][PASSED] - z = ["Carlos", "Erika", "Paco", "Rodrigo", "Juan"]: null

2022-11-30 11:02:00 - [TEST_STEP][PASSED] - rn = new java.util.Random(): null

2022-11-30 11:02:00 - [TEST_STEP][PASSED] - tx_nombre = z[rn.nextInt(size)]: null

2022-11-30 11:02:00 - [TEST_STEP][PASSED] - setText(findTestObject("Object Repository/Reto_for/Page_ToolsQA/input_Full Name_userName"), tx_nombre): Text 'Carlos' is set on object 'Object Repository/Reto_for/Page_ToolsQA/input_Full Name_userName'

2022-11-30 11:02:01 - [MESSAGE][PASSED] - Text 'Carlos' is set on object 'Object Repository/Reto_for/Page_ToolsQA/input_Full Name_userName'

2022-11-30 11:02:01 - [TEST_STEP][PASSED] - setText(findTestObject("Object Repository/Reto_for/Page_ToolsQA/input_Email_userEmail"), tx_nombre + "@gmail.com"): Text 'Carlos@gmail.com' is set on object 'Object Repository/Reto_for/Page_ToolsQA/input_Email_userEmail'

2022-11-30 11:02:02 - [MESSAGE][PASSED] - Text 'Carlos@gmail.com' is set on object 'Object Repository/Reto_for/Page_ToolsQA/input_Email_userEmail'

2022-11-30 11:02:02 - [TEST_STEP][PASSED] - setText(findTestObject("Object Repository/Reto_for/Page_ToolsQA/textarea_Current Address_currentAddress"), "Dirección#" + x): Text 'Dirección#3' is set on object 'Object Repository/Reto_for/Page_ToolsQA/textarea_Current Address_currentAddress'

2022-11-30 11:02:03 - [MESSAGE][PASSED] - Text 'Dirección#3' is set on object 'Object Repository/Reto_for/Page_ToolsQA/textarea_Current Address_currentAddress'

2022-11-30 11:02:03 - [TEST_STEP][PASSED] - setText(findTestObject("Object Repository/Reto_for/Page_ToolsQA/textarea_Permanent Address_permanentAddress"), "Dirección dos#" + x): Text 'Dirección dos#3' is set on object 'Object Repository/Reto_for/Page_ToolsQA/textarea_Permanent Address_permanentAddress'

2022-11-30 11:02:04 - [MESSAGE][PASSED] - Text 'Dirección dos#3' is set on object 'Object Repository/Reto_for/Page_ToolsQA/textarea_Permanent Address_permanentAddress'

2022-11-30 11:02:04 - [TEST_STEP][PASSED] - scrollToPosition(0, 500): Browser is scrolled to position x = 0, y = 500

2022-11-30 11:02:04 - [MESSAGE][PASSED] - Browser is scrolled to position x = 0, y = 500

2022-11-30 11:02:04 - [TEST_STEP][PASSED] - click(findTestObject("Object Repository/Reto_for/Page_ToolsQA/button_Submit")): Object: 'Object Repository/Reto_for/Page_ToolsQA/button_Submit' is clicked on

2022-11-30 11:02:05 - [MESSAGE][PASSED] - Object: 'Object Repository/Reto_for/Page_ToolsQA/button_Submit' is clicked on

2022-11-30 11:02:05 - [TEST_STEP][PASSED] - scrollToPosition(0, 100): Browser is scrolled to position x = 0, y = 100

2022-11-30 11:02:05 - [MESSAGE][PASSED] - Browser is scrolled to position x = 0, y = 100

2022-11-30 11:02:05 - [TEST_STEP][PASSED] - z = ["Carlos", "Erika", "Paco", "Rodrigo", "Juan"]: null

2022-11-30 11:02:05 - [TEST_STEP][PASSED] - rn = new java.util.Random(): null

2022-11-30 11:02:05 - [TEST_STEP][PASSED] - tx_nombre = z[rn.nextInt(size)]: null

2022-11-30 11:02:05 - [TEST_STEP][PASSED] - setText(findTestObject("Object Repository/Reto_for/Page_ToolsQA/input_Full Name_userName"), tx_nombre): Text 'Rodrigo' is set on object 'Object Repository/Reto_for/Page_ToolsQA/input_Full Name_userName'

2022-11-30 11:02:06 - [MESSAGE][PASSED] - Text 'Rodrigo' is set on object 'Object Repository/Reto_for/Page_ToolsQA/input_Full Name_userName'

2022-11-30 11:02:06 - [TEST_STEP][PASSED] - setText(findTestObject("Object Repository/Reto_for/Page_ToolsQA/input_Email_userEmail"), tx_nombre + "@gmail.com"): Text 'Rodrigo@gmail.com' is set on object 'Object Repository/Reto_for/Page_ToolsQA/input_Email_userEmail'

2022-11-30 11:02:07 - [MESSAGE][PASSED] - Text 'Rodrigo@gmail.com' is set on object 'Object Repository/Reto_for/Page_ToolsQA/input_Email_userEmail'

2022-11-30 11:02:07 - [TEST_STEP][PASSED] - setText(findTestObject("Object Repository/Reto_for/Page_ToolsQA/textarea_Current Address_currentAddress"), "Dirección#" + x): Text 'Dirección#4' is set on object 'Object Repository/Reto_for/Page_ToolsQA/textarea_Current Address_currentAddress'

2022-11-30 11:02:08 - [MESSAGE][PASSED] - Text 'Dirección#4' is set on object 'Object Repository/Reto_for/Page_ToolsQA/textarea_Current Address_currentAddress'

2022-11-30 11:02:08 - [TEST_STEP][PASSED] - setText(findTestObject("Object Repository/Reto_for/Page_ToolsQA/textarea_Permanent Address_permanentAddress"), "Dirección dos#" + x): Text 'Dirección dos#4' is set on object 'Object Repository/Reto_for/Page_ToolsQA/textarea_Permanent Address_permanentAddress'

2022-11-30 11:02:08 - [MESSAGE][PASSED] - Text 'Dirección dos#4' is set on object 'Object Repository/Reto_for/Page_ToolsQA/textarea_Permanent Address_permanentAddress'

2022-11-30 11:02:08 - [TEST_STEP][PASSED] - scrollToPosition(0, 500): Browser is scrolled to position x = 0, y = 500

2022-11-30 11:02:09 - [MESSAGE][PASSED] - Browser is scrolled to position x = 0, y = 500

2022-11-30 11:02:09 - [TEST_STEP][PASSED] - click(findTestObject("Object Repository/Reto_for/Page_ToolsQA/button_Submit")): Object: 'Object Repository/Reto_for/Page_ToolsQA/button_Submit' is clicked on

2022-11-30 11:02:09 - [MESSAGE][PASSED] - Object: 'Object Repository/Reto_for/Page_ToolsQA/button_Submit' is clicked on

2022-11-30 11:02:09 - [TEST_STEP][PASSED] - scrollToPosition(0, 100): Browser is scrolled to position x = 0, y = 100

2022-11-30 11:02:09 - [MESSAGE][PASSED] - Browser is scrolled to position x = 0, y = 100

2022-11-30 11:02:09 - [TEST_STEP][PASSED] - closeBrowser(): Browser is closed

2022-11-30 11:02:10 - [MESSAGE][PASSED] - Browser is closed]]></system-out>
         <system-err><![CDATA[]]></system-err>
      </testcase>
      <testcase name="Test Cases/BUCLES/Reto_while" time="34.512" classname="Test Cases/BUCLES/Reto_while" status="PASSED">
         <system-out><![CDATA[2022-11-30 11:02:10 - [TEST_CASE][PASSED] - Test Cases/BUCLES/Reto_while: Test Cases/BUCLES/Reto_while

2022-11-30 11:02:10 - [TEST_STEP][PASSED] - openBrowser(""): Browser is opened with url: ''

2022-11-30 11:02:10 - [MESSAGE][INFO] - Starting 'Chrome' driver

2022-11-30 11:02:10 - [MESSAGE][INFO] - Action delay is set to 0 milliseconds

2022-11-30 11:02:12 - [MESSAGE][PASSED] - Browser is opened with url: ''

2022-11-30 11:02:12 - [TEST_STEP][PASSED] - navigateToUrl("https://www.google.com/"): Navigate to 'https://www.google.com/' successfully

2022-11-30 11:02:13 - [MESSAGE][PASSED] - Navigate to 'https://www.google.com/' successfully

2022-11-30 11:02:13 - [TEST_STEP][PASSED] - Bandera = 0: null

2022-11-30 11:02:13 - [TEST_STEP][PASSED] - while (Bandera != 1): null

2022-11-30 11:02:13 - [TEST_STEP][PASSED] - num = Math.random() * 5 - 1 + 1: null

2022-11-30 11:02:13 - [TEST_STEP][PASSED] - setText(findTestObject("Object Repository/While_google/Page_Google/input__q"), "5+" + num): Text '5+1' is set on object 'Object Repository/While_google/Page_Google/input__q'

2022-11-30 11:02:14 - [MESSAGE][PASSED] - Text '5+1' is set on object 'Object Repository/While_google/Page_Google/input__q'

2022-11-30 11:02:14 - [TEST_STEP][PASSED] - sendKeys(findTestObject("Object Repository/While_google/Page_Google/input__q"), Keys.chord(ENTER)): Keys 'ENTER + ' sent to object: 'Object Repository/While_google/Page_Google/input__q'

2022-11-30 11:02:23 - [MESSAGE][PASSED] - Keys 'ENTER + ' sent to object: 'Object Repository/While_google/Page_Google/input__q'

2022-11-30 11:02:23 - [TEST_STEP][PASSED] - Resultado = getText(findTestObject("While_google/Extras/Resultado_10")): Text of object 'Object Repository/While_google/Extras/Resultado_10' is: '6'

2022-11-30 11:02:23 - [MESSAGE][PASSED] - Text of object 'Object Repository/While_google/Extras/Resultado_10' is: '6'

2022-11-30 11:02:23 - [TEST_STEP][PASSED] - if (Resultado == "8"): null

2022-11-30 11:02:23 - [TEST_STEP][PASSED] - else: null

2022-11-30 11:02:23 - [TEST_STEP][PASSED] - Bandera = 0: null

2022-11-30 11:02:23 - [TEST_STEP][PASSED] - print(Bandera + "------"): null

2022-11-30 11:02:23 - [TEST_STEP][PASSED] - num = Math.random() * 5 - 1 + 1: null

2022-11-30 11:02:23 - [TEST_STEP][PASSED] - setText(findTestObject("Object Repository/While_google/Page_Google/input__q"), "5+" + num): Text '5+2' is set on object 'Object Repository/While_google/Page_Google/input__q'

2022-11-30 11:02:24 - [MESSAGE][PASSED] - Text '5+2' is set on object 'Object Repository/While_google/Page_Google/input__q'

2022-11-30 11:02:24 - [TEST_STEP][PASSED] - sendKeys(findTestObject("Object Repository/While_google/Page_Google/input__q"), Keys.chord(ENTER)): Keys 'ENTER + ' sent to object: 'Object Repository/While_google/Page_Google/input__q'

2022-11-30 11:02:29 - [MESSAGE][PASSED] - Keys 'ENTER + ' sent to object: 'Object Repository/While_google/Page_Google/input__q'

2022-11-30 11:02:29 - [TEST_STEP][PASSED] - Resultado = getText(findTestObject("While_google/Extras/Resultado_10")): Text of object 'Object Repository/While_google/Extras/Resultado_10' is: '7'

2022-11-30 11:02:30 - [MESSAGE][PASSED] - Text of object 'Object Repository/While_google/Extras/Resultado_10' is: '7'

2022-11-30 11:02:30 - [TEST_STEP][PASSED] - if (Resultado == "8"): null

2022-11-30 11:02:30 - [TEST_STEP][PASSED] - else: null

2022-11-30 11:02:30 - [TEST_STEP][PASSED] - Bandera = 0: null

2022-11-30 11:02:30 - [TEST_STEP][PASSED] - print(Bandera + "------"): null

2022-11-30 11:02:30 - [TEST_STEP][PASSED] - num = Math.random() * 5 - 1 + 1: null

2022-11-30 11:02:30 - [TEST_STEP][PASSED] - setText(findTestObject("Object Repository/While_google/Page_Google/input__q"), "5+" + num): Text '5+2' is set on object 'Object Repository/While_google/Page_Google/input__q'

2022-11-30 11:02:31 - [MESSAGE][PASSED] - Text '5+2' is set on object 'Object Repository/While_google/Page_Google/input__q'

2022-11-30 11:02:31 - [TEST_STEP][PASSED] - sendKeys(findTestObject("Object Repository/While_google/Page_Google/input__q"), Keys.chord(ENTER)): Keys 'ENTER + ' sent to object: 'Object Repository/While_google/Page_Google/input__q'

2022-11-30 11:02:35 - [MESSAGE][PASSED] - Keys 'ENTER + ' sent to object: 'Object Repository/While_google/Page_Google/input__q'

2022-11-30 11:02:35 - [TEST_STEP][PASSED] - Resultado = getText(findTestObject("While_google/Extras/Resultado_10")): Text of object 'Object Repository/While_google/Extras/Resultado_10' is: '7'

2022-11-30 11:02:36 - [MESSAGE][PASSED] - Text of object 'Object Repository/While_google/Extras/Resultado_10' is: '7'

2022-11-30 11:02:36 - [TEST_STEP][PASSED] - if (Resultado == "8"): null

2022-11-30 11:02:36 - [TEST_STEP][PASSED] - else: null

2022-11-30 11:02:36 - [TEST_STEP][PASSED] - Bandera = 0: null

2022-11-30 11:02:36 - [TEST_STEP][PASSED] - print(Bandera + "------"): null

2022-11-30 11:02:36 - [TEST_STEP][PASSED] - num = Math.random() * 5 - 1 + 1: null

2022-11-30 11:02:36 - [TEST_STEP][PASSED] - setText(findTestObject("Object Repository/While_google/Page_Google/input__q"), "5+" + num): Text '5+3' is set on object 'Object Repository/While_google/Page_Google/input__q'

2022-11-30 11:02:37 - [MESSAGE][PASSED] - Text '5+3' is set on object 'Object Repository/While_google/Page_Google/input__q'

2022-11-30 11:02:37 - [TEST_STEP][PASSED] - sendKeys(findTestObject("Object Repository/While_google/Page_Google/input__q"), Keys.chord(ENTER)): Keys 'ENTER + ' sent to object: 'Object Repository/While_google/Page_Google/input__q'

2022-11-30 11:02:43 - [MESSAGE][PASSED] - Keys 'ENTER + ' sent to object: 'Object Repository/While_google/Page_Google/input__q'

2022-11-30 11:02:43 - [TEST_STEP][PASSED] - Resultado = getText(findTestObject("While_google/Extras/Resultado_10")): Text of object 'Object Repository/While_google/Extras/Resultado_10' is: '8'

2022-11-30 11:02:43 - [MESSAGE][PASSED] - Text of object 'Object Repository/While_google/Extras/Resultado_10' is: '8'

2022-11-30 11:02:43 - [TEST_STEP][PASSED] - if (Resultado == "8"): Browser is closed

2022-11-30 11:02:43 - [TEST_STEP][PASSED] - Bandera = 1: null

2022-11-30 11:02:43 - [TEST_STEP][PASSED] - print("Listo termina"): null

2022-11-30 11:02:43 - [TEST_STEP][PASSED] - closeBrowser(): Browser is closed

2022-11-30 11:02:44 - [MESSAGE][PASSED] - Browser is closed

2022-11-30 11:02:44 - [TEST_STEP][PASSED] - print(Bandera + "------"): null]]></system-out>
         <system-err><![CDATA[]]></system-err>
      </testcase>
      <testcase name="Test Cases/BUCLES/Reto_while_solucion" time="28.316" classname="Test Cases/BUCLES/Reto_while_solucion" status="PASSED">
         <system-out><![CDATA[2022-11-30 11:02:44 - [TEST_CASE][PASSED] - Test Cases/BUCLES/Reto_while_solucion: Test Cases/BUCLES/Reto_while_solucion

2022-11-30 11:02:45 - [TEST_STEP][PASSED] - openBrowser(""): Browser is opened with url: ''

2022-11-30 11:02:45 - [MESSAGE][INFO] - Starting 'Chrome' driver

2022-11-30 11:02:45 - [MESSAGE][INFO] - Action delay is set to 0 milliseconds

2022-11-30 11:02:46 - [MESSAGE][PASSED] - Browser is opened with url: ''

2022-11-30 11:02:46 - [TEST_STEP][PASSED] - navigateToUrl("https://www.google.com/"): Navigate to 'https://www.google.com/' successfully

2022-11-30 11:02:48 - [MESSAGE][PASSED] - Navigate to 'https://www.google.com/' successfully

2022-11-30 11:02:48 - [TEST_STEP][PASSED] - Res = 0: null

2022-11-30 11:02:48 - [TEST_STEP][PASSED] - while (Res != 8): Browser is closed

2022-11-30 11:02:48 - [TEST_STEP][PASSED] - num = Math.random() * 5 - 1 + 1: null

2022-11-30 11:02:48 - [TEST_STEP][PASSED] - setText(findTestObject("Object Repository/Reto_while1/Page_Google/input__q"), "5+" + num): Text '5+4' is set on object 'Object Repository/Reto_while1/Page_Google/input__q'

2022-11-30 11:02:50 - [MESSAGE][PASSED] - Text '5+4' is set on object 'Object Repository/Reto_while1/Page_Google/input__q'

2022-11-30 11:02:50 - [TEST_STEP][PASSED] - sendKeys(findTestObject("Object Repository/Reto_while1/Page_Google/input__q"), Keys.chord(ENTER)): Keys 'ENTER + ' sent to object: 'Object Repository/Reto_while1/Page_Google/input__q'

2022-11-30 11:02:56 - [MESSAGE][PASSED] - Keys 'ENTER + ' sent to object: 'Object Repository/Reto_while1/Page_Google/input__q'

2022-11-30 11:02:56 - [TEST_STEP][PASSED] - Res = getText(findTestObject("Reto_while1/Resultado_8")).toInteger(): Text of object 'Object Repository/Reto_while1/Resultado_8' is: '9'

2022-11-30 11:02:56 - [MESSAGE][PASSED] - Text of object 'Object Repository/Reto_while1/Resultado_8' is: '9'

2022-11-30 11:02:57 - [TEST_STEP][PASSED] - if (Res == 8): null

2022-11-30 11:02:57 - [TEST_STEP][PASSED] - num = Math.random() * 5 - 1 + 1: null

2022-11-30 11:02:57 - [TEST_STEP][PASSED] - setText(findTestObject("Object Repository/Reto_while1/Page_Google/input__q"), "5+" + num): Text '5+1' is set on object 'Object Repository/Reto_while1/Page_Google/input__q'

2022-11-30 11:02:57 - [MESSAGE][PASSED] - Text '5+1' is set on object 'Object Repository/Reto_while1/Page_Google/input__q'

2022-11-30 11:02:57 - [TEST_STEP][PASSED] - sendKeys(findTestObject("Object Repository/Reto_while1/Page_Google/input__q"), Keys.chord(ENTER)): Keys 'ENTER + ' sent to object: 'Object Repository/Reto_while1/Page_Google/input__q'

2022-11-30 11:03:04 - [MESSAGE][PASSED] - Keys 'ENTER + ' sent to object: 'Object Repository/Reto_while1/Page_Google/input__q'

2022-11-30 11:03:04 - [TEST_STEP][PASSED] - Res = getText(findTestObject("Reto_while1/Resultado_8")).toInteger(): Text of object 'Object Repository/Reto_while1/Resultado_8' is: '6'

2022-11-30 11:03:05 - [MESSAGE][PASSED] - Text of object 'Object Repository/Reto_while1/Resultado_8' is: '6'

2022-11-30 11:03:05 - [TEST_STEP][PASSED] - if (Res == 8): null

2022-11-30 11:03:05 - [TEST_STEP][PASSED] - num = Math.random() * 5 - 1 + 1: null

2022-11-30 11:03:05 - [TEST_STEP][PASSED] - setText(findTestObject("Object Repository/Reto_while1/Page_Google/input__q"), "5+" + num): Text '5+3' is set on object 'Object Repository/Reto_while1/Page_Google/input__q'

2022-11-30 11:03:06 - [MESSAGE][PASSED] - Text '5+3' is set on object 'Object Repository/Reto_while1/Page_Google/input__q'

2022-11-30 11:03:06 - [TEST_STEP][PASSED] - sendKeys(findTestObject("Object Repository/Reto_while1/Page_Google/input__q"), Keys.chord(ENTER)): Keys 'ENTER + ' sent to object: 'Object Repository/Reto_while1/Page_Google/input__q'

2022-11-30 11:03:11 - [MESSAGE][PASSED] - Keys 'ENTER + ' sent to object: 'Object Repository/Reto_while1/Page_Google/input__q'

2022-11-30 11:03:11 - [TEST_STEP][PASSED] - Res = getText(findTestObject("Reto_while1/Resultado_8")).toInteger(): Text of object 'Object Repository/Reto_while1/Resultado_8' is: '8'

2022-11-30 11:03:12 - [MESSAGE][PASSED] - Text of object 'Object Repository/Reto_while1/Resultado_8' is: '8'

2022-11-30 11:03:12 - [TEST_STEP][PASSED] - if (Res == 8): Browser is closed

2022-11-30 11:03:12 - [TEST_STEP][PASSED] - closeBrowser(): Browser is closed

2022-11-30 11:03:13 - [MESSAGE][PASSED] - Browser is closed]]></system-out>
         <system-err><![CDATA[]]></system-err>
      </testcase>
      <testcase name="Test Cases/BUCLES/Test_1" time="32.859" classname="Test Cases/BUCLES/Test_1" status="PASSED">
         <system-out><![CDATA[2022-11-30 11:03:13 - [TEST_CASE][PASSED] - Test Cases/BUCLES/Test_1: Test Cases/BUCLES/Test_1

2022-11-30 11:03:13 - [TEST_STEP][PASSED] - openBrowser(""): Browser is opened with url: ''

2022-11-30 11:03:13 - [MESSAGE][INFO] - Starting 'Chrome' driver

2022-11-30 11:03:13 - [MESSAGE][INFO] - Action delay is set to 0 milliseconds

2022-11-30 11:03:15 - [MESSAGE][PASSED] - Browser is opened with url: ''

2022-11-30 11:03:15 - [TEST_STEP][PASSED] - navigateToUrl("https://demoqa.com/text-box"): Navigate to 'https://demoqa.com/text-box' successfully

2022-11-30 11:03:24 - [MESSAGE][PASSED] - Navigate to 'https://demoqa.com/text-box' successfully

2022-11-30 11:03:24 - [TEST_STEP][PASSED] - for ([x = 1, x <= 2, (x++)]): null

2022-11-30 11:03:24 - [TEST_STEP][PASSED] - openBrowser(""): Browser is opened with url: ''

2022-11-30 11:03:24 - [MESSAGE][WARNING] - A browser is already opened. Closing browser and opening a new one

2022-11-30 11:03:25 - [MESSAGE][INFO] - Starting 'Chrome' driver

2022-11-30 11:03:25 - [MESSAGE][INFO] - Action delay is set to 0 milliseconds

2022-11-30 11:03:26 - [MESSAGE][PASSED] - Browser is opened with url: ''

2022-11-30 11:03:26 - [TEST_STEP][PASSED] - navigateToUrl("https://demoqa.com/text-box"): Navigate to 'https://demoqa.com/text-box' successfully

2022-11-30 11:03:35 - [MESSAGE][PASSED] - Navigate to 'https://demoqa.com/text-box' successfully

2022-11-30 11:03:35 - [TEST_STEP][PASSED] - RN = Math.random() * 10 - 1 + 1: null

2022-11-30 11:03:35 - [TEST_STEP][PASSED] - print("Numero : " + RN + "----"): null

2022-11-30 11:03:35 - [TEST_STEP][PASSED] - z = ["Demo1", "Demo2", "Demo3", "Demo4", "Demo5"]: null

2022-11-30 11:03:35 - [TEST_STEP][PASSED] - rnd = new java.util.Random(): null

2022-11-30 11:03:35 - [TEST_STEP][PASSED] - texto = z[rnd.nextInt(size)]: null

2022-11-30 11:03:35 - [TEST_STEP][PASSED] - print(texto): null

2022-11-30 11:03:35 - [TEST_STEP][PASSED] - openBrowser(""): Browser is opened with url: ''

2022-11-30 11:03:35 - [MESSAGE][WARNING] - A browser is already opened. Closing browser and opening a new one

2022-11-30 11:03:35 - [MESSAGE][INFO] - Starting 'Chrome' driver

2022-11-30 11:03:35 - [MESSAGE][INFO] - Action delay is set to 0 milliseconds

2022-11-30 11:03:37 - [MESSAGE][PASSED] - Browser is opened with url: ''

2022-11-30 11:03:37 - [TEST_STEP][PASSED] - navigateToUrl("https://demoqa.com/text-box"): Navigate to 'https://demoqa.com/text-box' successfully

2022-11-30 11:03:45 - [MESSAGE][PASSED] - Navigate to 'https://demoqa.com/text-box' successfully

2022-11-30 11:03:45 - [TEST_STEP][PASSED] - RN = Math.random() * 10 - 1 + 1: null

2022-11-30 11:03:45 - [TEST_STEP][PASSED] - print("Numero : " + RN + "----"): null

2022-11-30 11:03:45 - [TEST_STEP][PASSED] - z = ["Demo1", "Demo2", "Demo3", "Demo4", "Demo5"]: null

2022-11-30 11:03:45 - [TEST_STEP][PASSED] - rnd = new java.util.Random(): null

2022-11-30 11:03:45 - [TEST_STEP][PASSED] - texto = z[rnd.nextInt(size)]: null

2022-11-30 11:03:45 - [TEST_STEP][PASSED] - print(texto): null

2022-11-30 11:03:45 - [TEST_STEP][PASSED] - closeBrowser(): Browser is closed

2022-11-30 11:03:46 - [MESSAGE][PASSED] - Browser is closed]]></system-out>
         <system-err><![CDATA[]]></system-err>
      </testcase>
      <testcase name="Test Cases/BUCLES/Test_2" time="14.929" classname="Test Cases/BUCLES/Test_2" status="PASSED">
         <system-out><![CDATA[2022-11-30 11:03:46 - [TEST_CASE][PASSED] - Test Cases/BUCLES/Test_2: Test Cases/BUCLES/Test_2

2022-11-30 11:03:46 - [TEST_STEP][PASSED] - openBrowser(""): Browser is opened with url: ''

2022-11-30 11:03:46 - [MESSAGE][INFO] - Starting 'Chrome' driver

2022-11-30 11:03:46 - [MESSAGE][INFO] - Action delay is set to 0 milliseconds

2022-11-30 11:03:48 - [MESSAGE][PASSED] - Browser is opened with url: ''

2022-11-30 11:03:48 - [TEST_STEP][PASSED] - navigateToUrl("https://demoqa.com/text-box"): Navigate to 'https://demoqa.com/text-box' successfully

2022-11-30 11:04:00 - [MESSAGE][PASSED] - Navigate to 'https://demoqa.com/text-box' successfully

2022-11-30 11:04:00 - [TEST_STEP][PASSED] - for ([x = 1, x <= 10, x = x + 2]): null

2022-11-30 11:04:00 - [TEST_STEP][PASSED] - print(" hola mundo " + x + "-------"): null

2022-11-30 11:04:00 - [TEST_STEP][PASSED] - print(" hola mundo " + x + "-------"): null

2022-11-30 11:04:00 - [TEST_STEP][PASSED] - print(" hola mundo " + x + "-------"): null

2022-11-30 11:04:00 - [TEST_STEP][PASSED] - print(" hola mundo " + x + "-------"): null

2022-11-30 11:04:00 - [TEST_STEP][PASSED] - print(" hola mundo " + x + "-------"): null

2022-11-30 11:04:00 - [TEST_STEP][PASSED] - closeBrowser(): Browser is closed

2022-11-30 11:04:00 - [MESSAGE][PASSED] - Browser is closed]]></system-out>
         <system-err><![CDATA[]]></system-err>
      </testcase>
      <testcase name="Test Cases/BUCLES/Test_while" time="11.785" classname="Test Cases/BUCLES/Test_while" status="PASSED">
         <system-out><![CDATA[2022-11-30 11:04:00 - [TEST_CASE][PASSED] - Test Cases/BUCLES/Test_while: Test Cases/BUCLES/Test_while

2022-11-30 11:04:01 - [TEST_STEP][PASSED] - openBrowser(""): Browser is opened with url: ''

2022-11-30 11:04:01 - [MESSAGE][INFO] - Starting 'Chrome' driver

2022-11-30 11:04:01 - [MESSAGE][INFO] - Action delay is set to 0 milliseconds

2022-11-30 11:04:02 - [MESSAGE][PASSED] - Browser is opened with url: ''

2022-11-30 11:04:02 - [TEST_STEP][PASSED] - navigateToUrl("https://demoqa.com/text-box"): Navigate to 'https://demoqa.com/text-box' successfully

2022-11-30 11:04:11 - [MESSAGE][PASSED] - Navigate to 'https://demoqa.com/text-box' successfully

2022-11-30 11:04:11 - [TEST_STEP][PASSED] - maximizeWindow(): Current window maximized

2022-11-30 11:04:11 - [MESSAGE][PASSED] - Current window maximized

2022-11-30 11:04:11 - [TEST_STEP][PASSED] - waitForPageLoad(5): Wait for page load successfully

2022-11-30 11:04:11 - [MESSAGE][PASSED] - Wait for page load successfully

2022-11-30 11:04:11 - [TEST_STEP][PASSED] - x = 1: null

2022-11-30 11:04:11 - [TEST_STEP][PASSED] - while (x <= 3): null

2022-11-30 11:04:11 - [TEST_STEP][PASSED] - print("Hola " + x + "----------"): null

2022-11-30 11:04:11 - [TEST_STEP][PASSED] - (x++): null

2022-11-30 11:04:11 - [TEST_STEP][PASSED] - print("Hola " + x + "----------"): null

2022-11-30 11:04:11 - [TEST_STEP][PASSED] - (x++): null

2022-11-30 11:04:11 - [TEST_STEP][PASSED] - print("Hola " + x + "----------"): null

2022-11-30 11:04:11 - [TEST_STEP][PASSED] - (x++): null

2022-11-30 11:04:11 - [TEST_STEP][PASSED] - closeBrowser(): Browser is closed

2022-11-30 11:04:12 - [MESSAGE][PASSED] - Browser is closed]]></system-out>
         <system-err><![CDATA[]]></system-err>
      </testcase>
      <testcase name="Test Cases/BUCLES/Test_while2" time="13.807" classname="Test Cases/BUCLES/Test_while2" status="PASSED">
         <system-out><![CDATA[2022-11-30 11:04:12 - [TEST_CASE][PASSED] - Test Cases/BUCLES/Test_while2: Test Cases/BUCLES/Test_while2

2022-11-30 11:04:13 - [TEST_STEP][PASSED] - openBrowser(""): Browser is opened with url: ''

2022-11-30 11:04:13 - [MESSAGE][INFO] - Starting 'Chrome' driver

2022-11-30 11:04:13 - [MESSAGE][INFO] - Action delay is set to 0 milliseconds

2022-11-30 11:04:14 - [MESSAGE][PASSED] - Browser is opened with url: ''

2022-11-30 11:04:14 - [TEST_STEP][PASSED] - navigateToUrl("https://demoqa.com/text-box"): Navigate to 'https://demoqa.com/text-box' successfully

2022-11-30 11:04:25 - [MESSAGE][PASSED] - Navigate to 'https://demoqa.com/text-box' successfully

2022-11-30 11:04:25 - [TEST_STEP][PASSED] - maximizeWindow(): Current window maximized

2022-11-30 11:04:25 - [MESSAGE][PASSED] - Current window maximized

2022-11-30 11:04:25 - [TEST_STEP][PASSED] - waitForPageLoad(5): Wait for page load successfully

2022-11-30 11:04:25 - [MESSAGE][PASSED] - Wait for page load successfully

2022-11-30 11:04:25 - [TEST_STEP][PASSED] - x = 1: null

2022-11-30 11:04:25 - [TEST_STEP][PASSED] - while (x <= 5): null

2022-11-30 11:04:25 - [TEST_STEP][PASSED] - print("Valor de X" + x + "------>"): null

2022-11-30 11:04:25 - [TEST_STEP][PASSED] - (x++): null

2022-11-30 11:04:25 - [TEST_STEP][PASSED] - print("Valor de X" + x + "------>"): null

2022-11-30 11:04:25 - [TEST_STEP][PASSED] - (x++): null

2022-11-30 11:04:25 - [TEST_STEP][PASSED] - print("Valor de X" + x + "------>"): null

2022-11-30 11:04:25 - [TEST_STEP][PASSED] - (x++): null

2022-11-30 11:04:25 - [TEST_STEP][PASSED] - print("Valor de X" + x + "------>"): null

2022-11-30 11:04:25 - [TEST_STEP][PASSED] - (x++): null

2022-11-30 11:04:25 - [TEST_STEP][PASSED] - print("Valor de X" + x + "------>"): null

2022-11-30 11:04:25 - [TEST_STEP][PASSED] - (x++): null

2022-11-30 11:04:25 - [TEST_STEP][PASSED] - closeBrowser(): Browser is closed

2022-11-30 11:04:26 - [MESSAGE][PASSED] - Browser is closed]]></system-out>
         <system-err><![CDATA[]]></system-err>
      </testcase>
      <testcase name="Test Cases/Drive_excel/Drive_excel" time="18.169" classname="Test Cases/Drive_excel/Drive_excel" status="PASSED">
         <system-out><![CDATA[2022-11-30 11:04:26 - [TEST_CASE][PASSED] - Test Cases/Drive_excel/Drive_excel: Test Cases/Drive_excel/Drive_excel

2022-11-30 11:04:27 - [TEST_STEP][PASSED] - openBrowser(""): Browser is opened with url: ''

2022-11-30 11:04:27 - [MESSAGE][INFO] - Starting 'Chrome' driver

2022-11-30 11:04:27 - [MESSAGE][INFO] - Action delay is set to 0 milliseconds

2022-11-30 11:04:28 - [MESSAGE][PASSED] - Browser is opened with url: ''

2022-11-30 11:04:28 - [TEST_STEP][PASSED] - navigateToUrl("https://demoqa.com/automation-practice-form"): Navigate to 'https://demoqa.com/automation-practice-form' successfully

2022-11-30 11:04:38 - [MESSAGE][PASSED] - Navigate to 'https://demoqa.com/automation-practice-form' successfully

2022-11-30 11:04:38 - [TEST_STEP][PASSED] - waitForPageLoad(40): Wait for page load successfully

2022-11-30 11:04:38 - [MESSAGE][PASSED] - Wait for page load successfully

2022-11-30 11:04:38 - [TEST_STEP][PASSED] - maximizeWindow(): Current window maximized

2022-11-30 11:04:38 - [MESSAGE][PASSED] - Current window maximized

2022-11-30 11:04:38 - [TEST_STEP][PASSED] - setText(findTestObject("Object Repository/Drive_excel/Page_ToolsQA/input_Name_firstName"), nombre): Text '' is set on object 'Object Repository/Drive_excel/Page_ToolsQA/input_Name_firstName'

2022-11-30 11:04:40 - [MESSAGE][PASSED] - Text '' is set on object 'Object Repository/Drive_excel/Page_ToolsQA/input_Name_firstName'

2022-11-30 11:04:40 - [TEST_STEP][PASSED] - setText(findTestObject("Object Repository/Drive_excel/Page_ToolsQA/input_Name_lastName"), apellido): Text '' is set on object 'Object Repository/Drive_excel/Page_ToolsQA/input_Name_lastName'

2022-11-30 11:04:41 - [MESSAGE][PASSED] - Text '' is set on object 'Object Repository/Drive_excel/Page_ToolsQA/input_Name_lastName'

2022-11-30 11:04:41 - [TEST_STEP][PASSED] - setText(findTestObject("Object Repository/Drive_excel/Page_ToolsQA/input_Email_userEmail"), email): Text '' is set on object 'Object Repository/Drive_excel/Page_ToolsQA/input_Email_userEmail'

2022-11-30 11:04:41 - [MESSAGE][PASSED] - Text '' is set on object 'Object Repository/Drive_excel/Page_ToolsQA/input_Email_userEmail'

2022-11-30 11:04:41 - [TEST_STEP][PASSED] - delay(2): Delayed 2 second(s)

2022-11-30 11:04:43 - [MESSAGE][PASSED] - Delayed 2 second(s)

2022-11-30 11:04:43 - [TEST_STEP][PASSED] - closeBrowser(): Browser is closed

2022-11-30 11:04:44 - [MESSAGE][PASSED] - Browser is closed]]></system-out>
         <system-err><![CDATA[]]></system-err>
      </testcase>
      <testcase name="Test Cases/Navegador/Navegador" time="10.889" classname="Test Cases/Navegador/Navegador" status="PASSED">
         <system-out><![CDATA[2022-11-30 11:04:44 - [TEST_CASE][PASSED] - Test Cases/Navegador/Navegador: Test Cases/Navegador/Navegador

2022-11-30 11:04:44 - [TEST_STEP][PASSED] - openBrowser("https://demoqa.com/text-box"): Browser is opened with url: 'https://demoqa.com/text-box'

2022-11-30 11:04:44 - [MESSAGE][INFO] - Starting 'Chrome' driver

2022-11-30 11:04:44 - [MESSAGE][INFO] - Action delay is set to 0 milliseconds

2022-11-30 11:04:54 - [MESSAGE][PASSED] - Browser is opened with url: 'https://demoqa.com/text-box'

2022-11-30 11:04:54 - [TEST_STEP][PASSED] - maximizeWindow(): Current window maximized

2022-11-30 11:04:54 - [MESSAGE][PASSED] - Current window maximized

2022-11-30 11:04:54 - [TEST_STEP][PASSED] - page_url = getUrl(): Current window's url is: 'https://demoqa.com/text-box'

2022-11-30 11:04:54 - [MESSAGE][PASSED] - Current window's url is: 'https://demoqa.com/text-box'

2022-11-30 11:04:54 - [TEST_STEP][PASSED] - print(page_url): null

2022-11-30 11:04:54 - [TEST_STEP][PASSED] - Titulo = getWindowTitle(): Current window's title is: 'ToolsQA'

2022-11-30 11:04:54 - [MESSAGE][PASSED] - Current window's title is: 'ToolsQA'

2022-11-30 11:04:54 - [TEST_STEP][PASSED] - print("titiulo de la pagina" + Titulo): null

2022-11-30 11:04:54 - [TEST_STEP][PASSED] - closeBrowser(): Browser is closed

2022-11-30 11:04:55 - [MESSAGE][PASSED] - Browser is closed]]></system-out>
         <system-err><![CDATA[]]></system-err>
      </testcase>
      <testcase name="Test Cases/Objecto_xpath/Caso_xpath" time="15.946" classname="Test Cases/Objecto_xpath/Caso_xpath" status="PASSED">
         <system-out><![CDATA[2022-11-30 11:04:55 - [TEST_CASE][PASSED] - Test Cases/Objecto_xpath/Caso_xpath: Test Cases/Objecto_xpath/Caso_xpath

2022-11-30 11:04:55 - [TEST_STEP][PASSED] - openBrowser(""): Browser is opened with url: ''

2022-11-30 11:04:55 - [MESSAGE][INFO] - Starting 'Chrome' driver

2022-11-30 11:04:55 - [MESSAGE][INFO] - Action delay is set to 0 milliseconds

2022-11-30 11:04:57 - [MESSAGE][PASSED] - Browser is opened with url: ''

2022-11-30 11:04:57 - [TEST_STEP][PASSED] - navigateToUrl("https://demoqa.com/text-box"): Navigate to 'https://demoqa.com/text-box' successfully

2022-11-30 11:05:05 - [MESSAGE][PASSED] - Navigate to 'https://demoqa.com/text-box' successfully

2022-11-30 11:05:05 - [TEST_STEP][PASSED] - maximizeWindow(): Current window maximized

2022-11-30 11:05:06 - [MESSAGE][PASSED] - Current window maximized

2022-11-30 11:05:06 - [TEST_STEP][PASSED] - setText(findTestObject("Objeto_xpath/Campo_nombre"), "Ljubo"): Text 'Ljubo' is set on object 'Object Repository/Objeto_xpath/Campo_nombre'

2022-11-30 11:05:07 - [MESSAGE][PASSED] - Text 'Ljubo' is set on object 'Object Repository/Objeto_xpath/Campo_nombre'

2022-11-30 11:05:07 - [TEST_STEP][PASSED] - delay(3): Delayed 3 second(s)

2022-11-30 11:05:10 - [MESSAGE][PASSED] - Delayed 3 second(s)

2022-11-30 11:05:10 - [TEST_STEP][PASSED] - closeBrowser(): Browser is closed

2022-11-30 11:05:11 - [MESSAGE][PASSED] - Browser is closed]]></system-out>
         <system-err><![CDATA[]]></system-err>
      </testcase>
      <testcase name="Test Cases/Condicionales_If/Condicionar_titulo" time="25.559" classname="Test Cases/Condicionales_If/Condicionar_titulo" status="PASSED">
         <system-out><![CDATA[2022-11-30 11:05:11 - [TEST_CASE][PASSED] - Test Cases/Condicionales_If/Condicionar_titulo: Test Cases/Condicionales_If/Condicionar_titulo

2022-11-30 11:05:11 - [TEST_STEP][PASSED] - openBrowser(""): Browser is opened with url: ''

2022-11-30 11:05:11 - [MESSAGE][INFO] - Starting 'Chrome' driver

2022-11-30 11:05:11 - [MESSAGE][INFO] - Action delay is set to 0 milliseconds

2022-11-30 11:05:13 - [MESSAGE][PASSED] - Browser is opened with url: ''

2022-11-30 11:05:13 - [TEST_STEP][PASSED] - navigateToUrl("https://demoqa.com/"): Navigate to 'https://demoqa.com/' successfully

2022-11-30 11:05:22 - [MESSAGE][PASSED] - Navigate to 'https://demoqa.com/' successfully

2022-11-30 11:05:22 - [TEST_STEP][PASSED] - maximizeWindow(): Current window maximized

2022-11-30 11:05:22 - [MESSAGE][PASSED] - Current window maximized

2022-11-30 11:05:22 - [TEST_STEP][PASSED] - waitForPageLoad(5): Wait for page load successfully

2022-11-30 11:05:22 - [MESSAGE][PASSED] - Wait for page load successfully

2022-11-30 11:05:22 - [TEST_STEP][PASSED] - Existe = waitForElementVisible(findTestObject("Condicionales/Texto_radio"), 3): Web element with id: 'Object Repository/Condicionales/Texto_radio' located by '//div[@class='main-header'][contains(.,'Radio Button')]' not found

2022-11-30 11:05:26 - [MESSAGE][INFO] - Unable to find the element located by 'By.xpath: //div[@class='main-header'][contains(.,'Radio Button')]'. Please recheck the objects properties to make sure the desired element is located. 

2022-11-30 11:05:26 - [MESSAGE][WARNING] - [SELF-HEALING] Failed to find element with id 'Object Repository/Condicionales/Texto_radio'. Try using Self-healing.

2022-11-30 11:05:27 - [MESSAGE][INFO] - [SELF-HEALING] No working XPath is found.

2022-11-30 11:05:28 - [MESSAGE][INFO] - Unable to find the element located by 'By.xpath: '. Please recheck the objects properties to make sure the desired element is located. 

2022-11-30 11:05:28 - [MESSAGE][WARNING] - [SELF-HEALING] Cannot find elements when the selector is null

2022-11-30 11:05:28 - [MESSAGE][WARNING] - Web element with id: 'Object Repository/Condicionales/Texto_radio' located by '//div[@class='main-header'][contains(.,'Radio Button')]' not found

2022-11-30 11:05:28 - [TEST_STEP][PASSED] - print(Existe): null

2022-11-30 11:05:28 - [TEST_STEP][PASSED] - if (Existe == true): null

2022-11-30 11:05:28 - [TEST_STEP][PASSED] - else: Browser is closed

2022-11-30 11:05:28 - [TEST_STEP][PASSED] - print("-----  Error no esta el elemento de texto radio ------"): null

2022-11-30 11:05:28 - [TEST_STEP][PASSED] - navigateToUrl("https://demoqa.com/radio-button"): Navigate to 'https://demoqa.com/radio-button' successfully

2022-11-30 11:05:33 - [MESSAGE][PASSED] - Navigate to 'https://demoqa.com/radio-button' successfully

2022-11-30 11:05:33 - [TEST_STEP][PASSED] - click(findTestObject("Condicionales/Objeto_yes")): Object: 'Object Repository/Condicionales/Objeto_yes' is clicked on

2022-11-30 11:05:34 - [MESSAGE][PASSED] - Object: 'Object Repository/Condicionales/Objeto_yes' is clicked on

2022-11-30 11:05:34 - [TEST_STEP][PASSED] - delay(2): Delayed 2 second(s)

2022-11-30 11:05:36 - [MESSAGE][PASSED] - Delayed 2 second(s)

2022-11-30 11:05:36 - [TEST_STEP][PASSED] - closeBrowser(): Browser is closed

2022-11-30 11:05:37 - [MESSAGE][PASSED] - Browser is closed]]></system-out>
         <system-err><![CDATA[]]></system-err>
      </testcase>
      <testcase name="Test Cases/Condicionales_If/Test_1" time="0.045" classname="Test Cases/Condicionales_If/Test_1" status="PASSED">
         <system-out><![CDATA[2022-11-30 11:05:37 - [TEST_CASE][PASSED] - Test Cases/Condicionales_If/Test_1: Test Cases/Condicionales_If/Test_1

2022-11-30 11:05:37 - [TEST_STEP][PASSED] - if (num == 10): null

2022-11-30 11:05:37 - [TEST_STEP][PASSED] - else: null

2022-11-30 11:05:37 - [TEST_STEP][PASSED] - print("El numero no es un 10 es el numero:  " + num + "#####"): null]]></system-out>
         <system-err><![CDATA[]]></system-err>
      </testcase>
      <testcase name="Test Cases/Condicionales_If/Test_2" time="0.024" classname="Test Cases/Condicionales_If/Test_2" status="PASSED">
         <system-out><![CDATA[2022-11-30 11:05:37 - [TEST_CASE][PASSED] - Test Cases/Condicionales_If/Test_2: Test Cases/Condicionales_If/Test_2

2022-11-30 11:05:37 - [TEST_STEP][PASSED] - if (num == 5): null

2022-11-30 11:05:37 - [TEST_STEP][PASSED] - if (num == 10): null

2022-11-30 11:05:37 - [TEST_STEP][PASSED] - println("El valor de la variables es un: 10"): null]]></system-out>
         <system-err><![CDATA[]]></system-err>
      </testcase>
      <testcase name="Test Cases/Condicionales_If/Test_3" time="0.036" classname="Test Cases/Condicionales_If/Test_3" status="PASSED">
         <system-out><![CDATA[2022-11-30 11:05:37 - [TEST_CASE][PASSED] - Test Cases/Condicionales_If/Test_3: Test Cases/Condicionales_If/Test_3

2022-11-30 11:05:37 - [TEST_STEP][PASSED] - if (nombre == "Juan"): null

2022-11-30 11:05:37 - [TEST_STEP][PASSED] - if (nombre == "JUan"): null

2022-11-30 11:05:37 - [TEST_STEP][PASSED] - if (nombre == "juan"): null

2022-11-30 11:05:37 - [TEST_STEP][PASSED] - println("Tu nombre es juan"): null]]></system-out>
         <system-err><![CDATA[]]></system-err>
      </testcase>
      <testcase name="Test Cases/Condicionales_If/Test_4" time="0.069" classname="Test Cases/Condicionales_If/Test_4" status="PASSED">
         <system-out><![CDATA[2022-11-30 11:05:37 - [TEST_CASE][PASSED] - Test Cases/Condicionales_If/Test_4: Test Cases/Condicionales_If/Test_4

2022-11-30 11:05:37 - [TEST_STEP][PASSED] - if (num <= 7): null

2022-11-30 11:05:37 - [TEST_STEP][PASSED] - println("El numero es menor ó igual que 5"): null

2022-11-30 11:05:37 - [TEST_STEP][PASSED] - if (num >= 8): null

2022-11-30 11:05:37 - [TEST_STEP][PASSED] - if (num != 5): null]]></system-out>
         <system-err><![CDATA[]]></system-err>
      </testcase>
      <testcase name="Test Cases/Condicionales_If/Test_edad" time="0.039" classname="Test Cases/Condicionales_If/Test_edad" status="PASSED">
         <system-out><![CDATA[2022-11-30 11:05:37 - [TEST_CASE][PASSED] - Test Cases/Condicionales_If/Test_edad: Test Cases/Condicionales_If/Test_edad

2022-11-30 11:05:37 - [TEST_STEP][PASSED] - if (edad >= 1 && edad <= 17): null

2022-11-30 11:05:37 - [TEST_STEP][PASSED] - else if (edad == 18): null

2022-11-30 11:05:37 - [TEST_STEP][PASSED] - else if (edad <= 0): null

2022-11-30 11:05:37 - [TEST_STEP][PASSED] - else if (edad == 120): null

2022-11-30 11:05:37 - [TEST_STEP][PASSED] - else: null

2022-11-30 11:05:37 - [TEST_STEP][PASSED] - print("No se cumple ninguna de las opciones"): null]]></system-out>
         <system-err><![CDATA[]]></system-err>
      </testcase>
      <testcase name="Test Cases/Condicionales_If/Test_valor" time="19.555" classname="Test Cases/Condicionales_If/Test_valor" status="PASSED">
         <system-out><![CDATA[2022-11-30 11:05:37 - [TEST_CASE][PASSED] - Test Cases/Condicionales_If/Test_valor: Test Cases/Condicionales_If/Test_valor

2022-11-30 11:05:37 - [TEST_STEP][PASSED] - openBrowser(""): Browser is opened with url: ''

2022-11-30 11:05:37 - [MESSAGE][INFO] - Starting 'Chrome' driver

2022-11-30 11:05:37 - [MESSAGE][INFO] - Action delay is set to 0 milliseconds

2022-11-30 11:05:38 - [MESSAGE][PASSED] - Browser is opened with url: ''

2022-11-30 11:05:38 - [TEST_STEP][PASSED] - navigateToUrl("https://demoqa.com/"): Navigate to 'https://demoqa.com/' successfully

2022-11-30 11:05:47 - [MESSAGE][PASSED] - Navigate to 'https://demoqa.com/' successfully

2022-11-30 11:05:47 - [TEST_STEP][PASSED] - maximizeWindow(): Current window maximized

2022-11-30 11:05:47 - [MESSAGE][PASSED] - Current window maximized

2022-11-30 11:05:47 - [TEST_STEP][PASSED] - waitForPageLoad(10): Wait for page load successfully

2022-11-30 11:05:47 - [MESSAGE][PASSED] - Wait for page load successfully

2022-11-30 11:05:47 - [TEST_STEP][PASSED] - Existe = waitForElementVisible(findTestObject("Condicionales/titulo1"), 5): Web element with id: 'Object Repository/Condicionales/titulo1' located by '//div[@class='main-header'][contains(.,'Radio Button')]' not found

2022-11-30 11:05:54 - [MESSAGE][INFO] - Unable to find the element located by 'By.xpath: //div[@class='main-header'][contains(.,'Radio Button')]'. Please recheck the objects properties to make sure the desired element is located. 

2022-11-30 11:05:54 - [MESSAGE][WARNING] - [SELF-HEALING] Failed to find element with id 'Object Repository/Condicionales/titulo1'. Try using Self-healing.

2022-11-30 11:05:55 - [MESSAGE][INFO] - [SELF-HEALING] No working XPath is found.

2022-11-30 11:05:56 - [MESSAGE][INFO] - Unable to find the element located by 'By.xpath: '. Please recheck the objects properties to make sure the desired element is located. 

2022-11-30 11:05:56 - [MESSAGE][WARNING] - [SELF-HEALING] Cannot find elements when the selector is null

2022-11-30 11:05:56 - [MESSAGE][WARNING] - Web element with id: 'Object Repository/Condicionales/titulo1' located by '//div[@class='main-header'][contains(.,'Radio Button')]' not found

2022-11-30 11:05:56 - [TEST_STEP][PASSED] - if (Existe == true): null

2022-11-30 11:05:56 - [TEST_STEP][PASSED] - else: Browser is closed

2022-11-30 11:05:56 - [TEST_STEP][PASSED] - print("No estas en la página correcta"): null

2022-11-30 11:05:56 - [TEST_STEP][PASSED] - closeBrowser(): Browser is closed

2022-11-30 11:05:57 - [MESSAGE][PASSED] - Browser is closed]]></system-out>
         <system-err><![CDATA[]]></system-err>
      </testcase>
      <testcase name="Test Cases/BUCLES/Reto_For" time="30.716" classname="Test Cases/BUCLES/Reto_For" status="PASSED">
         <system-out><![CDATA[2022-11-30 11:05:57 - [TEST_CASE][PASSED] - Test Cases/BUCLES/Reto_For: Test Cases/BUCLES/Reto_For

2022-11-30 11:05:57 - [TEST_STEP][PASSED] - openBrowser(""): Browser is opened with url: ''

2022-11-30 11:05:57 - [MESSAGE][INFO] - Starting 'Chrome' driver

2022-11-30 11:05:57 - [MESSAGE][INFO] - Action delay is set to 0 milliseconds

2022-11-30 11:05:58 - [MESSAGE][PASSED] - Browser is opened with url: ''

2022-11-30 11:05:58 - [TEST_STEP][PASSED] - navigateToUrl("https://demoqa.com/text-box"): Navigate to 'https://demoqa.com/text-box' successfully

2022-11-30 11:06:08 - [MESSAGE][PASSED] - Navigate to 'https://demoqa.com/text-box' successfully

2022-11-30 11:06:08 - [TEST_STEP][PASSED] - maximizeWindow(): Current window maximized

2022-11-30 11:06:08 - [MESSAGE][PASSED] - Current window maximized

2022-11-30 11:06:08 - [TEST_STEP][PASSED] - waitForPageLoad(5): Wait for page load successfully

2022-11-30 11:06:08 - [MESSAGE][PASSED] - Wait for page load successfully

2022-11-30 11:06:08 - [TEST_STEP][PASSED] - for ([x = 1, x <= 4, (x++)]): Browser is scrolled to position x = 0, y = 100

2022-11-30 11:06:08 - [TEST_STEP][PASSED] - z = ["Carlos", "Erika", "Paco", "Rodrigo", "Juan"]: null

2022-11-30 11:06:08 - [TEST_STEP][PASSED] - rn = new java.util.Random(): null

2022-11-30 11:06:08 - [TEST_STEP][PASSED] - tx_nombre = z[rn.nextInt(size)]: null

2022-11-30 11:06:08 - [TEST_STEP][PASSED] - setText(findTestObject("Object Repository/Reto_for/Page_ToolsQA/input_Full Name_userName"), tx_nombre): Text 'Erika' is set on object 'Object Repository/Reto_for/Page_ToolsQA/input_Full Name_userName'

2022-11-30 11:06:10 - [MESSAGE][PASSED] - Text 'Erika' is set on object 'Object Repository/Reto_for/Page_ToolsQA/input_Full Name_userName'

2022-11-30 11:06:10 - [TEST_STEP][PASSED] - setText(findTestObject("Object Repository/Reto_for/Page_ToolsQA/input_Email_userEmail"), tx_nombre + "@gmail.com"): Text 'Erika@gmail.com' is set on object 'Object Repository/Reto_for/Page_ToolsQA/input_Email_userEmail'

2022-11-30 11:06:11 - [MESSAGE][PASSED] - Text 'Erika@gmail.com' is set on object 'Object Repository/Reto_for/Page_ToolsQA/input_Email_userEmail'

2022-11-30 11:06:11 - [TEST_STEP][PASSED] - setText(findTestObject("Object Repository/Reto_for/Page_ToolsQA/textarea_Current Address_currentAddress"), "Dirección#" + x): Text 'Dirección#1' is set on object 'Object Repository/Reto_for/Page_ToolsQA/textarea_Current Address_currentAddress'

2022-11-30 11:06:12 - [MESSAGE][PASSED] - Text 'Dirección#1' is set on object 'Object Repository/Reto_for/Page_ToolsQA/textarea_Current Address_currentAddress'

2022-11-30 11:06:12 - [TEST_STEP][PASSED] - setText(findTestObject("Object Repository/Reto_for/Page_ToolsQA/textarea_Permanent Address_permanentAddress"), "Dirección dos#" + x): Text 'Dirección dos#1' is set on object 'Object Repository/Reto_for/Page_ToolsQA/textarea_Permanent Address_permanentAddress'

2022-11-30 11:06:13 - [MESSAGE][PASSED] - Text 'Dirección dos#1' is set on object 'Object Repository/Reto_for/Page_ToolsQA/textarea_Permanent Address_permanentAddress'

2022-11-30 11:06:13 - [TEST_STEP][PASSED] - scrollToPosition(0, 500): Browser is scrolled to position x = 0, y = 500

2022-11-30 11:06:13 - [MESSAGE][PASSED] - Browser is scrolled to position x = 0, y = 500

2022-11-30 11:06:13 - [TEST_STEP][PASSED] - click(findTestObject("Object Repository/Reto_for/Page_ToolsQA/button_Submit")): Object: 'Object Repository/Reto_for/Page_ToolsQA/button_Submit' is clicked on

2022-11-30 11:06:14 - [MESSAGE][PASSED] - Object: 'Object Repository/Reto_for/Page_ToolsQA/button_Submit' is clicked on

2022-11-30 11:06:14 - [TEST_STEP][PASSED] - scrollToPosition(0, 100): Browser is scrolled to position x = 0, y = 100

2022-11-30 11:06:14 - [MESSAGE][PASSED] - Browser is scrolled to position x = 0, y = 100

2022-11-30 11:06:14 - [TEST_STEP][PASSED] - z = ["Carlos", "Erika", "Paco", "Rodrigo", "Juan"]: null

2022-11-30 11:06:14 - [TEST_STEP][PASSED] - rn = new java.util.Random(): null

2022-11-30 11:06:14 - [TEST_STEP][PASSED] - tx_nombre = z[rn.nextInt(size)]: null

2022-11-30 11:06:14 - [TEST_STEP][PASSED] - setText(findTestObject("Object Repository/Reto_for/Page_ToolsQA/input_Full Name_userName"), tx_nombre): Text 'Rodrigo' is set on object 'Object Repository/Reto_for/Page_ToolsQA/input_Full Name_userName'

2022-11-30 11:06:15 - [MESSAGE][PASSED] - Text 'Rodrigo' is set on object 'Object Repository/Reto_for/Page_ToolsQA/input_Full Name_userName'

2022-11-30 11:06:15 - [TEST_STEP][PASSED] - setText(findTestObject("Object Repository/Reto_for/Page_ToolsQA/input_Email_userEmail"), tx_nombre + "@gmail.com"): Text 'Rodrigo@gmail.com' is set on object 'Object Repository/Reto_for/Page_ToolsQA/input_Email_userEmail'

2022-11-30 11:06:16 - [MESSAGE][PASSED] - Text 'Rodrigo@gmail.com' is set on object 'Object Repository/Reto_for/Page_ToolsQA/input_Email_userEmail'

2022-11-30 11:06:16 - [TEST_STEP][PASSED] - setText(findTestObject("Object Repository/Reto_for/Page_ToolsQA/textarea_Current Address_currentAddress"), "Dirección#" + x): Text 'Dirección#2' is set on object 'Object Repository/Reto_for/Page_ToolsQA/textarea_Current Address_currentAddress'

2022-11-30 11:06:17 - [MESSAGE][PASSED] - Text 'Dirección#2' is set on object 'Object Repository/Reto_for/Page_ToolsQA/textarea_Current Address_currentAddress'

2022-11-30 11:06:17 - [TEST_STEP][PASSED] - setText(findTestObject("Object Repository/Reto_for/Page_ToolsQA/textarea_Permanent Address_permanentAddress"), "Dirección dos#" + x): Text 'Dirección dos#2' is set on object 'Object Repository/Reto_for/Page_ToolsQA/textarea_Permanent Address_permanentAddress'

2022-11-30 11:06:18 - [MESSAGE][PASSED] - Text 'Dirección dos#2' is set on object 'Object Repository/Reto_for/Page_ToolsQA/textarea_Permanent Address_permanentAddress'

2022-11-30 11:06:18 - [TEST_STEP][PASSED] - scrollToPosition(0, 500): Browser is scrolled to position x = 0, y = 500

2022-11-30 11:06:18 - [MESSAGE][PASSED] - Browser is scrolled to position x = 0, y = 500

2022-11-30 11:06:18 - [TEST_STEP][PASSED] - click(findTestObject("Object Repository/Reto_for/Page_ToolsQA/button_Submit")): Object: 'Object Repository/Reto_for/Page_ToolsQA/button_Submit' is clicked on

2022-11-30 11:06:18 - [MESSAGE][PASSED] - Object: 'Object Repository/Reto_for/Page_ToolsQA/button_Submit' is clicked on

2022-11-30 11:06:18 - [TEST_STEP][PASSED] - scrollToPosition(0, 100): Browser is scrolled to position x = 0, y = 100

2022-11-30 11:06:18 - [MESSAGE][PASSED] - Browser is scrolled to position x = 0, y = 100

2022-11-30 11:06:18 - [TEST_STEP][PASSED] - z = ["Carlos", "Erika", "Paco", "Rodrigo", "Juan"]: null

2022-11-30 11:06:18 - [TEST_STEP][PASSED] - rn = new java.util.Random(): null

2022-11-30 11:06:18 - [TEST_STEP][PASSED] - tx_nombre = z[rn.nextInt(size)]: null

2022-11-30 11:06:18 - [TEST_STEP][PASSED] - setText(findTestObject("Object Repository/Reto_for/Page_ToolsQA/input_Full Name_userName"), tx_nombre): Text 'Rodrigo' is set on object 'Object Repository/Reto_for/Page_ToolsQA/input_Full Name_userName'

2022-11-30 11:06:19 - [MESSAGE][PASSED] - Text 'Rodrigo' is set on object 'Object Repository/Reto_for/Page_ToolsQA/input_Full Name_userName'

2022-11-30 11:06:19 - [TEST_STEP][PASSED] - setText(findTestObject("Object Repository/Reto_for/Page_ToolsQA/input_Email_userEmail"), tx_nombre + "@gmail.com"): Text 'Rodrigo@gmail.com' is set on object 'Object Repository/Reto_for/Page_ToolsQA/input_Email_userEmail'

2022-11-30 11:06:20 - [MESSAGE][PASSED] - Text 'Rodrigo@gmail.com' is set on object 'Object Repository/Reto_for/Page_ToolsQA/input_Email_userEmail'

2022-11-30 11:06:20 - [TEST_STEP][PASSED] - setText(findTestObject("Object Repository/Reto_for/Page_ToolsQA/textarea_Current Address_currentAddress"), "Dirección#" + x): Text 'Dirección#3' is set on object 'Object Repository/Reto_for/Page_ToolsQA/textarea_Current Address_currentAddress'

2022-11-30 11:06:21 - [MESSAGE][PASSED] - Text 'Dirección#3' is set on object 'Object Repository/Reto_for/Page_ToolsQA/textarea_Current Address_currentAddress'

2022-11-30 11:06:21 - [TEST_STEP][PASSED] - setText(findTestObject("Object Repository/Reto_for/Page_ToolsQA/textarea_Permanent Address_permanentAddress"), "Dirección dos#" + x): Text 'Dirección dos#3' is set on object 'Object Repository/Reto_for/Page_ToolsQA/textarea_Permanent Address_permanentAddress'

2022-11-30 11:06:22 - [MESSAGE][PASSED] - Text 'Dirección dos#3' is set on object 'Object Repository/Reto_for/Page_ToolsQA/textarea_Permanent Address_permanentAddress'

2022-11-30 11:06:22 - [TEST_STEP][PASSED] - scrollToPosition(0, 500): Browser is scrolled to position x = 0, y = 500

2022-11-30 11:06:22 - [MESSAGE][PASSED] - Browser is scrolled to position x = 0, y = 500

2022-11-30 11:06:22 - [TEST_STEP][PASSED] - click(findTestObject("Object Repository/Reto_for/Page_ToolsQA/button_Submit")): Object: 'Object Repository/Reto_for/Page_ToolsQA/button_Submit' is clicked on

2022-11-30 11:06:22 - [MESSAGE][PASSED] - Object: 'Object Repository/Reto_for/Page_ToolsQA/button_Submit' is clicked on

2022-11-30 11:06:22 - [TEST_STEP][PASSED] - scrollToPosition(0, 100): Browser is scrolled to position x = 0, y = 100

2022-11-30 11:06:22 - [MESSAGE][PASSED] - Browser is scrolled to position x = 0, y = 100

2022-11-30 11:06:22 - [TEST_STEP][PASSED] - z = ["Carlos", "Erika", "Paco", "Rodrigo", "Juan"]: null

2022-11-30 11:06:22 - [TEST_STEP][PASSED] - rn = new java.util.Random(): null

2022-11-30 11:06:22 - [TEST_STEP][PASSED] - tx_nombre = z[rn.nextInt(size)]: null

2022-11-30 11:06:22 - [TEST_STEP][PASSED] - setText(findTestObject("Object Repository/Reto_for/Page_ToolsQA/input_Full Name_userName"), tx_nombre): Text 'Carlos' is set on object 'Object Repository/Reto_for/Page_ToolsQA/input_Full Name_userName'

2022-11-30 11:06:23 - [MESSAGE][PASSED] - Text 'Carlos' is set on object 'Object Repository/Reto_for/Page_ToolsQA/input_Full Name_userName'

2022-11-30 11:06:23 - [TEST_STEP][PASSED] - setText(findTestObject("Object Repository/Reto_for/Page_ToolsQA/input_Email_userEmail"), tx_nombre + "@gmail.com"): Text 'Carlos@gmail.com' is set on object 'Object Repository/Reto_for/Page_ToolsQA/input_Email_userEmail'

2022-11-30 11:06:24 - [MESSAGE][PASSED] - Text 'Carlos@gmail.com' is set on object 'Object Repository/Reto_for/Page_ToolsQA/input_Email_userEmail'

2022-11-30 11:06:24 - [TEST_STEP][PASSED] - setText(findTestObject("Object Repository/Reto_for/Page_ToolsQA/textarea_Current Address_currentAddress"), "Dirección#" + x): Text 'Dirección#4' is set on object 'Object Repository/Reto_for/Page_ToolsQA/textarea_Current Address_currentAddress'

2022-11-30 11:06:25 - [MESSAGE][PASSED] - Text 'Dirección#4' is set on object 'Object Repository/Reto_for/Page_ToolsQA/textarea_Current Address_currentAddress'

2022-11-30 11:06:25 - [TEST_STEP][PASSED] - setText(findTestObject("Object Repository/Reto_for/Page_ToolsQA/textarea_Permanent Address_permanentAddress"), "Dirección dos#" + x): Text 'Dirección dos#4' is set on object 'Object Repository/Reto_for/Page_ToolsQA/textarea_Permanent Address_permanentAddress'

2022-11-30 11:06:26 - [MESSAGE][PASSED] - Text 'Dirección dos#4' is set on object 'Object Repository/Reto_for/Page_ToolsQA/textarea_Permanent Address_permanentAddress'

2022-11-30 11:06:26 - [TEST_STEP][PASSED] - scrollToPosition(0, 500): Browser is scrolled to position x = 0, y = 500

2022-11-30 11:06:26 - [MESSAGE][PASSED] - Browser is scrolled to position x = 0, y = 500

2022-11-30 11:06:26 - [TEST_STEP][PASSED] - click(findTestObject("Object Repository/Reto_for/Page_ToolsQA/button_Submit")): Object: 'Object Repository/Reto_for/Page_ToolsQA/button_Submit' is clicked on

2022-11-30 11:06:27 - [MESSAGE][PASSED] - Object: 'Object Repository/Reto_for/Page_ToolsQA/button_Submit' is clicked on

2022-11-30 11:06:27 - [TEST_STEP][PASSED] - scrollToPosition(0, 100): Browser is scrolled to position x = 0, y = 100

2022-11-30 11:06:27 - [MESSAGE][PASSED] - Browser is scrolled to position x = 0, y = 100

2022-11-30 11:06:27 - [TEST_STEP][PASSED] - closeBrowser(): Browser is closed

2022-11-30 11:06:27 - [MESSAGE][PASSED] - Browser is closed]]></system-out>
         <system-err><![CDATA[]]></system-err>
      </testcase>
      <testcase name="Test Cases/BUCLES/Reto_while" time="62.361" classname="Test Cases/BUCLES/Reto_while" status="PASSED">
         <system-out><![CDATA[2022-11-30 11:06:27 - [TEST_CASE][PASSED] - Test Cases/BUCLES/Reto_while: Test Cases/BUCLES/Reto_while

2022-11-30 11:06:27 - [TEST_STEP][PASSED] - openBrowser(""): Browser is opened with url: ''

2022-11-30 11:06:27 - [MESSAGE][INFO] - Starting 'Chrome' driver

2022-11-30 11:06:27 - [MESSAGE][INFO] - Action delay is set to 0 milliseconds

2022-11-30 11:06:29 - [MESSAGE][PASSED] - Browser is opened with url: ''

2022-11-30 11:06:29 - [TEST_STEP][PASSED] - navigateToUrl("https://www.google.com/"): Navigate to 'https://www.google.com/' successfully

2022-11-30 11:06:31 - [MESSAGE][PASSED] - Navigate to 'https://www.google.com/' successfully

2022-11-30 11:06:31 - [TEST_STEP][PASSED] - Bandera = 0: null

2022-11-30 11:06:31 - [TEST_STEP][PASSED] - while (Bandera != 1): null

2022-11-30 11:06:31 - [TEST_STEP][PASSED] - num = Math.random() * 5 - 1 + 1: null

2022-11-30 11:06:31 - [TEST_STEP][PASSED] - setText(findTestObject("Object Repository/While_google/Page_Google/input__q"), "5+" + num): Text '5+2' is set on object 'Object Repository/While_google/Page_Google/input__q'

2022-11-30 11:06:32 - [MESSAGE][PASSED] - Text '5+2' is set on object 'Object Repository/While_google/Page_Google/input__q'

2022-11-30 11:06:32 - [TEST_STEP][PASSED] - sendKeys(findTestObject("Object Repository/While_google/Page_Google/input__q"), Keys.chord(ENTER)): Keys 'ENTER + ' sent to object: 'Object Repository/While_google/Page_Google/input__q'

2022-11-30 11:06:40 - [MESSAGE][PASSED] - Keys 'ENTER + ' sent to object: 'Object Repository/While_google/Page_Google/input__q'

2022-11-30 11:06:40 - [TEST_STEP][PASSED] - Resultado = getText(findTestObject("While_google/Extras/Resultado_10")): Text of object 'Object Repository/While_google/Extras/Resultado_10' is: '7'

2022-11-30 11:06:40 - [MESSAGE][PASSED] - Text of object 'Object Repository/While_google/Extras/Resultado_10' is: '7'

2022-11-30 11:06:40 - [TEST_STEP][PASSED] - if (Resultado == "8"): null

2022-11-30 11:06:40 - [TEST_STEP][PASSED] - else: null

2022-11-30 11:06:40 - [TEST_STEP][PASSED] - Bandera = 0: null

2022-11-30 11:06:40 - [TEST_STEP][PASSED] - print(Bandera + "------"): null

2022-11-30 11:06:40 - [TEST_STEP][PASSED] - num = Math.random() * 5 - 1 + 1: null

2022-11-30 11:06:40 - [TEST_STEP][PASSED] - setText(findTestObject("Object Repository/While_google/Page_Google/input__q"), "5+" + num): Text '5+4' is set on object 'Object Repository/While_google/Page_Google/input__q'

2022-11-30 11:06:41 - [MESSAGE][PASSED] - Text '5+4' is set on object 'Object Repository/While_google/Page_Google/input__q'

2022-11-30 11:06:41 - [TEST_STEP][PASSED] - sendKeys(findTestObject("Object Repository/While_google/Page_Google/input__q"), Keys.chord(ENTER)): Keys 'ENTER + ' sent to object: 'Object Repository/While_google/Page_Google/input__q'

2022-11-30 11:06:46 - [MESSAGE][PASSED] - Keys 'ENTER + ' sent to object: 'Object Repository/While_google/Page_Google/input__q'

2022-11-30 11:06:46 - [TEST_STEP][PASSED] - Resultado = getText(findTestObject("While_google/Extras/Resultado_10")): Text of object 'Object Repository/While_google/Extras/Resultado_10' is: '9'

2022-11-30 11:06:46 - [MESSAGE][PASSED] - Text of object 'Object Repository/While_google/Extras/Resultado_10' is: '9'

2022-11-30 11:06:46 - [TEST_STEP][PASSED] - if (Resultado == "8"): null

2022-11-30 11:06:46 - [TEST_STEP][PASSED] - else: null

2022-11-30 11:06:46 - [TEST_STEP][PASSED] - Bandera = 0: null

2022-11-30 11:06:46 - [TEST_STEP][PASSED] - print(Bandera + "------"): null

2022-11-30 11:06:46 - [TEST_STEP][PASSED] - num = Math.random() * 5 - 1 + 1: null

2022-11-30 11:06:46 - [TEST_STEP][PASSED] - setText(findTestObject("Object Repository/While_google/Page_Google/input__q"), "5+" + num): Text '5+1' is set on object 'Object Repository/While_google/Page_Google/input__q'

2022-11-30 11:06:47 - [MESSAGE][PASSED] - Text '5+1' is set on object 'Object Repository/While_google/Page_Google/input__q'

2022-11-30 11:06:47 - [TEST_STEP][PASSED] - sendKeys(findTestObject("Object Repository/While_google/Page_Google/input__q"), Keys.chord(ENTER)): Keys 'ENTER + ' sent to object: 'Object Repository/While_google/Page_Google/input__q'

2022-11-30 11:06:49 - [MESSAGE][PASSED] - Keys 'ENTER + ' sent to object: 'Object Repository/While_google/Page_Google/input__q'

[...]

2022-11-30 11:07:16 - [MESSAGE][PASSED] - Text of object 'Object Repository/While_google/Extras/Resultado_10' is: '7'

2022-11-30 11:07:16 - [TEST_STEP][PASSED] - if (Resultado == "8"): null

2022-11-30 11:07:16 - [TEST_STEP][PASSED] - else: null

2022-11-30 11:07:16 - [TEST_STEP][PASSED] - Bandera = 0: null

2022-11-30 11:07:16 - [TEST_STEP][PASSED] - print(Bandera + "------"): null

2022-11-30 11:07:16 - [TEST_STEP][PASSED] - num = Math.random() * 5 - 1 + 1: null

2022-11-30 11:07:16 - [TEST_STEP][PASSED] - setText(findTestObject("Object Repository/While_google/Page_Google/input__q"), "5+" + num): Text '5+2' is set on object 'Object Repository/While_google/Page_Google/input__q'

2022-11-30 11:07:17 - [MESSAGE][PASSED] - Text '5+2' is set on object 'Object Repository/While_google/Page_Google/input__q'

2022-11-30 11:07:17 - [TEST_STEP][PASSED] - sendKeys(findTestObject("Object Repository/While_google/Page_Google/input__q"), Keys.chord(ENTER)): Keys 'ENTER + ' sent to object: 'Object Repository/While_google/Page_Google/input__q'

2022-11-30 11:07:21 - [MESSAGE][PASSED] - Keys 'ENTER + ' sent to object: 'Object Repository/While_google/Page_Google/input__q'

2022-11-30 11:07:21 - [TEST_STEP][PASSED] - Resultado = getText(findTestObject("While_google/Extras/Resultado_10")): Text of object 'Object Repository/While_google/Extras/Resultado_10' is: '7'

2022-11-30 11:07:22 - [MESSAGE][PASSED] - Text of object 'Object Repository/While_google/Extras/Resultado_10' is: '7'

2022-11-30 11:07:22 - [TEST_STEP][PASSED] - if (Resultado == "8"): null

2022-11-30 11:07:22 - [TEST_STEP][PASSED] - else: null

2022-11-30 11:07:22 - [TEST_STEP][PASSED] - Bandera = 0: null

2022-11-30 11:07:22 - [TEST_STEP][PASSED] - print(Bandera + "------"): null

2022-11-30 11:07:22 - [TEST_STEP][PASSED] - num = Math.random() * 5 - 1 + 1: null

2022-11-30 11:07:22 - [TEST_STEP][PASSED] - setText(findTestObject("Object Repository/While_google/Page_Google/input__q"), "5+" + num): Text '5+3' is set on object 'Object Repository/While_google/Page_Google/input__q'

2022-11-30 11:07:22 - [MESSAGE][PASSED] - Text '5+3' is set on object 'Object Repository/While_google/Page_Google/input__q'

2022-11-30 11:07:22 - [TEST_STEP][PASSED] - sendKeys(findTestObject("Object Repository/While_google/Page_Google/input__q"), Keys.chord(ENTER)): Keys 'ENTER + ' sent to object: 'Object Repository/While_google/Page_Google/input__q'

2022-11-30 11:07:28 - [MESSAGE][PASSED] - Keys 'ENTER + ' sent to object: 'Object Repository/While_google/Page_Google/input__q'

2022-11-30 11:07:28 - [TEST_STEP][PASSED] - Resultado = getText(findTestObject("While_google/Extras/Resultado_10")): Text of object 'Object Repository/While_google/Extras/Resultado_10' is: '8'

2022-11-30 11:07:29 - [MESSAGE][PASSED] - Text of object 'Object Repository/While_google/Extras/Resultado_10' is: '8'

2022-11-30 11:07:29 - [TEST_STEP][PASSED] - if (Resultado == "8"): Browser is closed

2022-11-30 11:07:29 - [TEST_STEP][PASSED] - Bandera = 1: null

2022-11-30 11:07:29 - [TEST_STEP][PASSED] - print("Listo termina"): null

2022-11-30 11:07:29 - [TEST_STEP][PASSED] - closeBrowser(): Browser is closed

2022-11-30 11:07:30 - [MESSAGE][PASSED] - Browser is closed

2022-11-30 11:07:30 - [TEST_STEP][PASSED] - print(Bandera + "------"): null]]></system-out>
         <system-err><![CDATA[]]></system-err>
      </testcase>
      <testcase name="Test Cases/BUCLES/Reto_while_solucion" time="21.146" classname="Test Cases/BUCLES/Reto_while_solucion" status="PASSED">
         <system-out><![CDATA[2022-11-30 11:07:30 - [TEST_CASE][PASSED] - Test Cases/BUCLES/Reto_while_solucion: Test Cases/BUCLES/Reto_while_solucion

2022-11-30 11:07:30 - [TEST_STEP][PASSED] - openBrowser(""): Browser is opened with url: ''

2022-11-30 11:07:30 - [MESSAGE][INFO] - Starting 'Chrome' driver

2022-11-30 11:07:30 - [MESSAGE][INFO] - Action delay is set to 0 milliseconds

2022-11-30 11:07:31 - [MESSAGE][PASSED] - Browser is opened with url: ''

2022-11-30 11:07:31 - [TEST_STEP][PASSED] - navigateToUrl("https://www.google.com/"): Navigate to 'https://www.google.com/' successfully

2022-11-30 11:07:34 - [MESSAGE][PASSED] - Navigate to 'https://www.google.com/' successfully

2022-11-30 11:07:34 - [TEST_STEP][PASSED] - Res = 0: null

2022-11-30 11:07:34 - [TEST_STEP][PASSED] - while (Res != 8): Browser is closed

2022-11-30 11:07:34 - [TEST_STEP][PASSED] - num = Math.random() * 5 - 1 + 1: null

2022-11-30 11:07:34 - [TEST_STEP][PASSED] - setText(findTestObject("Object Repository/Reto_while1/Page_Google/input__q"), "5+" + num): Text '5+2' is set on object 'Object Repository/Reto_while1/Page_Google/input__q'

2022-11-30 11:07:35 - [MESSAGE][PASSED] - Text '5+2' is set on object 'Object Repository/Reto_while1/Page_Google/input__q'

2022-11-30 11:07:35 - [TEST_STEP][PASSED] - sendKeys(findTestObject("Object Repository/Reto_while1/Page_Google/input__q"), Keys.chord(ENTER)): Keys 'ENTER + ' sent to object: 'Object Repository/Reto_while1/Page_Google/input__q'

2022-11-30 11:07:40 - [MESSAGE][PASSED] - Keys 'ENTER + ' sent to object: 'Object Repository/Reto_while1/Page_Google/input__q'

2022-11-30 11:07:40 - [TEST_STEP][PASSED] - Res = getText(findTestObject("Reto_while1/Resultado_8")).toInteger(): Text of object 'Object Repository/Reto_while1/Resultado_8' is: '7'

2022-11-30 11:07:41 - [MESSAGE][PASSED] - Text of object 'Object Repository/Reto_while1/Resultado_8' is: '7'

2022-11-30 11:07:41 - [TEST_STEP][PASSED] - if (Res == 8): null

2022-11-30 11:07:41 - [TEST_STEP][PASSED] - num = Math.random() * 5 - 1 + 1: null

2022-11-30 11:07:41 - [TEST_STEP][PASSED] - setText(findTestObject("Object Repository/Reto_while1/Page_Google/input__q"), "5+" + num): Text '5+4' is set on object 'Object Repository/Reto_while1/Page_Google/input__q'

2022-11-30 11:07:41 - [MESSAGE][PASSED] - Text '5+4' is set on object 'Object Repository/Reto_while1/Page_Google/input__q'

2022-11-30 11:07:41 - [TEST_STEP][PASSED] - sendKeys(findTestObject("Object Repository/Reto_while1/Page_Google/input__q"), Keys.chord(ENTER)): Keys 'ENTER + ' sent to object: 'Object Repository/Reto_while1/Page_Google/input__q'

2022-11-30 11:07:45 - [MESSAGE][PASSED] - Keys 'ENTER + ' sent to object: 'Object Repository/Reto_while1/Page_Google/input__q'

2022-11-30 11:07:45 - [TEST_STEP][PASSED] - Res = getText(findTestObject("Reto_while1/Resultado_8")).toInteger(): Text of object 'Object Repository/Reto_while1/Resultado_8' is: '9'

2022-11-30 11:07:45 - [MESSAGE][PASSED] - Text of object 'Object Repository/Reto_while1/Resultado_8' is: '9'

2022-11-30 11:07:45 - [TEST_STEP][PASSED] - if (Res == 8): null

2022-11-30 11:07:45 - [TEST_STEP][PASSED] - num = Math.random() * 5 - 1 + 1: null

2022-11-30 11:07:45 - [TEST_STEP][PASSED] - setText(findTestObject("Object Repository/Reto_while1/Page_Google/input__q"), "5+" + num): Text '5+3' is set on object 'Object Repository/Reto_while1/Page_Google/input__q'

2022-11-30 11:07:46 - [MESSAGE][PASSED] - Text '5+3' is set on object 'Object Repository/Reto_while1/Page_Google/input__q'

2022-11-30 11:07:46 - [TEST_STEP][PASSED] - sendKeys(findTestObject("Object Repository/Reto_while1/Page_Google/input__q"), Keys.chord(ENTER)): Keys 'ENTER + ' sent to object: 'Object Repository/Reto_while1/Page_Google/input__q'

2022-11-30 11:07:50 - [MESSAGE][PASSED] - Keys 'ENTER + ' sent to object: 'Object Repository/Reto_while1/Page_Google/input__q'

2022-11-30 11:07:50 - [TEST_STEP][PASSED] - Res = getText(findTestObject("Reto_while1/Resultado_8")).toInteger(): Text of object 'Object Repository/Reto_while1/Resultado_8' is: '8'

2022-11-30 11:07:50 - [MESSAGE][PASSED] - Text of object 'Object Repository/Reto_while1/Resultado_8' is: '8'

2022-11-30 11:07:50 - [TEST_STEP][PASSED] - if (Res == 8): Browser is closed

2022-11-30 11:07:50 - [TEST_STEP][PASSED] - closeBrowser(): Browser is closed

2022-11-30 11:07:51 - [MESSAGE][PASSED] - Browser is closed]]></system-out>
         <system-err><![CDATA[]]></system-err>
      </testcase>
      <testcase name="Test Cases/BUCLES/Test_1" time="36.947" classname="Test Cases/BUCLES/Test_1" status="PASSED">
         <system-out><![CDATA[2022-11-30 11:07:51 - [TEST_CASE][PASSED] - Test Cases/BUCLES/Test_1: Test Cases/BUCLES/Test_1

2022-11-30 11:07:51 - [TEST_STEP][PASSED] - openBrowser(""): Browser is opened with url: ''

2022-11-30 11:07:51 - [MESSAGE][INFO] - Starting 'Chrome' driver

2022-11-30 11:07:51 - [MESSAGE][INFO] - Action delay is set to 0 milliseconds

2022-11-30 11:07:52 - [MESSAGE][PASSED] - Browser is opened with url: ''

2022-11-30 11:07:52 - [TEST_STEP][PASSED] - navigateToUrl("https://demoqa.com/text-box"): Navigate to 'https://demoqa.com/text-box' successfully

2022-11-30 11:08:03 - [MESSAGE][PASSED] - Navigate to 'https://demoqa.com/text-box' successfully

2022-11-30 11:08:03 - [TEST_STEP][PASSED] - for ([x = 1, x <= 2, (x++)]): null

2022-11-30 11:08:03 - [TEST_STEP][PASSED] - openBrowser(""): Browser is opened with url: ''

2022-11-30 11:08:03 - [MESSAGE][WARNING] - A browser is already opened. Closing browser and opening a new one

2022-11-30 11:08:04 - [MESSAGE][INFO] - Starting 'Chrome' driver

2022-11-30 11:08:04 - [MESSAGE][INFO] - Action delay is set to 0 milliseconds

2022-11-30 11:08:05 - [MESSAGE][PASSED] - Browser is opened with url: ''

2022-11-30 11:08:05 - [TEST_STEP][PASSED] - navigateToUrl("https://demoqa.com/text-box"): Navigate to 'https://demoqa.com/text-box' successfully

2022-11-30 11:08:17 - [MESSAGE][PASSED] - Navigate to 'https://demoqa.com/text-box' successfully

2022-11-30 11:08:17 - [TEST_STEP][PASSED] - RN = Math.random() * 10 - 1 + 1: null

2022-11-30 11:08:17 - [TEST_STEP][PASSED] - print("Numero : " + RN + "----"): null

2022-11-30 11:08:17 - [TEST_STEP][PASSED] - z = ["Demo1", "Demo2", "Demo3", "Demo4", "Demo5"]: null

2022-11-30 11:08:17 - [TEST_STEP][PASSED] - rnd = new java.util.Random(): null

2022-11-30 11:08:17 - [TEST_STEP][PASSED] - texto = z[rnd.nextInt(size)]: null

2022-11-30 11:08:17 - [TEST_STEP][PASSED] - print(texto): null

2022-11-30 11:08:17 - [TEST_STEP][PASSED] - openBrowser(""): Browser is opened with url: ''

2022-11-30 11:08:17 - [MESSAGE][WARNING] - A browser is already opened. Closing browser and opening a new one

2022-11-30 11:08:18 - [MESSAGE][INFO] - Starting 'Chrome' driver

2022-11-30 11:08:18 - [MESSAGE][INFO] - Action delay is set to 0 milliseconds

2022-11-30 11:08:19 - [MESSAGE][PASSED] - Browser is opened with url: ''

2022-11-30 11:08:19 - [TEST_STEP][PASSED] - navigateToUrl("https://demoqa.com/text-box"): Navigate to 'https://demoqa.com/text-box' successfully

2022-11-30 11:08:27 - [MESSAGE][PASSED] - Navigate to 'https://demoqa.com/text-box' successfully

2022-11-30 11:08:27 - [TEST_STEP][PASSED] - RN = Math.random() * 10 - 1 + 1: null

2022-11-30 11:08:27 - [TEST_STEP][PASSED] - print("Numero : " + RN + "----"): null

2022-11-30 11:08:27 - [TEST_STEP][PASSED] - z = ["Demo1", "Demo2", "Demo3", "Demo4", "Demo5"]: null

2022-11-30 11:08:27 - [TEST_STEP][PASSED] - rnd = new java.util.Random(): null

2022-11-30 11:08:27 - [TEST_STEP][PASSED] - texto = z[rnd.nextInt(size)]: null

2022-11-30 11:08:27 - [TEST_STEP][PASSED] - print(texto): null

2022-11-30 11:08:27 - [TEST_STEP][PASSED] - closeBrowser(): Browser is closed

2022-11-30 11:08:28 - [MESSAGE][PASSED] - Browser is closed]]></system-out>
         <system-err><![CDATA[]]></system-err>
      </testcase>
      <testcase name="Test Cases/BUCLES/Test_2" time="8.386" classname="Test Cases/BUCLES/Test_2" status="PASSED">
         <system-out><![CDATA[2022-11-30 11:08:28 - [TEST_CASE][PASSED] - Test Cases/BUCLES/Test_2: Test Cases/BUCLES/Test_2

2022-11-30 11:08:28 - [TEST_STEP][PASSED] - openBrowser(""): Browser is opened with url: ''

2022-11-30 11:08:28 - [MESSAGE][INFO] - Starting 'Chrome' driver

2022-11-30 11:08:28 - [MESSAGE][INFO] - Action delay is set to 0 milliseconds

2022-11-30 11:08:29 - [MESSAGE][PASSED] - Browser is opened with url: ''

2022-11-30 11:08:29 - [TEST_STEP][PASSED] - navigateToUrl("https://demoqa.com/text-box"): Navigate to 'https://demoqa.com/text-box' successfully

2022-11-30 11:08:35 - [MESSAGE][PASSED] - Navigate to 'https://demoqa.com/text-box' successfully

2022-11-30 11:08:35 - [TEST_STEP][PASSED] - for ([x = 1, x <= 10, x = x + 2]): null

2022-11-30 11:08:35 - [TEST_STEP][PASSED] - print(" hola mundo " + x + "-------"): null

2022-11-30 11:08:35 - [TEST_STEP][PASSED] - print(" hola mundo " + x + "-------"): null

2022-11-30 11:08:35 - [TEST_STEP][PASSED] - print(" hola mundo " + x + "-------"): null

2022-11-30 11:08:35 - [TEST_STEP][PASSED] - print(" hola mundo " + x + "-------"): null

2022-11-30 11:08:35 - [TEST_STEP][PASSED] - print(" hola mundo " + x + "-------"): null

2022-11-30 11:08:35 - [TEST_STEP][PASSED] - closeBrowser(): Browser is closed

2022-11-30 11:08:36 - [MESSAGE][PASSED] - Browser is closed]]></system-out>
         <system-err><![CDATA[]]></system-err>
      </testcase>
      <testcase name="Test Cases/BUCLES/Test_while" time="12.419" classname="Test Cases/BUCLES/Test_while" status="PASSED">
         <system-out><![CDATA[2022-11-30 11:08:36 - [TEST_CASE][PASSED] - Test Cases/BUCLES/Test_while: Test Cases/BUCLES/Test_while

2022-11-30 11:08:36 - [TEST_STEP][PASSED] - openBrowser(""): Browser is opened with url: ''

2022-11-30 11:08:36 - [MESSAGE][INFO] - Starting 'Chrome' driver

2022-11-30 11:08:36 - [MESSAGE][INFO] - Action delay is set to 0 milliseconds

2022-11-30 11:08:38 - [MESSAGE][PASSED] - Browser is opened with url: ''

2022-11-30 11:08:38 - [TEST_STEP][PASSED] - navigateToUrl("https://demoqa.com/text-box"): Navigate to 'https://demoqa.com/text-box' successfully

2022-11-30 11:08:48 - [MESSAGE][PASSED] - Navigate to 'https://demoqa.com/text-box' successfully

2022-11-30 11:08:48 - [TEST_STEP][PASSED] - maximizeWindow(): Current window maximized

2022-11-30 11:08:48 - [MESSAGE][PASSED] - Current window maximized

2022-11-30 11:08:48 - [TEST_STEP][PASSED] - waitForPageLoad(5): Wait for page load successfully

2022-11-30 11:08:48 - [MESSAGE][PASSED] - Wait for page load successfully

2022-11-30 11:08:48 - [TEST_STEP][PASSED] - x = 1: null

2022-11-30 11:08:48 - [TEST_STEP][PASSED] - while (x <= 3): null

2022-11-30 11:08:48 - [TEST_STEP][PASSED] - print("Hola " + x + "----------"): null

2022-11-30 11:08:48 - [TEST_STEP][PASSED] - (x++): null

2022-11-30 11:08:48 - [TEST_STEP][PASSED] - print("Hola " + x + "----------"): null

2022-11-30 11:08:48 - [TEST_STEP][PASSED] - (x++): null

2022-11-30 11:08:48 - [TEST_STEP][PASSED] - print("Hola " + x + "----------"): null

2022-11-30 11:08:48 - [TEST_STEP][PASSED] - (x++): null

2022-11-30 11:08:48 - [TEST_STEP][PASSED] - closeBrowser(): Browser is closed

2022-11-30 11:08:49 - [MESSAGE][PASSED] - Browser is closed]]></system-out>
         <system-err><![CDATA[]]></system-err>
      </testcase>
      <testcase name="Test Cases/BUCLES/Test_while2" time="10.964" classname="Test Cases/BUCLES/Test_while2" status="PASSED">
         <system-out><![CDATA[2022-11-30 11:08:49 - [TEST_CASE][PASSED] - Test Cases/BUCLES/Test_while2: Test Cases/BUCLES/Test_while2

2022-11-30 11:08:49 - [TEST_STEP][PASSED] - openBrowser(""): Browser is opened with url: ''

2022-11-30 11:08:49 - [MESSAGE][INFO] - Starting 'Chrome' driver

2022-11-30 11:08:49 - [MESSAGE][INFO] - Action delay is set to 0 milliseconds

2022-11-30 11:08:50 - [MESSAGE][PASSED] - Browser is opened with url: ''

2022-11-30 11:08:50 - [TEST_STEP][PASSED] - navigateToUrl("https://demoqa.com/text-box"): Navigate to 'https://demoqa.com/text-box' successfully

2022-11-30 11:08:59 - [MESSAGE][PASSED] - Navigate to 'https://demoqa.com/text-box' successfully

2022-11-30 11:08:59 - [TEST_STEP][PASSED] - maximizeWindow(): Current window maximized

2022-11-30 11:08:59 - [MESSAGE][PASSED] - Current window maximized

2022-11-30 11:08:59 - [TEST_STEP][PASSED] - waitForPageLoad(5): Wait for page load successfully

2022-11-30 11:08:59 - [MESSAGE][PASSED] - Wait for page load successfully

2022-11-30 11:08:59 - [TEST_STEP][PASSED] - x = 1: null

2022-11-30 11:08:59 - [TEST_STEP][PASSED] - while (x <= 5): null

2022-11-30 11:08:59 - [TEST_STEP][PASSED] - print("Valor de X" + x + "------>"): null

2022-11-30 11:08:59 - [TEST_STEP][PASSED] - (x++): null

2022-11-30 11:08:59 - [TEST_STEP][PASSED] - print("Valor de X" + x + "------>"): null

2022-11-30 11:08:59 - [TEST_STEP][PASSED] - (x++): null

2022-11-30 11:08:59 - [TEST_STEP][PASSED] - print("Valor de X" + x + "------>"): null

2022-11-30 11:08:59 - [TEST_STEP][PASSED] - (x++): null

2022-11-30 11:08:59 - [TEST_STEP][PASSED] - print("Valor de X" + x + "------>"): null

2022-11-30 11:08:59 - [TEST_STEP][PASSED] - (x++): null

2022-11-30 11:08:59 - [TEST_STEP][PASSED] - print("Valor de X" + x + "------>"): null

2022-11-30 11:08:59 - [TEST_STEP][PASSED] - (x++): null

2022-11-30 11:08:59 - [TEST_STEP][PASSED] - closeBrowser(): Browser is closed

2022-11-30 11:09:00 - [MESSAGE][PASSED] - Browser is closed]]></system-out>
         <system-err><![CDATA[]]></system-err>
      </testcase>
      <testcase name="Test Cases/Drive_excel/Drive_excel" time="17.07" classname="Test Cases/Drive_excel/Drive_excel" status="PASSED">
         <system-out><![CDATA[2022-11-30 11:09:00 - [TEST_CASE][PASSED] - Test Cases/Drive_excel/Drive_excel: Test Cases/Drive_excel/Drive_excel

2022-11-30 11:09:00 - [TEST_STEP][PASSED] - openBrowser(""): Browser is opened with url: ''

2022-11-30 11:09:00 - [MESSAGE][INFO] - Starting 'Chrome' driver

2022-11-30 11:09:00 - [MESSAGE][INFO] - Action delay is set to 0 milliseconds

2022-11-30 11:09:01 - [MESSAGE][PASSED] - Browser is opened with url: ''

2022-11-30 11:09:01 - [TEST_STEP][PASSED] - navigateToUrl("https://demoqa.com/automation-practice-form"): Navigate to 'https://demoqa.com/automation-practice-form' successfully

2022-11-30 11:09:09 - [MESSAGE][PASSED] - Navigate to 'https://demoqa.com/automation-practice-form' successfully

2022-11-30 11:09:09 - [TEST_STEP][PASSED] - waitForPageLoad(40): Wait for page load successfully

2022-11-30 11:09:09 - [MESSAGE][PASSED] - Wait for page load successfully

2022-11-30 11:09:09 - [TEST_STEP][PASSED] - maximizeWindow(): Current window maximized

2022-11-30 11:09:10 - [MESSAGE][PASSED] - Current window maximized

2022-11-30 11:09:10 - [TEST_STEP][PASSED] - setText(findTestObject("Object Repository/Drive_excel/Page_ToolsQA/input_Name_firstName"), nombre): Text '' is set on object 'Object Repository/Drive_excel/Page_ToolsQA/input_Name_firstName'

2022-11-30 11:09:12 - [MESSAGE][PASSED] - Text '' is set on object 'Object Repository/Drive_excel/Page_ToolsQA/input_Name_firstName'

2022-11-30 11:09:12 - [TEST_STEP][PASSED] - setText(findTestObject("Object Repository/Drive_excel/Page_ToolsQA/input_Name_lastName"), apellido): Text '' is set on object 'Object Repository/Drive_excel/Page_ToolsQA/input_Name_lastName'

2022-11-30 11:09:13 - [MESSAGE][PASSED] - Text '' is set on object 'Object Repository/Drive_excel/Page_ToolsQA/input_Name_lastName'

2022-11-30 11:09:13 - [TEST_STEP][PASSED] - setText(findTestObject("Object Repository/Drive_excel/Page_ToolsQA/input_Email_userEmail"), email): Text '' is set on object 'Object Repository/Drive_excel/Page_ToolsQA/input_Email_userEmail'

2022-11-30 11:09:13 - [MESSAGE][PASSED] - Text '' is set on object 'Object Repository/Drive_excel/Page_ToolsQA/input_Email_userEmail'

2022-11-30 11:09:13 - [TEST_STEP][PASSED] - delay(2): Delayed 2 second(s)

2022-11-30 11:09:15 - [MESSAGE][PASSED] - Delayed 2 second(s)

2022-11-30 11:09:15 - [TEST_STEP][PASSED] - closeBrowser(): Browser is closed

2022-11-30 11:09:17 - [MESSAGE][PASSED] - Browser is closed]]></system-out>
         <system-err><![CDATA[]]></system-err>
      </testcase>
      <system-out><![CDATA[2022-11-30 11:00:17 - [TEST_SUITE][PASSED] - testCLoud: Test Cases/Drive_excel/Drive_excel]]></system-out>
      <system-err><![CDATA[]]></system-err>
   </testsuite>
</testsuites>
